[0.088s] Invoking command in '/home/odroid/ros2_thrust_ws/build/drone_dynamixel_bridge': CMAKE_PREFIX_PATH=/home/odroid/ros2_thrust_ws/install/px4_msgs:/home/odroid/ros2_thrust_ws/install/dynamixel_sdk:/home/odroid/ros2_thrust_ws/install/flightstack:/home/odroid/ros2_thrust_ws/install/drone_dynamixel_bridge:/home/odroid/ros2_thrust_ws/install/dynamixel_sdk_examples:/home/odroid/ros2_thrust_ws/install/dynamixel_sdk_custom_interfaces:/opt/ros/galactic LD_LIBRARY_PATH=/home/odroid/ros2_thrust_ws/install/px4_msgs/lib:/home/odroid/ros2_thrust_ws/install/dynamixel_sdk/lib:/home/odroid/ros2_thrust_ws/install/dynamixel_sdk_custom_interfaces/lib:/opt/ros/galactic/opt/yaml_cpp_vendor/lib:/opt/ros/galactic/lib/aarch64-linux-gnu:/opt/ros/galactic/lib /usr/bin/cmake --build /home/odroid/ros2_thrust_ws/build/drone_dynamixel_bridge -- -j4 -l4
[0.247s] [ 25%] Built target motor_stepup
[0.249s] [ 50%] Built target motor_stepdown
[0.266s] [ 75%] Built target angular_state_logger
[0.295s] [ 87%] [32mBuilding CXX object CMakeFiles/drone_dynamixel_bridge.dir/src/drone_dynamixel_bridge.cpp.o[0m
[74.232s] [100%] [32m[1mLinking CXX executable drone_dynamixel_bridge[0m
[78.412s] [100%] Built target drone_dynamixel_bridge
[78.437s] Invoked command in '/home/odroid/ros2_thrust_ws/build/drone_dynamixel_bridge' returned '0': CMAKE_PREFIX_PATH=/home/odroid/ros2_thrust_ws/install/px4_msgs:/home/odroid/ros2_thrust_ws/install/dynamixel_sdk:/home/odroid/ros2_thrust_ws/install/flightstack:/home/odroid/ros2_thrust_ws/install/drone_dynamixel_bridge:/home/odroid/ros2_thrust_ws/install/dynamixel_sdk_examples:/home/odroid/ros2_thrust_ws/install/dynamixel_sdk_custom_interfaces:/opt/ros/galactic LD_LIBRARY_PATH=/home/odroid/ros2_thrust_ws/install/px4_msgs/lib:/home/odroid/ros2_thrust_ws/install/dynamixel_sdk/lib:/home/odroid/ros2_thrust_ws/install/dynamixel_sdk_custom_interfaces/lib:/opt/ros/galactic/opt/yaml_cpp_vendor/lib:/opt/ros/galactic/lib/aarch64-linux-gnu:/opt/ros/galactic/lib /usr/bin/cmake --build /home/odroid/ros2_thrust_ws/build/drone_dynamixel_bridge -- -j4 -l4
[78.588s] Invoking command in '/home/odroid/ros2_thrust_ws/build/drone_dynamixel_bridge': CMAKE_PREFIX_PATH=/home/odroid/ros2_thrust_ws/install/px4_msgs:/home/odroid/ros2_thrust_ws/install/dynamixel_sdk:/home/odroid/ros2_thrust_ws/install/flightstack:/home/odroid/ros2_thrust_ws/install/drone_dynamixel_bridge:/home/odroid/ros2_thrust_ws/install/dynamixel_sdk_examples:/home/odroid/ros2_thrust_ws/install/dynamixel_sdk_custom_interfaces:/opt/ros/galactic LD_LIBRARY_PATH=/home/odroid/ros2_thrust_ws/install/px4_msgs/lib:/home/odroid/ros2_thrust_ws/install/dynamixel_sdk/lib:/home/odroid/ros2_thrust_ws/install/dynamixel_sdk_custom_interfaces/lib:/opt/ros/galactic/opt/yaml_cpp_vendor/lib:/opt/ros/galactic/lib/aarch64-linux-gnu:/opt/ros/galactic/lib /usr/bin/cmake --install /home/odroid/ros2_thrust_ws/build/drone_dynamixel_bridge
[78.607s] -- Install configuration: ""
[78.609s] -- Execute custom install script
[78.611s] -- Up-to-date symlink: /home/odroid/ros2_thrust_ws/install/drone_dynamixel_bridge/lib/drone_dynamixel_bridge/drone_dynamixel_bridge
[78.613s] -- Up-to-date symlink: /home/odroid/ros2_thrust_ws/install/drone_dynamixel_bridge/lib/drone_dynamixel_bridge/motor_stepup
[78.614s] -- Up-to-date symlink: /home/odroid/ros2_thrust_ws/install/drone_dynamixel_bridge/lib/drone_dynamixel_bridge/motor_stepdown
[78.615s] -- Up-to-date symlink: /home/odroid/ros2_thrust_ws/install/drone_dynamixel_bridge/lib/drone_dynamixel_bridge/angular_state_logger
[78.617s] -- Up-to-date symlink: /home/odroid/ros2_thrust_ws/install/drone_dynamixel_bridge/share/ament_index/resource_index/package_run_dependencies/drone_dynamixel_bridge
[78.618s] -- Up-to-date symlink: /home/odroid/ros2_thrust_ws/install/drone_dynamixel_bridge/share/ament_index/resource_index/parent_prefix_path/drone_dynamixel_bridge
[78.619s] -- Up-to-date symlink: /home/odroid/ros2_thrust_ws/install/drone_dynamixel_bridge/share/drone_dynamixel_bridge/environment/ament_prefix_path.sh
[78.620s] -- Up-to-date symlink: /home/odroid/ros2_thrust_ws/install/drone_dynamixel_bridge/share/drone_dynamixel_bridge/environment/ament_prefix_path.dsv
[78.622s] -- Up-to-date symlink: /home/odroid/ros2_thrust_ws/install/drone_dynamixel_bridge/share/drone_dynamixel_bridge/environment/path.sh
[78.623s] -- Up-to-date symlink: /home/odroid/ros2_thrust_ws/install/drone_dynamixel_bridge/share/drone_dynamixel_bridge/environment/path.dsv
[78.625s] -- Up-to-date symlink: /home/odroid/ros2_thrust_ws/install/drone_dynamixel_bridge/share/drone_dynamixel_bridge/local_setup.bash
[78.626s] -- Up-to-date symlink: /home/odroid/ros2_thrust_ws/install/drone_dynamixel_bridge/share/drone_dynamixel_bridge/local_setup.sh
[78.627s] -- Up-to-date symlink: /home/odroid/ros2_thrust_ws/install/drone_dynamixel_bridge/share/drone_dynamixel_bridge/local_setup.zsh
[78.628s] -- Up-to-date symlink: /home/odroid/ros2_thrust_ws/install/drone_dynamixel_bridge/share/drone_dynamixel_bridge/local_setup.dsv
[78.630s] -- Symlinking: /home/odroid/ros2_thrust_ws/install/drone_dynamixel_bridge/share/drone_dynamixel_bridge/package.dsv
[78.647s] -- Up-to-date symlink: /home/odroid/ros2_thrust_ws/install/drone_dynamixel_bridge/share/ament_index/resource_index/packages/drone_dynamixel_bridge
[78.649s] -- Up-to-date symlink: /home/odroid/ros2_thrust_ws/install/drone_dynamixel_bridge/share/drone_dynamixel_bridge/cmake/drone_dynamixel_bridgeConfig.cmake
[78.650s] -- Up-to-date symlink: /home/odroid/ros2_thrust_ws/install/drone_dynamixel_bridge/share/drone_dynamixel_bridge/cmake/drone_dynamixel_bridgeConfig-version.cmake
[78.651s] -- Up-to-date symlink: /home/odroid/ros2_thrust_ws/install/drone_dynamixel_bridge/share/drone_dynamixel_bridge/package.xml
[78.659s] Invoked command in '/home/odroid/ros2_thrust_ws/build/drone_dynamixel_bridge' returned '0': CMAKE_PREFIX_PATH=/home/odroid/ros2_thrust_ws/install/px4_msgs:/home/odroid/ros2_thrust_ws/install/dynamixel_sdk:/home/odroid/ros2_thrust_ws/install/flightstack:/home/odroid/ros2_thrust_ws/install/drone_dynamixel_bridge:/home/odroid/ros2_thrust_ws/install/dynamixel_sdk_examples:/home/odroid/ros2_thrust_ws/install/dynamixel_sdk_custom_interfaces:/opt/ros/galactic LD_LIBRARY_PATH=/home/odroid/ros2_thrust_ws/install/px4_msgs/lib:/home/odroid/ros2_thrust_ws/install/dynamixel_sdk/lib:/home/odroid/ros2_thrust_ws/install/dynamixel_sdk_custom_interfaces/lib:/opt/ros/galactic/opt/yaml_cpp_vendor/lib:/opt/ros/galactic/lib/aarch64-linux-gnu:/opt/ros/galactic/lib /usr/bin/cmake --install /home/odroid/ros2_thrust_ws/build/drone_dynamixel_bridge
