[0.120s] Invoking command in '/home/odroid/ros2_thrust_ws/build/flightstack': CMAKE_PREFIX_PATH=/home/odroid/ros2_thrust_ws/install/px4_msgs:/home/odroid/ros2_thrust_ws/install/flightstack:/home/odroid/ros2_thrust_ws/install/dynamixel_sdk_examples:/home/odroid/ros2_thrust_ws/install/dynamixel_sdk_custom_interfaces:/home/odroid/ros2_thrust_ws/install/dynamixel_sdk:/home/odroid/ros2_thrust_ws/install/drone_dynamixel_bridge:/opt/ros/galactic /usr/bin/cmake --build /home/odroid/ros2_thrust_ws/build/flightstack -- -j4 -l4
[1.006s] [100%] Built target flightstack
[1.036s] Invoked command in '/home/odroid/ros2_thrust_ws/build/flightstack' returned '0': CMAKE_PREFIX_PATH=/home/odroid/ros2_thrust_ws/install/px4_msgs:/home/odroid/ros2_thrust_ws/install/flightstack:/home/odroid/ros2_thrust_ws/install/dynamixel_sdk_examples:/home/odroid/ros2_thrust_ws/install/dynamixel_sdk_custom_interfaces:/home/odroid/ros2_thrust_ws/install/dynamixel_sdk:/home/odroid/ros2_thrust_ws/install/drone_dynamixel_bridge:/opt/ros/galactic /usr/bin/cmake --build /home/odroid/ros2_thrust_ws/build/flightstack -- -j4 -l4
[1.374s] Invoking command in '/home/odroid/ros2_thrust_ws/build/flightstack': CMAKE_PREFIX_PATH=/home/odroid/ros2_thrust_ws/install/px4_msgs:/home/odroid/ros2_thrust_ws/install/flightstack:/home/odroid/ros2_thrust_ws/install/dynamixel_sdk_examples:/home/odroid/ros2_thrust_ws/install/dynamixel_sdk_custom_interfaces:/home/odroid/ros2_thrust_ws/install/dynamixel_sdk:/home/odroid/ros2_thrust_ws/install/drone_dynamixel_bridge:/opt/ros/galactic /usr/bin/cmake --install /home/odroid/ros2_thrust_ws/build/flightstack
[1.400s] -- Install configuration: ""
[1.401s] -- Up-to-date: /home/odroid/ros2_thrust_ws/install/flightstack/lib/flightstack/flightstack
[1.405s] -- Up-to-date: /home/odroid/ros2_thrust_ws/install/flightstack/share/ament_index/resource_index/package_run_dependencies/flightstack
[1.406s] -- Up-to-date: /home/odroid/ros2_thrust_ws/install/flightstack/share/ament_index/resource_index/parent_prefix_path/flightstack
[1.408s] -- Up-to-date: /home/odroid/ros2_thrust_ws/install/flightstack/share/flightstack/environment/ament_prefix_path.sh
[1.409s] -- Up-to-date: /home/odroid/ros2_thrust_ws/install/flightstack/share/flightstack/environment/ament_prefix_path.dsv
[1.410s] -- Up-to-date: /home/odroid/ros2_thrust_ws/install/flightstack/share/flightstack/environment/path.sh
[1.413s] -- Up-to-date: /home/odroid/ros2_thrust_ws/install/flightstack/share/flightstack/environment/path.dsv
[1.414s] -- Up-to-date: /home/odroid/ros2_thrust_ws/install/flightstack/share/flightstack/local_setup.bash
[1.415s] -- Up-to-date: /home/odroid/ros2_thrust_ws/install/flightstack/share/flightstack/local_setup.sh
[1.417s] -- Up-to-date: /home/odroid/ros2_thrust_ws/install/flightstack/share/flightstack/local_setup.zsh
[1.419s] -- Up-to-date: /home/odroid/ros2_thrust_ws/install/flightstack/share/flightstack/local_setup.dsv
[1.422s] -- Installing: /home/odroid/ros2_thrust_ws/install/flightstack/share/flightstack/package.dsv
[1.424s] -- Up-to-date: /home/odroid/ros2_thrust_ws/install/flightstack/share/ament_index/resource_index/packages/flightstack
[1.443s] -- Up-to-date: /home/odroid/ros2_thrust_ws/install/flightstack/share/flightstack/cmake/flightstackConfig.cmake
[1.444s] -- Up-to-date: /home/odroid/ros2_thrust_ws/install/flightstack/share/flightstack/cmake/flightstackConfig-version.cmake
[1.446s] -- Up-to-date: /home/odroid/ros2_thrust_ws/install/flightstack/share/flightstack/package.xml
[1.450s] Invoked command in '/home/odroid/ros2_thrust_ws/build/flightstack' returned '0': CMAKE_PREFIX_PATH=/home/odroid/ros2_thrust_ws/install/px4_msgs:/home/odroid/ros2_thrust_ws/install/flightstack:/home/odroid/ros2_thrust_ws/install/dynamixel_sdk_examples:/home/odroid/ros2_thrust_ws/install/dynamixel_sdk_custom_interfaces:/home/odroid/ros2_thrust_ws/install/dynamixel_sdk:/home/odroid/ros2_thrust_ws/install/drone_dynamixel_bridge:/opt/ros/galactic /usr/bin/cmake --install /home/odroid/ros2_thrust_ws/build/flightstack
