[0.085s] Invoking command in '/home/odroid/ros2_thrust_ws/build/drone_dynamixel_bridge': CMAKE_PREFIX_PATH=/home/odroid/ros2_thrust_ws/install/px4_msgs:/home/odroid/ros2_thrust_ws/install/dynamixel_sdk:/home/odroid/ros2_thrust_ws/install/flightstack:/home/odroid/ros2_thrust_ws/install/drone_dynamixel_bridge:/home/odroid/ros2_thrust_ws/install/dynamixel_sdk_examples:/home/odroid/ros2_thrust_ws/install/dynamixel_sdk_custom_interfaces:/opt/ros/galactic LD_LIBRARY_PATH=/home/odroid/ros2_thrust_ws/install/px4_msgs/lib:/home/odroid/ros2_thrust_ws/install/dynamixel_sdk/lib:/home/odroid/ros2_thrust_ws/install/dynamixel_sdk_custom_interfaces/lib:/opt/ros/galactic/opt/yaml_cpp_vendor/lib:/opt/ros/galactic/lib/aarch64-linux-gnu:/opt/ros/galactic/lib /usr/bin/cmake --build /home/odroid/ros2_thrust_ws/build/drone_dynamixel_bridge -- -j4 -l4
[0.254s] [ 50%] Built target drone_dynamixel_bridge
[0.276s] [ 75%] [32mBuilding CXX object CMakeFiles/motor_stepup.dir/src/motor_stepup.cpp.o[0m
[33.434s] [100%] [32m[1mLinking CXX executable motor_stepup[0m
[35.167s] [100%] Built target motor_stepup
[35.191s] Invoked command in '/home/odroid/ros2_thrust_ws/build/drone_dynamixel_bridge' returned '0': CMAKE_PREFIX_PATH=/home/odroid/ros2_thrust_ws/install/px4_msgs:/home/odroid/ros2_thrust_ws/install/dynamixel_sdk:/home/odroid/ros2_thrust_ws/install/flightstack:/home/odroid/ros2_thrust_ws/install/drone_dynamixel_bridge:/home/odroid/ros2_thrust_ws/install/dynamixel_sdk_examples:/home/odroid/ros2_thrust_ws/install/dynamixel_sdk_custom_interfaces:/opt/ros/galactic LD_LIBRARY_PATH=/home/odroid/ros2_thrust_ws/install/px4_msgs/lib:/home/odroid/ros2_thrust_ws/install/dynamixel_sdk/lib:/home/odroid/ros2_thrust_ws/install/dynamixel_sdk_custom_interfaces/lib:/opt/ros/galactic/opt/yaml_cpp_vendor/lib:/opt/ros/galactic/lib/aarch64-linux-gnu:/opt/ros/galactic/lib /usr/bin/cmake --build /home/odroid/ros2_thrust_ws/build/drone_dynamixel_bridge -- -j4 -l4
[35.317s] Invoking command in '/home/odroid/ros2_thrust_ws/build/drone_dynamixel_bridge': CMAKE_PREFIX_PATH=/home/odroid/ros2_thrust_ws/install/px4_msgs:/home/odroid/ros2_thrust_ws/install/dynamixel_sdk:/home/odroid/ros2_thrust_ws/install/flightstack:/home/odroid/ros2_thrust_ws/install/drone_dynamixel_bridge:/home/odroid/ros2_thrust_ws/install/dynamixel_sdk_examples:/home/odroid/ros2_thrust_ws/install/dynamixel_sdk_custom_interfaces:/opt/ros/galactic LD_LIBRARY_PATH=/home/odroid/ros2_thrust_ws/install/px4_msgs/lib:/home/odroid/ros2_thrust_ws/install/dynamixel_sdk/lib:/home/odroid/ros2_thrust_ws/install/dynamixel_sdk_custom_interfaces/lib:/opt/ros/galactic/opt/yaml_cpp_vendor/lib:/opt/ros/galactic/lib/aarch64-linux-gnu:/opt/ros/galactic/lib /usr/bin/cmake --install /home/odroid/ros2_thrust_ws/build/drone_dynamixel_bridge
[35.337s] -- Install configuration: ""
[35.339s] -- Execute custom install script
[35.341s] -- Up-to-date symlink: /home/odroid/ros2_thrust_ws/install/drone_dynamixel_bridge/lib/drone_dynamixel_bridge/drone_dynamixel_bridge
[35.342s] -- Up-to-date symlink: /home/odroid/ros2_thrust_ws/install/drone_dynamixel_bridge/lib/drone_dynamixel_bridge/motor_stepup
[35.344s] -- Up-to-date symlink: /home/odroid/ros2_thrust_ws/install/drone_dynamixel_bridge/share/ament_index/resource_index/package_run_dependencies/drone_dynamixel_bridge
[35.345s] -- Up-to-date symlink: /home/odroid/ros2_thrust_ws/install/drone_dynamixel_bridge/share/ament_index/resource_index/parent_prefix_path/drone_dynamixel_bridge
[35.347s] -- Up-to-date symlink: /home/odroid/ros2_thrust_ws/install/drone_dynamixel_bridge/share/drone_dynamixel_bridge/environment/ament_prefix_path.sh
[35.348s] -- Up-to-date symlink: /home/odroid/ros2_thrust_ws/install/drone_dynamixel_bridge/share/drone_dynamixel_bridge/environment/ament_prefix_path.dsv
[35.350s] -- Up-to-date symlink: /home/odroid/ros2_thrust_ws/install/drone_dynamixel_bridge/share/drone_dynamixel_bridge/environment/path.sh
[35.351s] -- Up-to-date symlink: /home/odroid/ros2_thrust_ws/install/drone_dynamixel_bridge/share/drone_dynamixel_bridge/environment/path.dsv
[35.352s] -- Up-to-date symlink: /home/odroid/ros2_thrust_ws/install/drone_dynamixel_bridge/share/drone_dynamixel_bridge/local_setup.bash
[35.354s] -- Up-to-date symlink: /home/odroid/ros2_thrust_ws/install/drone_dynamixel_bridge/share/drone_dynamixel_bridge/local_setup.sh
[35.355s] -- Up-to-date symlink: /home/odroid/ros2_thrust_ws/install/drone_dynamixel_bridge/share/drone_dynamixel_bridge/local_setup.zsh
[35.356s] -- Up-to-date symlink: /home/odroid/ros2_thrust_ws/install/drone_dynamixel_bridge/share/drone_dynamixel_bridge/local_setup.dsv
[35.358s] -- Symlinking: /home/odroid/ros2_thrust_ws/install/drone_dynamixel_bridge/share/drone_dynamixel_bridge/package.dsv
[35.377s] -- Up-to-date symlink: /home/odroid/ros2_thrust_ws/install/drone_dynamixel_bridge/share/ament_index/resource_index/packages/drone_dynamixel_bridge
[35.379s] -- Up-to-date symlink: /home/odroid/ros2_thrust_ws/install/drone_dynamixel_bridge/share/drone_dynamixel_bridge/cmake/drone_dynamixel_bridgeConfig.cmake
[35.381s] -- Up-to-date symlink: /home/odroid/ros2_thrust_ws/install/drone_dynamixel_bridge/share/drone_dynamixel_bridge/cmake/drone_dynamixel_bridgeConfig-version.cmake
[35.382s] -- Up-to-date symlink: /home/odroid/ros2_thrust_ws/install/drone_dynamixel_bridge/share/drone_dynamixel_bridge/package.xml
[35.391s] Invoked command in '/home/odroid/ros2_thrust_ws/build/drone_dynamixel_bridge' returned '0': CMAKE_PREFIX_PATH=/home/odroid/ros2_thrust_ws/install/px4_msgs:/home/odroid/ros2_thrust_ws/install/dynamixel_sdk:/home/odroid/ros2_thrust_ws/install/flightstack:/home/odroid/ros2_thrust_ws/install/drone_dynamixel_bridge:/home/odroid/ros2_thrust_ws/install/dynamixel_sdk_examples:/home/odroid/ros2_thrust_ws/install/dynamixel_sdk_custom_interfaces:/opt/ros/galactic LD_LIBRARY_PATH=/home/odroid/ros2_thrust_ws/install/px4_msgs/lib:/home/odroid/ros2_thrust_ws/install/dynamixel_sdk/lib:/home/odroid/ros2_thrust_ws/install/dynamixel_sdk_custom_interfaces/lib:/opt/ros/galactic/opt/yaml_cpp_vendor/lib:/opt/ros/galactic/lib/aarch64-linux-gnu:/opt/ros/galactic/lib /usr/bin/cmake --install /home/odroid/ros2_thrust_ws/build/drone_dynamixel_bridge
