[0.093s] Invoking command in '/home/odroid/ros2_thrust_ws/build/drone_dynamixel_bridge': CMAKE_PREFIX_PATH=/home/odroid/ros2_thrust_ws/install/px4_msgs:/home/odroid/ros2_thrust_ws/install/dynamixel_sdk:/home/odroid/ros2_thrust_ws/install/flightstack:/home/odroid/ros2_thrust_ws/install/drone_dynamixel_bridge:/home/odroid/ros2_thrust_ws/install/dynamixel_sdk_examples:/home/odroid/ros2_thrust_ws/install/dynamixel_sdk_custom_interfaces:/opt/ros/galactic LD_LIBRARY_PATH=/home/odroid/ros2_thrust_ws/install/px4_msgs/lib:/home/odroid/ros2_thrust_ws/install/dynamixel_sdk/lib:/home/odroid/ros2_thrust_ws/install/dynamixel_sdk_custom_interfaces/lib:/opt/ros/galactic/opt/yaml_cpp_vendor/lib:/opt/ros/galactic/lib/aarch64-linux-gnu:/opt/ros/galactic/lib /usr/bin/cmake --build /home/odroid/ros2_thrust_ws/build/drone_dynamixel_bridge -- -j4 -l4
[0.257s] [ 50%] Built target motor_stepup
[0.259s] [ 50%] Built target motor_stepdown
[0.264s] [ 62%] [32mBuilding CXX object CMakeFiles/drone_dynamixel_bridge.dir/src/drone_dynamixel_bridge.cpp.o[0m
[0.279s] [ 87%] Built target angular_state_logger
[72.849s] [100%] [32m[1mLinking CXX executable drone_dynamixel_bridge[0m
[77.103s] [100%] Built target drone_dynamixel_bridge
[77.129s] Invoked command in '/home/odroid/ros2_thrust_ws/build/drone_dynamixel_bridge' returned '0': CMAKE_PREFIX_PATH=/home/odroid/ros2_thrust_ws/install/px4_msgs:/home/odroid/ros2_thrust_ws/install/dynamixel_sdk:/home/odroid/ros2_thrust_ws/install/flightstack:/home/odroid/ros2_thrust_ws/install/drone_dynamixel_bridge:/home/odroid/ros2_thrust_ws/install/dynamixel_sdk_examples:/home/odroid/ros2_thrust_ws/install/dynamixel_sdk_custom_interfaces:/opt/ros/galactic LD_LIBRARY_PATH=/home/odroid/ros2_thrust_ws/install/px4_msgs/lib:/home/odroid/ros2_thrust_ws/install/dynamixel_sdk/lib:/home/odroid/ros2_thrust_ws/install/dynamixel_sdk_custom_interfaces/lib:/opt/ros/galactic/opt/yaml_cpp_vendor/lib:/opt/ros/galactic/lib/aarch64-linux-gnu:/opt/ros/galactic/lib /usr/bin/cmake --build /home/odroid/ros2_thrust_ws/build/drone_dynamixel_bridge -- -j4 -l4
[77.280s] Invoking command in '/home/odroid/ros2_thrust_ws/build/drone_dynamixel_bridge': CMAKE_PREFIX_PATH=/home/odroid/ros2_thrust_ws/install/px4_msgs:/home/odroid/ros2_thrust_ws/install/dynamixel_sdk:/home/odroid/ros2_thrust_ws/install/flightstack:/home/odroid/ros2_thrust_ws/install/drone_dynamixel_bridge:/home/odroid/ros2_thrust_ws/install/dynamixel_sdk_examples:/home/odroid/ros2_thrust_ws/install/dynamixel_sdk_custom_interfaces:/opt/ros/galactic LD_LIBRARY_PATH=/home/odroid/ros2_thrust_ws/install/px4_msgs/lib:/home/odroid/ros2_thrust_ws/install/dynamixel_sdk/lib:/home/odroid/ros2_thrust_ws/install/dynamixel_sdk_custom_interfaces/lib:/opt/ros/galactic/opt/yaml_cpp_vendor/lib:/opt/ros/galactic/lib/aarch64-linux-gnu:/opt/ros/galactic/lib /usr/bin/cmake --install /home/odroid/ros2_thrust_ws/build/drone_dynamixel_bridge
[77.299s] -- Install configuration: ""
[77.301s] -- Execute custom install script
[77.303s] -- Up-to-date symlink: /home/odroid/ros2_thrust_ws/install/drone_dynamixel_bridge/lib/drone_dynamixel_bridge/drone_dynamixel_bridge
[77.305s] -- Up-to-date symlink: /home/odroid/ros2_thrust_ws/install/drone_dynamixel_bridge/lib/drone_dynamixel_bridge/motor_stepup
[77.306s] -- Up-to-date symlink: /home/odroid/ros2_thrust_ws/install/drone_dynamixel_bridge/lib/drone_dynamixel_bridge/motor_stepdown
[77.307s] -- Up-to-date symlink: /home/odroid/ros2_thrust_ws/install/drone_dynamixel_bridge/lib/drone_dynamixel_bridge/angular_state_logger
[77.309s] -- Up-to-date symlink: /home/odroid/ros2_thrust_ws/install/drone_dynamixel_bridge/share/ament_index/resource_index/package_run_dependencies/drone_dynamixel_bridge
[77.310s] -- Up-to-date symlink: /home/odroid/ros2_thrust_ws/install/drone_dynamixel_bridge/share/ament_index/resource_index/parent_prefix_path/drone_dynamixel_bridge
[77.311s] -- Up-to-date symlink: /home/odroid/ros2_thrust_ws/install/drone_dynamixel_bridge/share/drone_dynamixel_bridge/environment/ament_prefix_path.sh
[77.313s] -- Up-to-date symlink: /home/odroid/ros2_thrust_ws/install/drone_dynamixel_bridge/share/drone_dynamixel_bridge/environment/ament_prefix_path.dsv
[77.314s] -- Up-to-date symlink: /home/odroid/ros2_thrust_ws/install/drone_dynamixel_bridge/share/drone_dynamixel_bridge/environment/path.sh
[77.315s] -- Up-to-date symlink: /home/odroid/ros2_thrust_ws/install/drone_dynamixel_bridge/share/drone_dynamixel_bridge/environment/path.dsv
[77.317s] -- Up-to-date symlink: /home/odroid/ros2_thrust_ws/install/drone_dynamixel_bridge/share/drone_dynamixel_bridge/local_setup.bash
[77.318s] -- Up-to-date symlink: /home/odroid/ros2_thrust_ws/install/drone_dynamixel_bridge/share/drone_dynamixel_bridge/local_setup.sh
[77.319s] -- Up-to-date symlink: /home/odroid/ros2_thrust_ws/install/drone_dynamixel_bridge/share/drone_dynamixel_bridge/local_setup.zsh
[77.321s] -- Up-to-date symlink: /home/odroid/ros2_thrust_ws/install/drone_dynamixel_bridge/share/drone_dynamixel_bridge/local_setup.dsv
[77.322s] -- Symlinking: /home/odroid/ros2_thrust_ws/install/drone_dynamixel_bridge/share/drone_dynamixel_bridge/package.dsv
[77.340s] -- Up-to-date symlink: /home/odroid/ros2_thrust_ws/install/drone_dynamixel_bridge/share/ament_index/resource_index/packages/drone_dynamixel_bridge
[77.342s] -- Up-to-date symlink: /home/odroid/ros2_thrust_ws/install/drone_dynamixel_bridge/share/drone_dynamixel_bridge/cmake/drone_dynamixel_bridgeConfig.cmake
[77.343s] -- Up-to-date symlink: /home/odroid/ros2_thrust_ws/install/drone_dynamixel_bridge/share/drone_dynamixel_bridge/cmake/drone_dynamixel_bridgeConfig-version.cmake
[77.344s] -- Up-to-date symlink: /home/odroid/ros2_thrust_ws/install/drone_dynamixel_bridge/share/drone_dynamixel_bridge/package.xml
[77.353s] Invoked command in '/home/odroid/ros2_thrust_ws/build/drone_dynamixel_bridge' returned '0': CMAKE_PREFIX_PATH=/home/odroid/ros2_thrust_ws/install/px4_msgs:/home/odroid/ros2_thrust_ws/install/dynamixel_sdk:/home/odroid/ros2_thrust_ws/install/flightstack:/home/odroid/ros2_thrust_ws/install/drone_dynamixel_bridge:/home/odroid/ros2_thrust_ws/install/dynamixel_sdk_examples:/home/odroid/ros2_thrust_ws/install/dynamixel_sdk_custom_interfaces:/opt/ros/galactic LD_LIBRARY_PATH=/home/odroid/ros2_thrust_ws/install/px4_msgs/lib:/home/odroid/ros2_thrust_ws/install/dynamixel_sdk/lib:/home/odroid/ros2_thrust_ws/install/dynamixel_sdk_custom_interfaces/lib:/opt/ros/galactic/opt/yaml_cpp_vendor/lib:/opt/ros/galactic/lib/aarch64-linux-gnu:/opt/ros/galactic/lib /usr/bin/cmake --install /home/odroid/ros2_thrust_ws/build/drone_dynamixel_bridge
