[0.097s] Invoking command in '/home/odroid/ros2_thrust_ws/build/flightstack': AMENT_PREFIX_PATH=/home/odroid/ros2_thrust_ws/install/px4_msgs:${AMENT_PREFIX_PATH} CMAKE_PREFIX_PATH=/home/odroid/ros2_thrust_ws/install/px4_msgs:/opt/ros/galactic LD_LIBRARY_PATH=/home/odroid/ros2_thrust_ws/install/px4_msgs/lib:${LD_LIBRARY_PATH} PYTHONPATH=/home/odroid/ros2_thrust_ws/install/px4_msgs/lib/python3.8/site-packages:${PYTHONPATH} /usr/bin/cmake --build /home/odroid/ros2_thrust_ws/build/flightstack -- -j4 -l4
[1.278s] [100%] Built target flightstack
[1.305s] Invoked command in '/home/odroid/ros2_thrust_ws/build/flightstack' returned '0': AMENT_PREFIX_PATH=/home/odroid/ros2_thrust_ws/install/px4_msgs:${AMENT_PREFIX_PATH} CMAKE_PREFIX_PATH=/home/odroid/ros2_thrust_ws/install/px4_msgs:/opt/ros/galactic LD_LIBRARY_PATH=/home/odroid/ros2_thrust_ws/install/px4_msgs/lib:${LD_LIBRARY_PATH} PYTHONPATH=/home/odroid/ros2_thrust_ws/install/px4_msgs/lib/python3.8/site-packages:${PYTHONPATH} /usr/bin/cmake --build /home/odroid/ros2_thrust_ws/build/flightstack -- -j4 -l4
[1.561s] Invoking command in '/home/odroid/ros2_thrust_ws/build/flightstack': AMENT_PREFIX_PATH=/home/odroid/ros2_thrust_ws/install/px4_msgs:${AMENT_PREFIX_PATH} CMAKE_PREFIX_PATH=/home/odroid/ros2_thrust_ws/install/px4_msgs:/opt/ros/galactic LD_LIBRARY_PATH=/home/odroid/ros2_thrust_ws/install/px4_msgs/lib:${LD_LIBRARY_PATH} PYTHONPATH=/home/odroid/ros2_thrust_ws/install/px4_msgs/lib/python3.8/site-packages:${PYTHONPATH} /usr/bin/cmake --install /home/odroid/ros2_thrust_ws/build/flightstack
[1.583s] -- Install configuration: ""
[1.587s] -- Up-to-date: /home/odroid/ros2_thrust_ws/install/flightstack/lib/flightstack/flightstack
[1.590s] -- Up-to-date: /home/odroid/ros2_thrust_ws/install/flightstack/share/ament_index/resource_index/package_run_dependencies/flightstack
[1.593s] -- Up-to-date: /home/odroid/ros2_thrust_ws/install/flightstack/share/ament_index/resource_index/parent_prefix_path/flightstack
[1.595s] -- Up-to-date: /home/odroid/ros2_thrust_ws/install/flightstack/share/flightstack/environment/ament_prefix_path.sh
[1.596s] -- Up-to-date: /home/odroid/ros2_thrust_ws/install/flightstack/share/flightstack/environment/ament_prefix_path.dsv
[1.597s] -- Up-to-date: /home/odroid/ros2_thrust_ws/install/flightstack/share/flightstack/environment/path.sh
[1.598s] -- Up-to-date: /home/odroid/ros2_thrust_ws/install/flightstack/share/flightstack/environment/path.dsv
[1.600s] -- Up-to-date: /home/odroid/ros2_thrust_ws/install/flightstack/share/flightstack/local_setup.bash
[1.601s] -- Up-to-date: /home/odroid/ros2_thrust_ws/install/flightstack/share/flightstack/local_setup.sh
[1.602s] -- Up-to-date: /home/odroid/ros2_thrust_ws/install/flightstack/share/flightstack/local_setup.zsh
[1.603s] -- Up-to-date: /home/odroid/ros2_thrust_ws/install/flightstack/share/flightstack/local_setup.dsv
[1.605s] -- Installing: /home/odroid/ros2_thrust_ws/install/flightstack/share/flightstack/package.dsv
[1.608s] -- Up-to-date: /home/odroid/ros2_thrust_ws/install/flightstack/share/ament_index/resource_index/packages/flightstack
[1.611s] -- Up-to-date: /home/odroid/ros2_thrust_ws/install/flightstack/share/flightstack/cmake/flightstackConfig.cmake
[1.616s] -- Up-to-date: /home/odroid/ros2_thrust_ws/install/flightstack/share/flightstack/cmake/flightstackConfig-version.cmake
[1.617s] -- Up-to-date: /home/odroid/ros2_thrust_ws/install/flightstack/share/flightstack/package.xml
[1.619s] Invoked command in '/home/odroid/ros2_thrust_ws/build/flightstack' returned '0': AMENT_PREFIX_PATH=/home/odroid/ros2_thrust_ws/install/px4_msgs:${AMENT_PREFIX_PATH} CMAKE_PREFIX_PATH=/home/odroid/ros2_thrust_ws/install/px4_msgs:/opt/ros/galactic LD_LIBRARY_PATH=/home/odroid/ros2_thrust_ws/install/px4_msgs/lib:${LD_LIBRARY_PATH} PYTHONPATH=/home/odroid/ros2_thrust_ws/install/px4_msgs/lib/python3.8/site-packages:${PYTHONPATH} /usr/bin/cmake --install /home/odroid/ros2_thrust_ws/build/flightstack
