[0.142s] Invoking command in '/home/odroid/ros2_thrust_ws/build/dynamixel_sdk': CMAKE_PREFIX_PATH=${CMAKE_PREFIX_PATH}:/opt/ros/galactic /usr/bin/cmake --build /home/odroid/ros2_thrust_ws/build/dynamixel_sdk -- -j4 -l4
[0.311s] [100%] Built target dynamixel_sdk
[0.353s] Invoked command in '/home/odroid/ros2_thrust_ws/build/dynamixel_sdk' returned '0': CMAKE_PREFIX_PATH=${CMAKE_PREFIX_PATH}:/opt/ros/galactic /usr/bin/cmake --build /home/odroid/ros2_thrust_ws/build/dynamixel_sdk -- -j4 -l4
[0.639s] Invoking command in '/home/odroid/ros2_thrust_ws/build/dynamixel_sdk': CMAKE_PREFIX_PATH=${CMAKE_PREFIX_PATH}:/opt/ros/galactic /usr/bin/cmake --install /home/odroid/ros2_thrust_ws/build/dynamixel_sdk
[0.664s] -- Install configuration: ""
[0.667s] -- Up-to-date: /home/odroid/ros2_thrust_ws/install/dynamixel_sdk/include/
[0.668s] -- Up-to-date: /home/odroid/ros2_thrust_ws/install/dynamixel_sdk/include//dynamixel_sdk
[0.671s] -- Up-to-date: /home/odroid/ros2_thrust_ws/install/dynamixel_sdk/include//dynamixel_sdk/protocol2_packet_handler.h
[0.674s] -- Up-to-date: /home/odroid/ros2_thrust_ws/install/dynamixel_sdk/include//dynamixel_sdk/group_fast_bulk_read.h
[0.676s] -- Up-to-date: /home/odroid/ros2_thrust_ws/install/dynamixel_sdk/include//dynamixel_sdk/port_handler.h
[0.698s] -- Up-to-date: /home/odroid/ros2_thrust_ws/install/dynamixel_sdk/include//dynamixel_sdk/port_handler_mac.h
[0.699s] -- Up-to-date: /home/odroid/ros2_thrust_ws/install/dynamixel_sdk/include//dynamixel_sdk/group_bulk_read.h
[0.700s] -- Up-to-date: /home/odroid/ros2_thrust_ws/install/dynamixel_sdk/include//dynamixel_sdk/group_sync_read.h
[0.702s] -- Up-to-date: /home/odroid/ros2_thrust_ws/install/dynamixel_sdk/include//dynamixel_sdk/port_handler_linux.h
[0.703s] -- Up-to-date: /home/odroid/ros2_thrust_ws/install/dynamixel_sdk/include//dynamixel_sdk/group_bulk_write.h
[0.704s] -- Up-to-date: /home/odroid/ros2_thrust_ws/install/dynamixel_sdk/include//dynamixel_sdk/port_handler_windows.h
[0.705s] -- Up-to-date: /home/odroid/ros2_thrust_ws/install/dynamixel_sdk/include//dynamixel_sdk/dynamixel_sdk.h
[0.707s] -- Up-to-date: /home/odroid/ros2_thrust_ws/install/dynamixel_sdk/include//dynamixel_sdk/port_handler_arduino.h
[0.718s] -- Up-to-date: /home/odroid/ros2_thrust_ws/install/dynamixel_sdk/include//dynamixel_sdk/group_handler.h
[0.719s] -- Up-to-date: /home/odroid/ros2_thrust_ws/install/dynamixel_sdk/include//dynamixel_sdk/group_sync_write.h
[0.720s] -- Up-to-date: /home/odroid/ros2_thrust_ws/install/dynamixel_sdk/include//dynamixel_sdk/group_fast_sync_read.h
[0.722s] -- Up-to-date: /home/odroid/ros2_thrust_ws/install/dynamixel_sdk/include//dynamixel_sdk/protocol1_packet_handler.h
[0.723s] -- Up-to-date: /home/odroid/ros2_thrust_ws/install/dynamixel_sdk/include//dynamixel_sdk/packet_handler.h
[0.724s] -- Up-to-date: /home/odroid/ros2_thrust_ws/install/dynamixel_sdk/lib/libdynamixel_sdk.so
[0.726s] -- Up-to-date: /home/odroid/ros2_thrust_ws/install/dynamixel_sdk/share/dynamixel_sdk/environment/library_path.sh
[0.730s] -- Up-to-date: /home/odroid/ros2_thrust_ws/install/dynamixel_sdk/share/dynamixel_sdk/environment/library_path.dsv
[0.734s] -- Up-to-date: /home/odroid/ros2_thrust_ws/install/dynamixel_sdk/share/ament_index/resource_index/package_run_dependencies/dynamixel_sdk
[0.739s] -- Up-to-date: /home/odroid/ros2_thrust_ws/install/dynamixel_sdk/share/ament_index/resource_index/parent_prefix_path/dynamixel_sdk
[0.743s] -- Up-to-date: /home/odroid/ros2_thrust_ws/install/dynamixel_sdk/share/dynamixel_sdk/environment/ament_prefix_path.sh
[0.744s] -- Up-to-date: /home/odroid/ros2_thrust_ws/install/dynamixel_sdk/share/dynamixel_sdk/environment/ament_prefix_path.dsv
[0.745s] -- Up-to-date: /home/odroid/ros2_thrust_ws/install/dynamixel_sdk/share/dynamixel_sdk/environment/path.sh
[0.747s] -- Up-to-date: /home/odroid/ros2_thrust_ws/install/dynamixel_sdk/share/dynamixel_sdk/environment/path.dsv
[0.749s] -- Up-to-date: /home/odroid/ros2_thrust_ws/install/dynamixel_sdk/share/dynamixel_sdk/local_setup.bash
[0.752s] -- Up-to-date: /home/odroid/ros2_thrust_ws/install/dynamixel_sdk/share/dynamixel_sdk/local_setup.sh
[0.755s] -- Up-to-date: /home/odroid/ros2_thrust_ws/install/dynamixel_sdk/share/dynamixel_sdk/local_setup.zsh
[0.756s] -- Up-to-date: /home/odroid/ros2_thrust_ws/install/dynamixel_sdk/share/dynamixel_sdk/local_setup.dsv
[0.758s] -- Installing: /home/odroid/ros2_thrust_ws/install/dynamixel_sdk/share/dynamixel_sdk/package.dsv
[0.760s] -- Up-to-date: /home/odroid/ros2_thrust_ws/install/dynamixel_sdk/share/ament_index/resource_index/packages/dynamixel_sdk
[0.762s] -- Up-to-date: /home/odroid/ros2_thrust_ws/install/dynamixel_sdk/share/dynamixel_sdk/cmake/ament_cmake_export_include_directories-extras.cmake
[0.764s] -- Up-to-date: /home/odroid/ros2_thrust_ws/install/dynamixel_sdk/share/dynamixel_sdk/cmake/ament_cmake_export_libraries-extras.cmake
[0.766s] -- Up-to-date: /home/odroid/ros2_thrust_ws/install/dynamixel_sdk/share/dynamixel_sdk/cmake/dynamixel_sdkConfig.cmake
[0.768s] -- Up-to-date: /home/odroid/ros2_thrust_ws/install/dynamixel_sdk/share/dynamixel_sdk/cmake/dynamixel_sdkConfig-version.cmake
[0.769s] -- Up-to-date: /home/odroid/ros2_thrust_ws/install/dynamixel_sdk/share/dynamixel_sdk/package.xml
[0.772s] Invoked command in '/home/odroid/ros2_thrust_ws/build/dynamixel_sdk' returned '0': CMAKE_PREFIX_PATH=${CMAKE_PREFIX_PATH}:/opt/ros/galactic /usr/bin/cmake --install /home/odroid/ros2_thrust_ws/build/dynamixel_sdk
