[0.153s] Invoking command in '/home/odroid/ros2_thrust_ws/build/dynamixel_sdk': CMAKE_PREFIX_PATH=${CMAKE_PREFIX_PATH}:/opt/ros/galactic /usr/bin/cmake /home/odroid/ros2_thrust_ws/src/dynamixel_sdk/ros/dynamixel_sdk -DCMAKE_INSTALL_PREFIX=/home/odroid/ros2_thrust_ws/install/dynamixel_sdk
[0.842s] -- The C compiler identification is GNU 9.4.0
[1.495s] -- The CXX compiler identification is GNU 9.4.0
[1.558s] -- Detecting C compiler ABI info
[2.017s] -- Detecting C compiler ABI info - done
[2.120s] -- Check for working C compiler: /usr/bin/cc - skipped
[2.121s] -- Detecting C compile features
[2.123s] -- Detecting C compile features - done
[2.147s] -- Detecting CXX compiler ABI info
[2.657s] -- Detecting CXX compiler ABI info - done
[2.773s] -- Check for working CXX compiler: /usr/bin/c++ - skipped
[2.774s] -- Detecting CXX compile features
[2.776s] -- Detecting CXX compile features - done
[2.795s] -- Found ament_cmake: 1.1.6 (/opt/ros/galactic/share/ament_cmake/cmake)
[2.816s] [33mCMake Warning (dev) at /opt/ros/galactic/share/ament_cmake_core/cmake/core/python.cmake:22 (find_package):
[2.818s]   Policy CMP0148 is not set: The FindPythonInterp and FindPythonLibs modules
[2.819s]   are removed.  Run "cmake --help-policy CMP0148" for policy details.  Use
[2.820s]   the cmake_policy command to set the policy and suppress this warning.
[2.821s] 
[2.823s] Call Stack (most recent call first):
[2.826s]   /opt/ros/galactic/share/ament_cmake_core/cmake/core/all.cmake:53 (include)
[2.827s]   /opt/ros/galactic/share/ament_cmake_core/cmake/ament_cmake_core-extras.cmake:17 (include)
[2.829s]   /opt/ros/galactic/share/ament_cmake_core/cmake/ament_cmake_coreConfig.cmake:41 (include)
[2.832s]   /opt/ros/galactic/share/ament_cmake/cmake/ament_cmake_export_dependencies-extras.cmake:15 (find_package)
[2.836s]   /opt/ros/galactic/share/ament_cmake/cmake/ament_cmakeConfig.cmake:41 (include)
[2.837s]   CMakeLists.txt:18 (find_package)
[2.839s] This warning is for project developers.  Use -Wno-dev to suppress it.
[2.840s] [0m
[3.024s] -- Found PythonInterp: /usr/bin/python3 (found suitable version "3.8.10", minimum required is "3")
[3.026s] -- Using PYTHON_EXECUTABLE: /usr/bin/python3
[4.375s] -- Configuring done (4.2s)
[4.422s] -- Generating done (0.0s)
[4.425s] -- Build files have been written to: /home/odroid/ros2_thrust_ws/build/dynamixel_sdk
[4.483s] Invoked command in '/home/odroid/ros2_thrust_ws/build/dynamixel_sdk' returned '0': CMAKE_PREFIX_PATH=${CMAKE_PREFIX_PATH}:/opt/ros/galactic /usr/bin/cmake /home/odroid/ros2_thrust_ws/src/dynamixel_sdk/ros/dynamixel_sdk -DCMAKE_INSTALL_PREFIX=/home/odroid/ros2_thrust_ws/install/dynamixel_sdk
[4.504s] Invoking command in '/home/odroid/ros2_thrust_ws/build/dynamixel_sdk': CMAKE_PREFIX_PATH=${CMAKE_PREFIX_PATH}:/opt/ros/galactic /usr/bin/cmake --build /home/odroid/ros2_thrust_ws/build/dynamixel_sdk -- -j4 -l4
[4.651s] [  7%] [32mBuilding CXX object CMakeFiles/dynamixel_sdk.dir/src/dynamixel_sdk/packet_handler.cpp.o[0m
[4.669s] [ 15%] [32mBuilding CXX object CMakeFiles/dynamixel_sdk.dir/src/dynamixel_sdk/protocol1_packet_handler.cpp.o[0m
[4.678s] [ 23%] [32mBuilding CXX object CMakeFiles/dynamixel_sdk.dir/src/dynamixel_sdk/protocol2_packet_handler.cpp.o[0m
[4.697s] [ 30%] [32mBuilding CXX object CMakeFiles/dynamixel_sdk.dir/src/dynamixel_sdk/group_sync_read.cpp.o[0m
[6.234s] [ 38%] [32mBuilding CXX object CMakeFiles/dynamixel_sdk.dir/src/dynamixel_sdk/group_sync_write.cpp.o[0m
[7.435s] [ 46%] [32mBuilding CXX object CMakeFiles/dynamixel_sdk.dir/src/dynamixel_sdk/group_bulk_read.cpp.o[0m
[7.996s] [ 53%] [32mBuilding CXX object CMakeFiles/dynamixel_sdk.dir/src/dynamixel_sdk/group_bulk_write.cpp.o[0m
[11.051s] [01m[K/home/odroid/ros2_thrust_ws/src/dynamixel_sdk/ros/dynamixel_sdk/src/dynamixel_sdk/group_sync_read.cpp:[m[K In member function ‘[01m[Kbool dynamixel::GroupSyncRead::getError(uint8_t, uint8_t*)[m[K’:
[11.053s] [01m[K/home/odroid/ros2_thrust_ws/src/dynamixel_sdk/ros/dynamixel_sdk/src/dynamixel_sdk/group_sync_read.cpp:201:19:[m[K [01;35m[Kwarning: [m[Ksuggest parentheses around assignment used as truth value [[01;35m[K-Wparentheses[m[K]
[11.055s]   201 |   return [01;35m[Kerror[0] = error_list_[id][0][m[K;
[11.057s]       |          [01;35m[K~~~~~~~~~^~~~~~~~~~~~~~~~~~~~[m[K
[14.092s] [ 61%] [32mBuilding CXX object CMakeFiles/dynamixel_sdk.dir/src/dynamixel_sdk/group_fast_bulk_read.cpp.o[0m
[14.823s] [01m[K/home/odroid/ros2_thrust_ws/src/dynamixel_sdk/ros/dynamixel_sdk/src/dynamixel_sdk/group_bulk_read.cpp:[m[K In member function ‘[01m[Kbool dynamixel::GroupBulkRead::getError(uint8_t, uint8_t*)[m[K’:
[14.825s] [01m[K/home/odroid/ros2_thrust_ws/src/dynamixel_sdk/ros/dynamixel_sdk/src/dynamixel_sdk/group_bulk_read.cpp:232:19:[m[K [01;35m[Kwarning: [m[Ksuggest parentheses around assignment used as truth value [[01;35m[K-Wparentheses[m[K]
[14.827s]   232 |   return [01;35m[Kerror[0] = error_list_[id][0][m[K;
[14.830s]       |          [01;35m[K~~~~~~~~~^~~~~~~~~~~~~~~~~~~~[m[K
[15.749s] [ 69%] [32mBuilding CXX object CMakeFiles/dynamixel_sdk.dir/src/dynamixel_sdk/group_fast_sync_read.cpp.o[0m
[18.590s] [ 76%] [32mBuilding CXX object CMakeFiles/dynamixel_sdk.dir/src/dynamixel_sdk/group_handler.cpp.o[0m
[19.586s] [ 84%] [32mBuilding CXX object CMakeFiles/dynamixel_sdk.dir/src/dynamixel_sdk/port_handler.cpp.o[0m
[19.965s] [ 92%] [32mBuilding CXX object CMakeFiles/dynamixel_sdk.dir/src/dynamixel_sdk/port_handler_linux.cpp.o[0m
[24.385s] [100%] [32m[1mLinking CXX shared library libdynamixel_sdk.so[0m
[25.321s] [100%] Built target dynamixel_sdk
