-- Found ament_cmake: 1.1.6 (/opt/ros/galactic/share/ament_cmake/cmake)
[33mCMake Warning (dev) at /opt/ros/galactic/share/ament_cmake_core/cmake/core/python.cmake:22 (find_package):
  Policy CMP0148 is not set: The FindPythonInterp and FindPythonLibs modules
  are removed.  Run "cmake --help-policy CMP0148" for policy details.  Use
  the cmake_policy command to set the policy and suppress this warning.

Call Stack (most recent call first):
  /opt/ros/galactic/share/ament_cmake_core/cmake/core/all.cmake:53 (include)
  /opt/ros/galactic/share/ament_cmake_core/cmake/ament_cmake_core-extras.cmake:17 (include)
  /opt/ros/galactic/share/ament_cmake_core/cmake/ament_cmake_coreConfig.cmake:41 (include)
  /opt/ros/galactic/share/ament_cmake/cmake/ament_cmake_export_dependencies-extras.cmake:15 (find_package)
  /opt/ros/galactic/share/ament_cmake/cmake/ament_cmakeConfig.cmake:41 (include)
  CMakeLists.txt:4 (find_package)
This warning is for project developers.  Use -Wno-dev to suppress it.
[0m
-- Using PYTHON_EXECUTABLE: /usr/bin/python3
-- Found rclcpp: 9.2.2 (/opt/ros/galactic/share/rclcpp/cmake)
-- Using single rosidl_typesupport_c: rosidl_typesupport_introspection_c
-- Found rosidl_adapter: 2.2.3 (/opt/ros/galactic/share/rosidl_adapter/cmake)
-- Using single rosidl_typesupport_cpp: rosidl_typesupport_introspection_cpp
-- Found rmw_implementation_cmake: 3.3.1 (/opt/ros/galactic/share/rmw_implementation_cmake/cmake)
-- Found rmw_cyclonedds_cpp: 0.22.6 (/opt/ros/galactic/share/rmw_cyclonedds_cpp/cmake)
-- Using RMW implementation 'rmw_cyclonedds_cpp' as default
-- Found px4_msgs: 2.0.1 (/home/odroid/ros2_thrust_ws/install/px4_msgs/share/px4_msgs/cmake)
-- Found tf2: 0.17.5 (/opt/ros/galactic/share/tf2/cmake)
-- Found tf2_geometry_msgs: 0.17.5 (/opt/ros/galactic/share/tf2_geometry_msgs/cmake)
-- Found eigen3_cmake_module: 0.1.1 (/opt/ros/galactic/share/eigen3_cmake_module/cmake)
-- Found dynamixel_sdk: 3.8.1 (/home/odroid/ros2_thrust_ws/install/dynamixel_sdk/share/dynamixel_sdk/cmake)
-- Configuring done (5.8s)
-- Generating done (0.1s)
-- Build files have been written to: /home/odroid/ros2_thrust_ws/build/drone_dynamixel_bridge
[ 50%] [32mBuilding CXX object CMakeFiles/drone_dynamixel_bridge.dir/src/drone_dynamixel_bridge.cpp.o[0m
In file included from [01m[K/opt/ros/galactic/include/rclcpp/client.hpp:40[m[K,
                 from [01m[K/opt/ros/galactic/include/rclcpp/callback_group.hpp:23[m[K,
                 from [01m[K/opt/ros/galactic/include/rclcpp/any_executable.hpp:20[m[K,
                 from [01m[K/opt/ros/galactic/include/rclcpp/memory_strategy.hpp:25[m[K,
                 from [01m[K/opt/ros/galactic/include/rclcpp/memory_strategies.hpp:18[m[K,
                 from [01m[K/opt/ros/galactic/include/rclcpp/executor_options.hpp:20[m[K,
                 from [01m[K/opt/ros/galactic/include/rclcpp/executor.hpp:36[m[K,
                 from [01m[K/opt/ros/galactic/include/rclcpp/executors/multi_threaded_executor.hpp:26[m[K,
                 from [01m[K/opt/ros/galactic/include/rclcpp/executors.hpp:21[m[K,
                 from [01m[K/opt/ros/galactic/include/rclcpp/rclcpp.hpp:156[m[K,
                 from [01m[K/home/odroid/ros2_thrust_ws/src/drone_dynamixel_bridge/src/drone_dynamixel_bridge.cpp:1[m[K:
[01m[K/home/odroid/ros2_thrust_ws/src/drone_dynamixel_bridge/src/drone_dynamixel_bridge.cpp:[m[K In member function ‘[01m[Kvoid DroneDynamixelBridgeNode::timer_callback()[m[K’:
[01m[K/home/odroid/ros2_thrust_ws/src/drone_dynamixel_bridge/src/drone_dynamixel_bridge.cpp:243:7:[m[K [01;35m[Kwarning: [m[Kformat ‘[01m[K%f[m[K’ expects argument of type ‘[01m[Kdouble[m[K’, but argument 6 has type ‘[01m[KEigen::Vector3d[m[K’ {aka ‘[01m[KEigen::Matrix<double, 3, 1>[m[K’} [[01;35m[K-Wformat=[m[K]
  243 |       [01;35m[K"Roll torque: %.4f N·m -> reg=%.4f"[m[K, roll_torque, omega_JI_dot);
      |       [01;35m[K^~~~~~~~~~~~~~~~~~~~~~~~~~~~~~~~~~~~[m[K
[01m[K/home/odroid/ros2_thrust_ws/src/drone_dynamixel_bridge/src/drone_dynamixel_bridge.cpp:243:41:[m[K [01;36m[Knote: [m[Kformat string is defined here
  243 |       "Roll torque: %.4f N·m -> reg=[01;36m[K%.4f[m[K", roll_torque, omega_JI_dot);
      |                                      [01;36m[K~~~^[m[K
      |                                         [01;36m[K|[m[K
      |                                         [01;36m[Kdouble[m[K
make[2]: *** [CMakeFiles/drone_dynamixel_bridge.dir/build.make:76: CMakeFiles/drone_dynamixel_bridge.dir/src/drone_dynamixel_bridge.cpp.o] Interrupt
make[1]: *** [CMakeFiles/Makefile2:137: CMakeFiles/drone_dynamixel_bridge.dir/all] Interrupt
make: *** [Makefile:146: all] Interrupt
