[ 50%] [32mBuilding CXX object CMakeFiles/drone_dynamixel_bridge.dir/src/drone_dynamixel_bridge.cpp.o[0m
In file included from [01m[K/opt/ros/galactic/include/rclcpp/client.hpp:40[m[K,
                 from [01m[K/opt/ros/galactic/include/rclcpp/callback_group.hpp:23[m[K,
                 from [01m[K/opt/ros/galactic/include/rclcpp/any_executable.hpp:20[m[K,
                 from [01m[K/opt/ros/galactic/include/rclcpp/memory_strategy.hpp:25[m[K,
                 from [01m[K/opt/ros/galactic/include/rclcpp/memory_strategies.hpp:18[m[K,
                 from [01m[K/opt/ros/galactic/include/rclcpp/executor_options.hpp:20[m[K,
                 from [01m[K/opt/ros/galactic/include/rclcpp/executor.hpp:36[m[K,
                 from [01m[K/opt/ros/galactic/include/rclcpp/executors/multi_threaded_executor.hpp:26[m[K,
                 from [01m[K/opt/ros/galactic/include/rclcpp/executors.hpp:21[m[K,
                 from [01m[K/opt/ros/galactic/include/rclcpp/rclcpp.hpp:156[m[K,
                 from [01m[K/home/odroid/ros2_thrust_ws/src/drone_dynamixel_bridge/src/drone_dynamixel_bridge.cpp:1[m[K:
[01m[K/home/odroid/ros2_thrust_ws/src/drone_dynamixel_bridge/src/drone_dynamixel_bridge.cpp:[m[K In member function ‘[01m[Kvoid DroneDynamixelBridgeNode::timer_callback()[m[K’:
[01m[K/home/odroid/ros2_thrust_ws/src/drone_dynamixel_bridge/src/drone_dynamixel_bridge.cpp:246:7:[m[K [01;35m[Kwarning: [m[Kformat ‘[01m[K%f[m[K’ expects argument of type ‘[01m[Kdouble[m[K’, but argument 5 has type ‘[01m[KEigen::Vector3d[m[K’ {aka ‘[01m[KEigen::Matrix<double, 3, 1>[m[K’} [[01;35m[K-Wformat=[m[K]
  246 |       [01;35m[K"angular_accel: %.4f rad/s^2"[m[K, omega_JI_dot);
      |       [01;35m[K^~~~~~~~~~~~~~~~~~~~~~~~~~~~~[m[K
[01m[K/home/odroid/ros2_thrust_ws/src/drone_dynamixel_bridge/src/drone_dynamixel_bridge.cpp:246:26:[m[K [01;36m[Knote: [m[Kformat string is defined here
  246 |       "angular_accel: [01;36m[K%.4f[m[K rad/s^2", omega_JI_dot);
      |                       [01;36m[K~~~^[m[K
      |                          [01;36m[K|[m[K
      |                          [01;36m[Kdouble[m[K
make[2]: *** wait: No child processes.  Stop.
make[2]: *** Waiting for unfinished jobs....
make[2]: *** wait: No child processes.  Stop.
make[1]: *** wait: No child processes.  Stop.
make[1]: *** Waiting for unfinished jobs....
make[1]: *** wait: No child processes.  Stop.
make: *** [Makefile:146: all] Error 2
