[0.203s] Invoking command in '/home/odroid/ros2_thrust_ws/build/dynamixel_sdk': CMAKE_PREFIX_PATH=${CMAKE_PREFIX_PATH}:/opt/ros/galactic /usr/bin/cmake --build /home/odroid/ros2_thrust_ws/build/dynamixel_sdk -- -j4 -l4
[0.434s] [100%] Built target dynamixel_sdk
[0.492s] Invoked command in '/home/odroid/ros2_thrust_ws/build/dynamixel_sdk' returned '0': CMAKE_PREFIX_PATH=${CMAKE_PREFIX_PATH}:/opt/ros/galactic /usr/bin/cmake --build /home/odroid/ros2_thrust_ws/build/dynamixel_sdk -- -j4 -l4
[0.959s] Invoking command in '/home/odroid/ros2_thrust_ws/build/dynamixel_sdk': CMAKE_PREFIX_PATH=${CMAKE_PREFIX_PATH}:/opt/ros/galactic /usr/bin/cmake --install /home/odroid/ros2_thrust_ws/build/dynamixel_sdk
[1.044s] -- Install configuration: ""
[1.057s] -- Up-to-date: /home/odroid/ros2_thrust_ws/install/dynamixel_sdk/include/
[1.070s] -- Up-to-date: /home/odroid/ros2_thrust_ws/install/dynamixel_sdk/include//dynamixel_sdk
[1.072s] -- Up-to-date: /home/odroid/ros2_thrust_ws/install/dynamixel_sdk/include//dynamixel_sdk/protocol2_packet_handler.h
[1.073s] -- Up-to-date: /home/odroid/ros2_thrust_ws/install/dynamixel_sdk/include//dynamixel_sdk/group_fast_bulk_read.h
[1.074s] -- Up-to-date: /home/odroid/ros2_thrust_ws/install/dynamixel_sdk/include//dynamixel_sdk/port_handler.h
[1.091s] -- Up-to-date: /home/odroid/ros2_thrust_ws/install/dynamixel_sdk/include//dynamixel_sdk/port_handler_mac.h
[1.098s] -- Up-to-date: /home/odroid/ros2_thrust_ws/install/dynamixel_sdk/include//dynamixel_sdk/group_bulk_read.h
[1.104s] -- Up-to-date: /home/odroid/ros2_thrust_ws/install/dynamixel_sdk/include//dynamixel_sdk/group_sync_read.h
[1.107s] -- Up-to-date: /home/odroid/ros2_thrust_ws/install/dynamixel_sdk/include//dynamixel_sdk/port_handler_linux.h
[1.114s] -- Up-to-date: /home/odroid/ros2_thrust_ws/install/dynamixel_sdk/include//dynamixel_sdk/group_bulk_write.h
[1.115s] -- Up-to-date: /home/odroid/ros2_thrust_ws/install/dynamixel_sdk/include//dynamixel_sdk/port_handler_windows.h
[1.121s] -- Up-to-date: /home/odroid/ros2_thrust_ws/install/dynamixel_sdk/include//dynamixel_sdk/dynamixel_sdk.h
[1.122s] -- Up-to-date: /home/odroid/ros2_thrust_ws/install/dynamixel_sdk/include//dynamixel_sdk/port_handler_arduino.h
[1.128s] -- Up-to-date: /home/odroid/ros2_thrust_ws/install/dynamixel_sdk/include//dynamixel_sdk/group_handler.h
[1.130s] -- Up-to-date: /home/odroid/ros2_thrust_ws/install/dynamixel_sdk/include//dynamixel_sdk/group_sync_write.h
[1.132s] -- Up-to-date: /home/odroid/ros2_thrust_ws/install/dynamixel_sdk/include//dynamixel_sdk/group_fast_sync_read.h
[1.142s] -- Up-to-date: /home/odroid/ros2_thrust_ws/install/dynamixel_sdk/include//dynamixel_sdk/protocol1_packet_handler.h
[1.147s] -- Up-to-date: /home/odroid/ros2_thrust_ws/install/dynamixel_sdk/include//dynamixel_sdk/packet_handler.h
[1.150s] -- Up-to-date: /home/odroid/ros2_thrust_ws/install/dynamixel_sdk/lib/libdynamixel_sdk.so
[1.164s] -- Up-to-date: /home/odroid/ros2_thrust_ws/install/dynamixel_sdk/share/dynamixel_sdk/environment/library_path.sh
[1.166s] -- Up-to-date: /home/odroid/ros2_thrust_ws/install/dynamixel_sdk/share/dynamixel_sdk/environment/library_path.dsv
[1.168s] -- Up-to-date: /home/odroid/ros2_thrust_ws/install/dynamixel_sdk/share/ament_index/resource_index/package_run_dependencies/dynamixel_sdk
[1.170s] -- Up-to-date: /home/odroid/ros2_thrust_ws/install/dynamixel_sdk/share/ament_index/resource_index/parent_prefix_path/dynamixel_sdk
[1.172s] -- Up-to-date: /home/odroid/ros2_thrust_ws/install/dynamixel_sdk/share/dynamixel_sdk/environment/ament_prefix_path.sh
[1.174s] -- Up-to-date: /home/odroid/ros2_thrust_ws/install/dynamixel_sdk/share/dynamixel_sdk/environment/ament_prefix_path.dsv
[1.175s] -- Up-to-date: /home/odroid/ros2_thrust_ws/install/dynamixel_sdk/share/dynamixel_sdk/environment/path.sh
[1.176s] -- Up-to-date: /home/odroid/ros2_thrust_ws/install/dynamixel_sdk/share/dynamixel_sdk/environment/path.dsv
[1.177s] -- Up-to-date: /home/odroid/ros2_thrust_ws/install/dynamixel_sdk/share/dynamixel_sdk/local_setup.bash
[1.194s] -- Up-to-date: /home/odroid/ros2_thrust_ws/install/dynamixel_sdk/share/dynamixel_sdk/local_setup.sh
[1.196s] -- Up-to-date: /home/odroid/ros2_thrust_ws/install/dynamixel_sdk/share/dynamixel_sdk/local_setup.zsh
[1.198s] -- Up-to-date: /home/odroid/ros2_thrust_ws/install/dynamixel_sdk/share/dynamixel_sdk/local_setup.dsv
[1.199s] -- Installing: /home/odroid/ros2_thrust_ws/install/dynamixel_sdk/share/dynamixel_sdk/package.dsv
[1.203s] -- Up-to-date: /home/odroid/ros2_thrust_ws/install/dynamixel_sdk/share/ament_index/resource_index/packages/dynamixel_sdk
[1.205s] -- Up-to-date: /home/odroid/ros2_thrust_ws/install/dynamixel_sdk/share/dynamixel_sdk/cmake/ament_cmake_export_include_directories-extras.cmake
[1.206s] -- Up-to-date: /home/odroid/ros2_thrust_ws/install/dynamixel_sdk/share/dynamixel_sdk/cmake/ament_cmake_export_libraries-extras.cmake
[1.207s] -- Up-to-date: /home/odroid/ros2_thrust_ws/install/dynamixel_sdk/share/dynamixel_sdk/cmake/dynamixel_sdkConfig.cmake
[1.209s] -- Up-to-date: /home/odroid/ros2_thrust_ws/install/dynamixel_sdk/share/dynamixel_sdk/cmake/dynamixel_sdkConfig-version.cmake
[1.211s] -- Up-to-date: /home/odroid/ros2_thrust_ws/install/dynamixel_sdk/share/dynamixel_sdk/package.xml
[1.222s] Invoked command in '/home/odroid/ros2_thrust_ws/build/dynamixel_sdk' returned '0': CMAKE_PREFIX_PATH=${CMAKE_PREFIX_PATH}:/opt/ros/galactic /usr/bin/cmake --install /home/odroid/ros2_thrust_ws/build/dynamixel_sdk
