[0.135s] Invoking command in '/home/odroid/ros2_thrust_ws/build/dynamixel_sdk_custom_interfaces': CMAKE_PREFIX_PATH=/opt/ros/galactic /usr/bin/cmake --build /home/odroid/ros2_thrust_ws/build/dynamixel_sdk_custom_interfaces -- -j4 -l4
[0.338s] [  3%] Built target dynamixel_sdk_custom_interfaces__cpp
[0.380s] [ 17%] Built target dynamixel_sdk_custom_interfaces__rosidl_generator_c
[0.421s] [ 31%] Built target dynamixel_sdk_custom_interfaces__rosidl_typesupport_introspection_cpp
[0.460s] [ 44%] Built target dynamixel_sdk_custom_interfaces__rosidl_typesupport_introspection_c
[0.501s] [ 58%] Built target dynamixel_sdk_custom_interfaces__rosidl_typesupport_cpp
[0.528s] [ 72%] Built target dynamixel_sdk_custom_interfaces__rosidl_typesupport_c
[0.578s] [ 72%] Built target dynamixel_sdk_custom_interfaces
[0.636s] [ 75%] Built target dynamixel_sdk_custom_interfaces__py
[0.722s] [ 86%] Built target dynamixel_sdk_custom_interfaces__python
[0.817s] [ 93%] Built target dynamixel_sdk_custom_interfaces__rosidl_typesupport_introspection_c__pyext
[0.821s] [100%] Built target dynamixel_sdk_custom_interfaces__rosidl_typesupport_c__pyext
[0.946s] Invoked command in '/home/odroid/ros2_thrust_ws/build/dynamixel_sdk_custom_interfaces' returned '0': CMAKE_PREFIX_PATH=/opt/ros/galactic /usr/bin/cmake --build /home/odroid/ros2_thrust_ws/build/dynamixel_sdk_custom_interfaces -- -j4 -l4
[1.202s] Invoking command in '/home/odroid/ros2_thrust_ws/build/dynamixel_sdk_custom_interfaces': CMAKE_PREFIX_PATH=/opt/ros/galactic /usr/bin/cmake --install /home/odroid/ros2_thrust_ws/build/dynamixel_sdk_custom_interfaces
[1.220s] -- Install configuration: ""
[1.222s] -- Up-to-date: /home/odroid/ros2_thrust_ws/install/dynamixel_sdk_custom_interfaces/share/ament_index/resource_index/rosidl_interfaces/dynamixel_sdk_custom_interfaces
[1.223s] -- Up-to-date: /home/odroid/ros2_thrust_ws/install/dynamixel_sdk_custom_interfaces/include/dynamixel_sdk_custom_interfaces
[1.225s] -- Up-to-date: /home/odroid/ros2_thrust_ws/install/dynamixel_sdk_custom_interfaces/include/dynamixel_sdk_custom_interfaces/msg
[1.229s] -- Up-to-date: /home/odroid/ros2_thrust_ws/install/dynamixel_sdk_custom_interfaces/include/dynamixel_sdk_custom_interfaces/msg/detail
[1.230s] -- Up-to-date: /home/odroid/ros2_thrust_ws/install/dynamixel_sdk_custom_interfaces/include/dynamixel_sdk_custom_interfaces/msg/detail/set_position__functions.c
[1.231s] -- Up-to-date: /home/odroid/ros2_thrust_ws/install/dynamixel_sdk_custom_interfaces/include/dynamixel_sdk_custom_interfaces/msg/detail/set_position__struct.h
[1.233s] -- Up-to-date: /home/odroid/ros2_thrust_ws/install/dynamixel_sdk_custom_interfaces/include/dynamixel_sdk_custom_interfaces/msg/detail/set_position__functions.h
[1.236s] -- Up-to-date: /home/odroid/ros2_thrust_ws/install/dynamixel_sdk_custom_interfaces/include/dynamixel_sdk_custom_interfaces/msg/detail/set_position__type_support.h
[1.238s] -- Up-to-date: /home/odroid/ros2_thrust_ws/install/dynamixel_sdk_custom_interfaces/include/dynamixel_sdk_custom_interfaces/msg/rosidl_generator_c__visibility_control.h
[1.239s] -- Up-to-date: /home/odroid/ros2_thrust_ws/install/dynamixel_sdk_custom_interfaces/include/dynamixel_sdk_custom_interfaces/msg/set_position.h
[1.241s] -- Up-to-date: /home/odroid/ros2_thrust_ws/install/dynamixel_sdk_custom_interfaces/include/dynamixel_sdk_custom_interfaces/srv
[1.243s] -- Up-to-date: /home/odroid/ros2_thrust_ws/install/dynamixel_sdk_custom_interfaces/include/dynamixel_sdk_custom_interfaces/srv/detail
[1.247s] -- Up-to-date: /home/odroid/ros2_thrust_ws/install/dynamixel_sdk_custom_interfaces/include/dynamixel_sdk_custom_interfaces/srv/detail/get_position__type_support.h
[1.249s] -- Up-to-date: /home/odroid/ros2_thrust_ws/install/dynamixel_sdk_custom_interfaces/include/dynamixel_sdk_custom_interfaces/srv/detail/get_position__functions.c
[1.250s] -- Up-to-date: /home/odroid/ros2_thrust_ws/install/dynamixel_sdk_custom_interfaces/include/dynamixel_sdk_custom_interfaces/srv/detail/get_position__functions.h
[1.251s] -- Up-to-date: /home/odroid/ros2_thrust_ws/install/dynamixel_sdk_custom_interfaces/include/dynamixel_sdk_custom_interfaces/srv/detail/get_position__struct.h
[1.252s] -- Up-to-date: /home/odroid/ros2_thrust_ws/install/dynamixel_sdk_custom_interfaces/include/dynamixel_sdk_custom_interfaces/srv/get_position.h
[1.254s] -- Up-to-date: /home/odroid/ros2_thrust_ws/install/dynamixel_sdk_custom_interfaces/share/dynamixel_sdk_custom_interfaces/environment/library_path.sh
[1.255s] -- Up-to-date: /home/odroid/ros2_thrust_ws/install/dynamixel_sdk_custom_interfaces/share/dynamixel_sdk_custom_interfaces/environment/library_path.dsv
[1.257s] -- Up-to-date: /home/odroid/ros2_thrust_ws/install/dynamixel_sdk_custom_interfaces/lib/libdynamixel_sdk_custom_interfaces__rosidl_generator_c.so
[1.258s] -- Up-to-date: /home/odroid/ros2_thrust_ws/install/dynamixel_sdk_custom_interfaces/include/dynamixel_sdk_custom_interfaces
[1.259s] -- Up-to-date: /home/odroid/ros2_thrust_ws/install/dynamixel_sdk_custom_interfaces/include/dynamixel_sdk_custom_interfaces/msg
[1.260s] -- Up-to-date: /home/odroid/ros2_thrust_ws/install/dynamixel_sdk_custom_interfaces/include/dynamixel_sdk_custom_interfaces/msg/detail
[1.262s] -- Up-to-date: /home/odroid/ros2_thrust_ws/install/dynamixel_sdk_custom_interfaces/include/dynamixel_sdk_custom_interfaces/msg/detail/set_position__type_support.c
[1.263s] -- Up-to-date: /home/odroid/ros2_thrust_ws/install/dynamixel_sdk_custom_interfaces/include/dynamixel_sdk_custom_interfaces/msg/detail/set_position__rosidl_typesupport_introspection_c.h
[1.264s] -- Up-to-date: /home/odroid/ros2_thrust_ws/install/dynamixel_sdk_custom_interfaces/include/dynamixel_sdk_custom_interfaces/msg/rosidl_typesupport_introspection_c__visibility_control.h
[1.265s] -- Up-to-date: /home/odroid/ros2_thrust_ws/install/dynamixel_sdk_custom_interfaces/include/dynamixel_sdk_custom_interfaces/srv
[1.266s] -- Up-to-date: /home/odroid/ros2_thrust_ws/install/dynamixel_sdk_custom_interfaces/include/dynamixel_sdk_custom_interfaces/srv/detail
[1.267s] -- Up-to-date: /home/odroid/ros2_thrust_ws/install/dynamixel_sdk_custom_interfaces/include/dynamixel_sdk_custom_interfaces/srv/detail/get_position__type_support.c
[1.269s] -- Up-to-date: /home/odroid/ros2_thrust_ws/install/dynamixel_sdk_custom_interfaces/include/dynamixel_sdk_custom_interfaces/srv/detail/get_position__rosidl_typesupport_introspection_c.h
[1.270s] -- Up-to-date: /home/odroid/ros2_thrust_ws/install/dynamixel_sdk_custom_interfaces/lib/libdynamixel_sdk_custom_interfaces__rosidl_typesupport_introspection_c.so
[1.271s] -- Up-to-date: /home/odroid/ros2_thrust_ws/install/dynamixel_sdk_custom_interfaces/lib/libdynamixel_sdk_custom_interfaces__rosidl_typesupport_c.so
[1.272s] -- Up-to-date: /home/odroid/ros2_thrust_ws/install/dynamixel_sdk_custom_interfaces/include/dynamixel_sdk_custom_interfaces
[1.273s] -- Up-to-date: /home/odroid/ros2_thrust_ws/install/dynamixel_sdk_custom_interfaces/include/dynamixel_sdk_custom_interfaces/msg
[1.274s] -- Up-to-date: /home/odroid/ros2_thrust_ws/install/dynamixel_sdk_custom_interfaces/include/dynamixel_sdk_custom_interfaces/msg/detail
[1.275s] -- Up-to-date: /home/odroid/ros2_thrust_ws/install/dynamixel_sdk_custom_interfaces/include/dynamixel_sdk_custom_interfaces/msg/detail/set_position__struct.hpp
[1.276s] -- Up-to-date: /home/odroid/ros2_thrust_ws/install/dynamixel_sdk_custom_interfaces/include/dynamixel_sdk_custom_interfaces/msg/detail/set_position__traits.hpp
[1.277s] -- Up-to-date: /home/odroid/ros2_thrust_ws/install/dynamixel_sdk_custom_interfaces/include/dynamixel_sdk_custom_interfaces/msg/detail/set_position__builder.hpp
[1.278s] -- Up-to-date: /home/odroid/ros2_thrust_ws/install/dynamixel_sdk_custom_interfaces/include/dynamixel_sdk_custom_interfaces/msg/set_position.hpp
[1.280s] -- Up-to-date: /home/odroid/ros2_thrust_ws/install/dynamixel_sdk_custom_interfaces/include/dynamixel_sdk_custom_interfaces/srv
[1.281s] -- Up-to-date: /home/odroid/ros2_thrust_ws/install/dynamixel_sdk_custom_interfaces/include/dynamixel_sdk_custom_interfaces/srv/detail
[1.281s] -- Up-to-date: /home/odroid/ros2_thrust_ws/install/dynamixel_sdk_custom_interfaces/include/dynamixel_sdk_custom_interfaces/srv/detail/get_position__traits.hpp
[1.283s] -- Up-to-date: /home/odroid/ros2_thrust_ws/install/dynamixel_sdk_custom_interfaces/include/dynamixel_sdk_custom_interfaces/srv/detail/get_position__builder.hpp
[1.284s] -- Up-to-date: /home/odroid/ros2_thrust_ws/install/dynamixel_sdk_custom_interfaces/include/dynamixel_sdk_custom_interfaces/srv/detail/get_position__struct.hpp
[1.285s] -- Up-to-date: /home/odroid/ros2_thrust_ws/install/dynamixel_sdk_custom_interfaces/include/dynamixel_sdk_custom_interfaces/srv/get_position.hpp
[1.286s] -- Up-to-date: /home/odroid/ros2_thrust_ws/install/dynamixel_sdk_custom_interfaces/include/dynamixel_sdk_custom_interfaces
[1.287s] -- Up-to-date: /home/odroid/ros2_thrust_ws/install/dynamixel_sdk_custom_interfaces/include/dynamixel_sdk_custom_interfaces/msg
[1.288s] -- Up-to-date: /home/odroid/ros2_thrust_ws/install/dynamixel_sdk_custom_interfaces/include/dynamixel_sdk_custom_interfaces/msg/detail
[1.289s] -- Up-to-date: /home/odroid/ros2_thrust_ws/install/dynamixel_sdk_custom_interfaces/include/dynamixel_sdk_custom_interfaces/msg/detail/set_position__rosidl_typesupport_introspection_cpp.hpp
[1.290s] -- Up-to-date: /home/odroid/ros2_thrust_ws/install/dynamixel_sdk_custom_interfaces/include/dynamixel_sdk_custom_interfaces/msg/detail/set_position__type_support.cpp
[1.291s] -- Up-to-date: /home/odroid/ros2_thrust_ws/install/dynamixel_sdk_custom_interfaces/include/dynamixel_sdk_custom_interfaces/srv
[1.293s] -- Up-to-date: /home/odroid/ros2_thrust_ws/install/dynamixel_sdk_custom_interfaces/include/dynamixel_sdk_custom_interfaces/srv/detail
[1.294s] -- Up-to-date: /home/odroid/ros2_thrust_ws/install/dynamixel_sdk_custom_interfaces/include/dynamixel_sdk_custom_interfaces/srv/detail/get_position__type_support.cpp
[1.295s] -- Up-to-date: /home/odroid/ros2_thrust_ws/install/dynamixel_sdk_custom_interfaces/include/dynamixel_sdk_custom_interfaces/srv/detail/get_position__rosidl_typesupport_introspection_cpp.hpp
[1.296s] -- Up-to-date: /home/odroid/ros2_thrust_ws/install/dynamixel_sdk_custom_interfaces/lib/libdynamixel_sdk_custom_interfaces__rosidl_typesupport_introspection_cpp.so
[1.297s] -- Up-to-date: /home/odroid/ros2_thrust_ws/install/dynamixel_sdk_custom_interfaces/lib/libdynamixel_sdk_custom_interfaces__rosidl_typesupport_cpp.so
[1.298s] -- Up-to-date: /home/odroid/ros2_thrust_ws/install/dynamixel_sdk_custom_interfaces/share/dynamixel_sdk_custom_interfaces/environment/pythonpath.sh
[1.299s] -- Up-to-date: /home/odroid/ros2_thrust_ws/install/dynamixel_sdk_custom_interfaces/share/dynamixel_sdk_custom_interfaces/environment/pythonpath.dsv
[1.300s] -- Up-to-date: /home/odroid/ros2_thrust_ws/install/dynamixel_sdk_custom_interfaces/lib/python3.8/site-packages/dynamixel_sdk_custom_interfaces/__init__.py
[1.527s] -- Up-to-date: /home/odroid/ros2_thrust_ws/install/dynamixel_sdk_custom_interfaces/lib/python3.8/site-packages/dynamixel_sdk_custom_interfaces/msg
[1.530s] -- Up-to-date: /home/odroid/ros2_thrust_ws/install/dynamixel_sdk_custom_interfaces/lib/python3.8/site-packages/dynamixel_sdk_custom_interfaces/msg/_set_position_s.c
[1.531s] -- Up-to-date: /home/odroid/ros2_thrust_ws/install/dynamixel_sdk_custom_interfaces/lib/python3.8/site-packages/dynamixel_sdk_custom_interfaces/msg/_set_position.py
[1.532s] -- Up-to-date: /home/odroid/ros2_thrust_ws/install/dynamixel_sdk_custom_interfaces/lib/python3.8/site-packages/dynamixel_sdk_custom_interfaces/msg/__init__.py
[1.533s] -- Up-to-date: /home/odroid/ros2_thrust_ws/install/dynamixel_sdk_custom_interfaces/lib/python3.8/site-packages/dynamixel_sdk_custom_interfaces/srv
[1.534s] -- Up-to-date: /home/odroid/ros2_thrust_ws/install/dynamixel_sdk_custom_interfaces/lib/python3.8/site-packages/dynamixel_sdk_custom_interfaces/srv/_get_position.py
[1.535s] -- Up-to-date: /home/odroid/ros2_thrust_ws/install/dynamixel_sdk_custom_interfaces/lib/python3.8/site-packages/dynamixel_sdk_custom_interfaces/srv/_get_position_s.c
[1.535s] -- Up-to-date: /home/odroid/ros2_thrust_ws/install/dynamixel_sdk_custom_interfaces/lib/python3.8/site-packages/dynamixel_sdk_custom_interfaces/srv/__init__.py
[1.538s] -- Up-to-date: /home/odroid/ros2_thrust_ws/install/dynamixel_sdk_custom_interfaces/lib/python3.8/site-packages/dynamixel_sdk_custom_interfaces/dynamixel_sdk_custom_interfaces_s__rosidl_typesupport_introspection_c.cpython-38-aarch64-linux-gnu.so
[1.542s] -- Up-to-date: /home/odroid/ros2_thrust_ws/install/dynamixel_sdk_custom_interfaces/lib/python3.8/site-packages/dynamixel_sdk_custom_interfaces/dynamixel_sdk_custom_interfaces_s__rosidl_typesupport_c.cpython-38-aarch64-linux-gnu.so
[1.545s] -- Up-to-date: /home/odroid/ros2_thrust_ws/install/dynamixel_sdk_custom_interfaces/lib/libdynamixel_sdk_custom_interfaces__python.so
[1.547s] -- Up-to-date: /home/odroid/ros2_thrust_ws/install/dynamixel_sdk_custom_interfaces/share/dynamixel_sdk_custom_interfaces/msg/SetPosition.idl
[1.548s] -- Up-to-date: /home/odroid/ros2_thrust_ws/install/dynamixel_sdk_custom_interfaces/share/dynamixel_sdk_custom_interfaces/srv/GetPosition.idl
[1.550s] -- Up-to-date: /home/odroid/ros2_thrust_ws/install/dynamixel_sdk_custom_interfaces/share/dynamixel_sdk_custom_interfaces/msg/SetPosition.msg
[1.552s] -- Up-to-date: /home/odroid/ros2_thrust_ws/install/dynamixel_sdk_custom_interfaces/share/dynamixel_sdk_custom_interfaces/srv/GetPosition.srv
[1.553s] -- Up-to-date: /home/odroid/ros2_thrust_ws/install/dynamixel_sdk_custom_interfaces/share/dynamixel_sdk_custom_interfaces/srv/GetPosition_Request.msg
[1.555s] -- Up-to-date: /home/odroid/ros2_thrust_ws/install/dynamixel_sdk_custom_interfaces/share/dynamixel_sdk_custom_interfaces/srv/GetPosition_Response.msg
[1.557s] -- Up-to-date: /home/odroid/ros2_thrust_ws/install/dynamixel_sdk_custom_interfaces/share/ament_index/resource_index/package_run_dependencies/dynamixel_sdk_custom_interfaces
[1.558s] -- Up-to-date: /home/odroid/ros2_thrust_ws/install/dynamixel_sdk_custom_interfaces/share/ament_index/resource_index/parent_prefix_path/dynamixel_sdk_custom_interfaces
[1.559s] -- Up-to-date: /home/odroid/ros2_thrust_ws/install/dynamixel_sdk_custom_interfaces/share/dynamixel_sdk_custom_interfaces/environment/ament_prefix_path.sh
[1.560s] -- Up-to-date: /home/odroid/ros2_thrust_ws/install/dynamixel_sdk_custom_interfaces/share/dynamixel_sdk_custom_interfaces/environment/ament_prefix_path.dsv
[1.561s] -- Up-to-date: /home/odroid/ros2_thrust_ws/install/dynamixel_sdk_custom_interfaces/share/dynamixel_sdk_custom_interfaces/environment/path.sh
[1.562s] -- Up-to-date: /home/odroid/ros2_thrust_ws/install/dynamixel_sdk_custom_interfaces/share/dynamixel_sdk_custom_interfaces/environment/path.dsv
[1.563s] -- Up-to-date: /home/odroid/ros2_thrust_ws/install/dynamixel_sdk_custom_interfaces/share/dynamixel_sdk_custom_interfaces/local_setup.bash
[1.564s] -- Up-to-date: /home/odroid/ros2_thrust_ws/install/dynamixel_sdk_custom_interfaces/share/dynamixel_sdk_custom_interfaces/local_setup.sh
[1.566s] -- Up-to-date: /home/odroid/ros2_thrust_ws/install/dynamixel_sdk_custom_interfaces/share/dynamixel_sdk_custom_interfaces/local_setup.zsh
[1.567s] -- Up-to-date: /home/odroid/ros2_thrust_ws/install/dynamixel_sdk_custom_interfaces/share/dynamixel_sdk_custom_interfaces/local_setup.dsv
[1.569s] -- Installing: /home/odroid/ros2_thrust_ws/install/dynamixel_sdk_custom_interfaces/share/dynamixel_sdk_custom_interfaces/package.dsv
[1.570s] -- Up-to-date: /home/odroid/ros2_thrust_ws/install/dynamixel_sdk_custom_interfaces/share/ament_index/resource_index/packages/dynamixel_sdk_custom_interfaces
[1.571s] -- Up-to-date: /home/odroid/ros2_thrust_ws/install/dynamixel_sdk_custom_interfaces/share/dynamixel_sdk_custom_interfaces/cmake/dynamixel_sdk_custom_interfaces__rosidl_generator_cExport.cmake
[1.572s] -- Up-to-date: /home/odroid/ros2_thrust_ws/install/dynamixel_sdk_custom_interfaces/share/dynamixel_sdk_custom_interfaces/cmake/dynamixel_sdk_custom_interfaces__rosidl_generator_cExport-noconfig.cmake
[1.574s] -- Up-to-date: /home/odroid/ros2_thrust_ws/install/dynamixel_sdk_custom_interfaces/share/dynamixel_sdk_custom_interfaces/cmake/dynamixel_sdk_custom_interfaces__rosidl_typesupport_introspection_cExport.cmake
[1.575s] -- Up-to-date: /home/odroid/ros2_thrust_ws/install/dynamixel_sdk_custom_interfaces/share/dynamixel_sdk_custom_interfaces/cmake/dynamixel_sdk_custom_interfaces__rosidl_typesupport_introspection_cExport-noconfig.cmake
[1.577s] -- Up-to-date: /home/odroid/ros2_thrust_ws/install/dynamixel_sdk_custom_interfaces/share/dynamixel_sdk_custom_interfaces/cmake/dynamixel_sdk_custom_interfaces__rosidl_typesupport_cExport.cmake
[1.579s] -- Up-to-date: /home/odroid/ros2_thrust_ws/install/dynamixel_sdk_custom_interfaces/share/dynamixel_sdk_custom_interfaces/cmake/dynamixel_sdk_custom_interfaces__rosidl_typesupport_cExport-noconfig.cmake
[1.580s] -- Up-to-date: /home/odroid/ros2_thrust_ws/install/dynamixel_sdk_custom_interfaces/share/dynamixel_sdk_custom_interfaces/cmake/dynamixel_sdk_custom_interfaces__rosidl_generator_cppExport.cmake
[1.581s] -- Up-to-date: /home/odroid/ros2_thrust_ws/install/dynamixel_sdk_custom_interfaces/share/dynamixel_sdk_custom_interfaces/cmake/dynamixel_sdk_custom_interfaces__rosidl_typesupport_introspection_cppExport.cmake
[1.582s] -- Up-to-date: /home/odroid/ros2_thrust_ws/install/dynamixel_sdk_custom_interfaces/share/dynamixel_sdk_custom_interfaces/cmake/dynamixel_sdk_custom_interfaces__rosidl_typesupport_introspection_cppExport-noconfig.cmake
[1.584s] -- Up-to-date: /home/odroid/ros2_thrust_ws/install/dynamixel_sdk_custom_interfaces/share/dynamixel_sdk_custom_interfaces/cmake/dynamixel_sdk_custom_interfaces__rosidl_typesupport_cppExport.cmake
[1.585s] -- Up-to-date: /home/odroid/ros2_thrust_ws/install/dynamixel_sdk_custom_interfaces/share/dynamixel_sdk_custom_interfaces/cmake/dynamixel_sdk_custom_interfaces__rosidl_typesupport_cppExport-noconfig.cmake
[1.585s] -- Up-to-date: /home/odroid/ros2_thrust_ws/install/dynamixel_sdk_custom_interfaces/share/dynamixel_sdk_custom_interfaces/cmake/rosidl_cmake-extras.cmake
[1.587s] -- Up-to-date: /home/odroid/ros2_thrust_ws/install/dynamixel_sdk_custom_interfaces/share/dynamixel_sdk_custom_interfaces/cmake/ament_cmake_export_dependencies-extras.cmake
[1.589s] -- Up-to-date: /home/odroid/ros2_thrust_ws/install/dynamixel_sdk_custom_interfaces/share/dynamixel_sdk_custom_interfaces/cmake/ament_cmake_export_libraries-extras.cmake
[1.592s] -- Up-to-date: /home/odroid/ros2_thrust_ws/install/dynamixel_sdk_custom_interfaces/share/dynamixel_sdk_custom_interfaces/cmake/ament_cmake_export_targets-extras.cmake
[1.598s] -- Up-to-date: /home/odroid/ros2_thrust_ws/install/dynamixel_sdk_custom_interfaces/share/dynamixel_sdk_custom_interfaces/cmake/ament_cmake_export_include_directories-extras.cmake
[1.599s] -- Up-to-date: /home/odroid/ros2_thrust_ws/install/dynamixel_sdk_custom_interfaces/share/dynamixel_sdk_custom_interfaces/cmake/rosidl_cmake_export_typesupport_targets-extras.cmake
[1.600s] -- Up-to-date: /home/odroid/ros2_thrust_ws/install/dynamixel_sdk_custom_interfaces/share/dynamixel_sdk_custom_interfaces/cmake/dynamixel_sdk_custom_interfacesConfig.cmake
[1.602s] -- Up-to-date: /home/odroid/ros2_thrust_ws/install/dynamixel_sdk_custom_interfaces/share/dynamixel_sdk_custom_interfaces/cmake/dynamixel_sdk_custom_interfacesConfig-version.cmake
[1.603s] -- Up-to-date: /home/odroid/ros2_thrust_ws/install/dynamixel_sdk_custom_interfaces/share/dynamixel_sdk_custom_interfaces/package.xml
[1.604s] Invoked command in '/home/odroid/ros2_thrust_ws/build/dynamixel_sdk_custom_interfaces' returned '0': CMAKE_PREFIX_PATH=/opt/ros/galactic /usr/bin/cmake --install /home/odroid/ros2_thrust_ws/build/dynamixel_sdk_custom_interfaces
