[0.119s] Invoking command in '/home/odroid/ros2_thrust_ws/build/dynamixel_sdk_examples': CMAKE_PREFIX_PATH=/home/odroid/ros2_thrust_ws/install/dynamixel_sdk_custom_interfaces:/home/odroid/ros2_thrust_ws/install/dynamixel_sdk:/home/odroid/ros2_thrust_ws/install/flightstack:/home/odroid/ros2_thrust_ws/install/px4_msgs:/home/odroid/ros2_thrust_ws/install/dynamixel_sdk_examples:/home/odroid/ros2_thrust_ws/install/drone_dynamixel_bridge:/opt/ros/galactic LD_LIBRARY_PATH=/home/odroid/ros2_thrust_ws/install/dynamixel_sdk_custom_interfaces/lib:/home/odroid/ros2_thrust_ws/install/dynamixel_sdk/lib:/home/odroid/ros2_thrust_ws/install/px4_msgs/lib:/opt/ros/galactic/opt/yaml_cpp_vendor/lib:/opt/ros/galactic/lib/aarch64-linux-gnu:/opt/ros/galactic/lib PYTHONPATH=/home/odroid/ros2_thrust_ws/install/dynamixel_sdk_custom_interfaces/lib/python3.8/site-packages:/home/odroid/ros2_thrust_ws/install/px4_msgs/lib/python3.8/site-packages:/opt/ros/galactic/lib/python3.8/site-packages /usr/bin/cmake --build /home/odroid/ros2_thrust_ws/build/dynamixel_sdk_examples -- -j4 -l4
[0.308s] [100%] Built target read_write_node
[0.335s] Invoked command in '/home/odroid/ros2_thrust_ws/build/dynamixel_sdk_examples' returned '0': CMAKE_PREFIX_PATH=/home/odroid/ros2_thrust_ws/install/dynamixel_sdk_custom_interfaces:/home/odroid/ros2_thrust_ws/install/dynamixel_sdk:/home/odroid/ros2_thrust_ws/install/flightstack:/home/odroid/ros2_thrust_ws/install/px4_msgs:/home/odroid/ros2_thrust_ws/install/dynamixel_sdk_examples:/home/odroid/ros2_thrust_ws/install/drone_dynamixel_bridge:/opt/ros/galactic LD_LIBRARY_PATH=/home/odroid/ros2_thrust_ws/install/dynamixel_sdk_custom_interfaces/lib:/home/odroid/ros2_thrust_ws/install/dynamixel_sdk/lib:/home/odroid/ros2_thrust_ws/install/px4_msgs/lib:/opt/ros/galactic/opt/yaml_cpp_vendor/lib:/opt/ros/galactic/lib/aarch64-linux-gnu:/opt/ros/galactic/lib PYTHONPATH=/home/odroid/ros2_thrust_ws/install/dynamixel_sdk_custom_interfaces/lib/python3.8/site-packages:/home/odroid/ros2_thrust_ws/install/px4_msgs/lib/python3.8/site-packages:/opt/ros/galactic/lib/python3.8/site-packages /usr/bin/cmake --build /home/odroid/ros2_thrust_ws/build/dynamixel_sdk_examples -- -j4 -l4
[0.489s] Invoking command in '/home/odroid/ros2_thrust_ws/build/dynamixel_sdk_examples': CMAKE_PREFIX_PATH=/home/odroid/ros2_thrust_ws/install/dynamixel_sdk_custom_interfaces:/home/odroid/ros2_thrust_ws/install/dynamixel_sdk:/home/odroid/ros2_thrust_ws/install/flightstack:/home/odroid/ros2_thrust_ws/install/px4_msgs:/home/odroid/ros2_thrust_ws/install/dynamixel_sdk_examples:/home/odroid/ros2_thrust_ws/install/drone_dynamixel_bridge:/opt/ros/galactic LD_LIBRARY_PATH=/home/odroid/ros2_thrust_ws/install/dynamixel_sdk_custom_interfaces/lib:/home/odroid/ros2_thrust_ws/install/dynamixel_sdk/lib:/home/odroid/ros2_thrust_ws/install/px4_msgs/lib:/opt/ros/galactic/opt/yaml_cpp_vendor/lib:/opt/ros/galactic/lib/aarch64-linux-gnu:/opt/ros/galactic/lib PYTHONPATH=/home/odroid/ros2_thrust_ws/install/dynamixel_sdk_custom_interfaces/lib/python3.8/site-packages:/home/odroid/ros2_thrust_ws/install/px4_msgs/lib/python3.8/site-packages:/opt/ros/galactic/lib/python3.8/site-packages /usr/bin/cmake --install /home/odroid/ros2_thrust_ws/build/dynamixel_sdk_examples
[0.527s] -- Install configuration: ""
[0.530s] -- Up-to-date: /home/odroid/ros2_thrust_ws/install/dynamixel_sdk_examples/lib/dynamixel_sdk_examples/read_write_node
[0.532s] -- Up-to-date: /home/odroid/ros2_thrust_ws/install/dynamixel_sdk_examples/share/ament_index/resource_index/package_run_dependencies/dynamixel_sdk_examples
[0.533s] -- Up-to-date: /home/odroid/ros2_thrust_ws/install/dynamixel_sdk_examples/share/ament_index/resource_index/parent_prefix_path/dynamixel_sdk_examples
[0.534s] -- Up-to-date: /home/odroid/ros2_thrust_ws/install/dynamixel_sdk_examples/share/dynamixel_sdk_examples/environment/ament_prefix_path.sh
[0.535s] -- Up-to-date: /home/odroid/ros2_thrust_ws/install/dynamixel_sdk_examples/share/dynamixel_sdk_examples/environment/ament_prefix_path.dsv
[0.537s] -- Up-to-date: /home/odroid/ros2_thrust_ws/install/dynamixel_sdk_examples/share/dynamixel_sdk_examples/environment/path.sh
[0.543s] -- Up-to-date: /home/odroid/ros2_thrust_ws/install/dynamixel_sdk_examples/share/dynamixel_sdk_examples/environment/path.dsv
[0.546s] -- Up-to-date: /home/odroid/ros2_thrust_ws/install/dynamixel_sdk_examples/share/dynamixel_sdk_examples/local_setup.bash
[0.560s] -- Up-to-date: /home/odroid/ros2_thrust_ws/install/dynamixel_sdk_examples/share/dynamixel_sdk_examples/local_setup.sh
[0.563s] -- Up-to-date: /home/odroid/ros2_thrust_ws/install/dynamixel_sdk_examples/share/dynamixel_sdk_examples/local_setup.zsh
[0.564s] -- Up-to-date: /home/odroid/ros2_thrust_ws/install/dynamixel_sdk_examples/share/dynamixel_sdk_examples/local_setup.dsv
[0.566s] -- Installing: /home/odroid/ros2_thrust_ws/install/dynamixel_sdk_examples/share/dynamixel_sdk_examples/package.dsv
[0.567s] -- Up-to-date: /home/odroid/ros2_thrust_ws/install/dynamixel_sdk_examples/share/ament_index/resource_index/packages/dynamixel_sdk_examples
[0.568s] -- Up-to-date: /home/odroid/ros2_thrust_ws/install/dynamixel_sdk_examples/share/dynamixel_sdk_examples/cmake/dynamixel_sdk_examplesConfig.cmake
[0.572s] -- Up-to-date: /home/odroid/ros2_thrust_ws/install/dynamixel_sdk_examples/share/dynamixel_sdk_examples/cmake/dynamixel_sdk_examplesConfig-version.cmake
[0.573s] -- Up-to-date: /home/odroid/ros2_thrust_ws/install/dynamixel_sdk_examples/share/dynamixel_sdk_examples/package.xml
[0.577s] Invoked command in '/home/odroid/ros2_thrust_ws/build/dynamixel_sdk_examples' returned '0': CMAKE_PREFIX_PATH=/home/odroid/ros2_thrust_ws/install/dynamixel_sdk_custom_interfaces:/home/odroid/ros2_thrust_ws/install/dynamixel_sdk:/home/odroid/ros2_thrust_ws/install/flightstack:/home/odroid/ros2_thrust_ws/install/px4_msgs:/home/odroid/ros2_thrust_ws/install/dynamixel_sdk_examples:/home/odroid/ros2_thrust_ws/install/drone_dynamixel_bridge:/opt/ros/galactic LD_LIBRARY_PATH=/home/odroid/ros2_thrust_ws/install/dynamixel_sdk_custom_interfaces/lib:/home/odroid/ros2_thrust_ws/install/dynamixel_sdk/lib:/home/odroid/ros2_thrust_ws/install/px4_msgs/lib:/opt/ros/galactic/opt/yaml_cpp_vendor/lib:/opt/ros/galactic/lib/aarch64-linux-gnu:/opt/ros/galactic/lib PYTHONPATH=/home/odroid/ros2_thrust_ws/install/dynamixel_sdk_custom_interfaces/lib/python3.8/site-packages:/home/odroid/ros2_thrust_ws/install/px4_msgs/lib/python3.8/site-packages:/opt/ros/galactic/lib/python3.8/site-packages /usr/bin/cmake --install /home/odroid/ros2_thrust_ws/build/dynamixel_sdk_examples
