[0.183s] Invoking command in '/home/odroid/ros2_thrust_ws/build/dynamixel_sdk': CMAKE_PREFIX_PATH=${CMAKE_PREFIX_PATH}:/opt/ros/galactic /usr/bin/cmake --build /home/odroid/ros2_thrust_ws/build/dynamixel_sdk -- -j4 -l4
[0.359s] [100%] Built target dynamixel_sdk
[0.432s] Invoked command in '/home/odroid/ros2_thrust_ws/build/dynamixel_sdk' returned '0': CMAKE_PREFIX_PATH=${CMAKE_PREFIX_PATH}:/opt/ros/galactic /usr/bin/cmake --build /home/odroid/ros2_thrust_ws/build/dynamixel_sdk -- -j4 -l4
[0.745s] Invoking command in '/home/odroid/ros2_thrust_ws/build/dynamixel_sdk': CMAKE_PREFIX_PATH=${CMAKE_PREFIX_PATH}:/opt/ros/galactic /usr/bin/cmake --install /home/odroid/ros2_thrust_ws/build/dynamixel_sdk
[0.798s] -- Install configuration: ""
[0.807s] -- Up-to-date: /home/odroid/ros2_thrust_ws/install/dynamixel_sdk/include/
[0.808s] -- Up-to-date: /home/odroid/ros2_thrust_ws/install/dynamixel_sdk/include//dynamixel_sdk
[0.809s] -- Up-to-date: /home/odroid/ros2_thrust_ws/install/dynamixel_sdk/include//dynamixel_sdk/protocol2_packet_handler.h
[0.811s] -- Up-to-date: /home/odroid/ros2_thrust_ws/install/dynamixel_sdk/include//dynamixel_sdk/group_fast_bulk_read.h
[0.812s] -- Up-to-date: /home/odroid/ros2_thrust_ws/install/dynamixel_sdk/include//dynamixel_sdk/port_handler.h
[0.814s] -- Up-to-date: /home/odroid/ros2_thrust_ws/install/dynamixel_sdk/include//dynamixel_sdk/port_handler_mac.h
[0.823s] -- Up-to-date: /home/odroid/ros2_thrust_ws/install/dynamixel_sdk/include//dynamixel_sdk/group_bulk_read.h
[0.824s] -- Up-to-date: /home/odroid/ros2_thrust_ws/install/dynamixel_sdk/include//dynamixel_sdk/group_sync_read.h
[0.830s] -- Up-to-date: /home/odroid/ros2_thrust_ws/install/dynamixel_sdk/include//dynamixel_sdk/port_handler_linux.h
[0.832s] -- Up-to-date: /home/odroid/ros2_thrust_ws/install/dynamixel_sdk/include//dynamixel_sdk/group_bulk_write.h
[0.833s] -- Up-to-date: /home/odroid/ros2_thrust_ws/install/dynamixel_sdk/include//dynamixel_sdk/port_handler_windows.h
[0.883s] -- Up-to-date: /home/odroid/ros2_thrust_ws/install/dynamixel_sdk/include//dynamixel_sdk/dynamixel_sdk.h
[0.892s] -- Up-to-date: /home/odroid/ros2_thrust_ws/install/dynamixel_sdk/include//dynamixel_sdk/port_handler_arduino.h
[0.894s] -- Up-to-date: /home/odroid/ros2_thrust_ws/install/dynamixel_sdk/include//dynamixel_sdk/group_handler.h
[0.895s] -- Up-to-date: /home/odroid/ros2_thrust_ws/install/dynamixel_sdk/include//dynamixel_sdk/group_sync_write.h
[0.897s] -- Up-to-date: /home/odroid/ros2_thrust_ws/install/dynamixel_sdk/include//dynamixel_sdk/group_fast_sync_read.h
[0.898s] -- Up-to-date: /home/odroid/ros2_thrust_ws/install/dynamixel_sdk/include//dynamixel_sdk/protocol1_packet_handler.h
[0.900s] -- Up-to-date: /home/odroid/ros2_thrust_ws/install/dynamixel_sdk/include//dynamixel_sdk/packet_handler.h
[0.902s] -- Up-to-date: /home/odroid/ros2_thrust_ws/install/dynamixel_sdk/lib/libdynamixel_sdk.so
[0.903s] -- Up-to-date: /home/odroid/ros2_thrust_ws/install/dynamixel_sdk/share/dynamixel_sdk/environment/library_path.sh
[0.905s] -- Up-to-date: /home/odroid/ros2_thrust_ws/install/dynamixel_sdk/share/dynamixel_sdk/environment/library_path.dsv
[0.907s] -- Up-to-date: /home/odroid/ros2_thrust_ws/install/dynamixel_sdk/share/ament_index/resource_index/package_run_dependencies/dynamixel_sdk
[0.908s] -- Up-to-date: /home/odroid/ros2_thrust_ws/install/dynamixel_sdk/share/ament_index/resource_index/parent_prefix_path/dynamixel_sdk
[0.910s] -- Up-to-date: /home/odroid/ros2_thrust_ws/install/dynamixel_sdk/share/dynamixel_sdk/environment/ament_prefix_path.sh
[0.912s] -- Up-to-date: /home/odroid/ros2_thrust_ws/install/dynamixel_sdk/share/dynamixel_sdk/environment/ament_prefix_path.dsv
[0.915s] -- Up-to-date: /home/odroid/ros2_thrust_ws/install/dynamixel_sdk/share/dynamixel_sdk/environment/path.sh
[0.917s] -- Up-to-date: /home/odroid/ros2_thrust_ws/install/dynamixel_sdk/share/dynamixel_sdk/environment/path.dsv
[0.933s] -- Up-to-date: /home/odroid/ros2_thrust_ws/install/dynamixel_sdk/share/dynamixel_sdk/local_setup.bash
[0.945s] -- Up-to-date: /home/odroid/ros2_thrust_ws/install/dynamixel_sdk/share/dynamixel_sdk/local_setup.sh
[0.949s] -- Up-to-date: /home/odroid/ros2_thrust_ws/install/dynamixel_sdk/share/dynamixel_sdk/local_setup.zsh
[0.954s] -- Up-to-date: /home/odroid/ros2_thrust_ws/install/dynamixel_sdk/share/dynamixel_sdk/local_setup.dsv
[0.958s] -- Installing: /home/odroid/ros2_thrust_ws/install/dynamixel_sdk/share/dynamixel_sdk/package.dsv
[0.960s] -- Up-to-date: /home/odroid/ros2_thrust_ws/install/dynamixel_sdk/share/ament_index/resource_index/packages/dynamixel_sdk
[0.964s] -- Up-to-date: /home/odroid/ros2_thrust_ws/install/dynamixel_sdk/share/dynamixel_sdk/cmake/ament_cmake_export_include_directories-extras.cmake
[0.967s] -- Up-to-date: /home/odroid/ros2_thrust_ws/install/dynamixel_sdk/share/dynamixel_sdk/cmake/ament_cmake_export_libraries-extras.cmake
[0.972s] -- Up-to-date: /home/odroid/ros2_thrust_ws/install/dynamixel_sdk/share/dynamixel_sdk/cmake/dynamixel_sdkConfig.cmake
[0.978s] -- Up-to-date: /home/odroid/ros2_thrust_ws/install/dynamixel_sdk/share/dynamixel_sdk/cmake/dynamixel_sdkConfig-version.cmake
[0.985s] -- Up-to-date: /home/odroid/ros2_thrust_ws/install/dynamixel_sdk/share/dynamixel_sdk/package.xml
[1.154s] Invoked command in '/home/odroid/ros2_thrust_ws/build/dynamixel_sdk' returned '0': CMAKE_PREFIX_PATH=${CMAKE_PREFIX_PATH}:/opt/ros/galactic /usr/bin/cmake --install /home/odroid/ros2_thrust_ws/build/dynamixel_sdk
