[0.199s] Invoking command in '/home/odroid/ros2_thrust_ws/build/dynamixel_sdk_custom_interfaces': CMAKE_PREFIX_PATH=${CMAKE_PREFIX_PATH}:/opt/ros/galactic /usr/bin/cmake --build /home/odroid/ros2_thrust_ws/build/dynamixel_sdk_custom_interfaces -- -j4 -l4
[0.387s] [ 13%] Built target dynamixel_sdk_custom_interfaces__rosidl_generator_c
[0.411s] [ 17%] Built target dynamixel_sdk_custom_interfaces__cpp
[0.561s] [ 31%] Built target dynamixel_sdk_custom_interfaces__rosidl_typesupport_introspection_cpp
[0.578s] [ 44%] Built target dynamixel_sdk_custom_interfaces__rosidl_typesupport_introspection_c
[0.649s] [ 58%] Built target dynamixel_sdk_custom_interfaces__rosidl_typesupport_cpp
[0.678s] [ 72%] Built target dynamixel_sdk_custom_interfaces__rosidl_typesupport_c
[0.737s] [ 72%] Built target dynamixel_sdk_custom_interfaces
[0.826s] [ 75%] Built target dynamixel_sdk_custom_interfaces__py
[0.911s] [ 86%] Built target dynamixel_sdk_custom_interfaces__python
[1.132s] [ 93%] Built target dynamixel_sdk_custom_interfaces__rosidl_typesupport_c__pyext
[1.134s] [100%] Built target dynamixel_sdk_custom_interfaces__rosidl_typesupport_introspection_c__pyext
[1.407s] Invoked command in '/home/odroid/ros2_thrust_ws/build/dynamixel_sdk_custom_interfaces' returned '0': CMAKE_PREFIX_PATH=${CMAKE_PREFIX_PATH}:/opt/ros/galactic /usr/bin/cmake --build /home/odroid/ros2_thrust_ws/build/dynamixel_sdk_custom_interfaces -- -j4 -l4
[1.942s] Invoking command in '/home/odroid/ros2_thrust_ws/build/dynamixel_sdk_custom_interfaces': CMAKE_PREFIX_PATH=${CMAKE_PREFIX_PATH}:/opt/ros/galactic /usr/bin/cmake --install /home/odroid/ros2_thrust_ws/build/dynamixel_sdk_custom_interfaces
[1.989s] -- Install configuration: ""
[1.992s] -- Up-to-date: /home/odroid/ros2_thrust_ws/install/dynamixel_sdk_custom_interfaces/share/ament_index/resource_index/rosidl_interfaces/dynamixel_sdk_custom_interfaces
[1.994s] -- Up-to-date: /home/odroid/ros2_thrust_ws/install/dynamixel_sdk_custom_interfaces/include/dynamixel_sdk_custom_interfaces
[1.998s] -- Up-to-date: /home/odroid/ros2_thrust_ws/install/dynamixel_sdk_custom_interfaces/include/dynamixel_sdk_custom_interfaces/msg
[2.000s] -- Up-to-date: /home/odroid/ros2_thrust_ws/install/dynamixel_sdk_custom_interfaces/include/dynamixel_sdk_custom_interfaces/msg/detail
[2.001s] -- Up-to-date: /home/odroid/ros2_thrust_ws/install/dynamixel_sdk_custom_interfaces/include/dynamixel_sdk_custom_interfaces/msg/detail/set_position__functions.c
[2.002s] -- Up-to-date: /home/odroid/ros2_thrust_ws/install/dynamixel_sdk_custom_interfaces/include/dynamixel_sdk_custom_interfaces/msg/detail/set_position__struct.h
[2.004s] -- Up-to-date: /home/odroid/ros2_thrust_ws/install/dynamixel_sdk_custom_interfaces/include/dynamixel_sdk_custom_interfaces/msg/detail/set_position__functions.h
[2.005s] -- Up-to-date: /home/odroid/ros2_thrust_ws/install/dynamixel_sdk_custom_interfaces/include/dynamixel_sdk_custom_interfaces/msg/detail/set_position__type_support.h
[2.008s] -- Up-to-date: /home/odroid/ros2_thrust_ws/install/dynamixel_sdk_custom_interfaces/include/dynamixel_sdk_custom_interfaces/msg/rosidl_generator_c__visibility_control.h
[2.010s] -- Up-to-date: /home/odroid/ros2_thrust_ws/install/dynamixel_sdk_custom_interfaces/include/dynamixel_sdk_custom_interfaces/msg/set_position.h
[2.012s] -- Up-to-date: /home/odroid/ros2_thrust_ws/install/dynamixel_sdk_custom_interfaces/include/dynamixel_sdk_custom_interfaces/srv
[2.014s] -- Up-to-date: /home/odroid/ros2_thrust_ws/install/dynamixel_sdk_custom_interfaces/include/dynamixel_sdk_custom_interfaces/srv/detail
[2.016s] -- Up-to-date: /home/odroid/ros2_thrust_ws/install/dynamixel_sdk_custom_interfaces/include/dynamixel_sdk_custom_interfaces/srv/detail/get_position__type_support.h
[2.017s] -- Up-to-date: /home/odroid/ros2_thrust_ws/install/dynamixel_sdk_custom_interfaces/include/dynamixel_sdk_custom_interfaces/srv/detail/get_position__functions.c
[2.018s] -- Up-to-date: /home/odroid/ros2_thrust_ws/install/dynamixel_sdk_custom_interfaces/include/dynamixel_sdk_custom_interfaces/srv/detail/get_position__functions.h
[2.020s] -- Up-to-date: /home/odroid/ros2_thrust_ws/install/dynamixel_sdk_custom_interfaces/include/dynamixel_sdk_custom_interfaces/srv/detail/get_position__struct.h
[2.021s] -- Up-to-date: /home/odroid/ros2_thrust_ws/install/dynamixel_sdk_custom_interfaces/include/dynamixel_sdk_custom_interfaces/srv/get_position.h
[2.022s] -- Up-to-date: /home/odroid/ros2_thrust_ws/install/dynamixel_sdk_custom_interfaces/share/dynamixel_sdk_custom_interfaces/environment/library_path.sh
[2.024s] -- Up-to-date: /home/odroid/ros2_thrust_ws/install/dynamixel_sdk_custom_interfaces/share/dynamixel_sdk_custom_interfaces/environment/library_path.dsv
[2.025s] -- Up-to-date: /home/odroid/ros2_thrust_ws/install/dynamixel_sdk_custom_interfaces/lib/libdynamixel_sdk_custom_interfaces__rosidl_generator_c.so
[2.026s] -- Up-to-date: /home/odroid/ros2_thrust_ws/install/dynamixel_sdk_custom_interfaces/include/dynamixel_sdk_custom_interfaces
[2.035s] -- Up-to-date: /home/odroid/ros2_thrust_ws/install/dynamixel_sdk_custom_interfaces/include/dynamixel_sdk_custom_interfaces/msg
[2.037s] -- Up-to-date: /home/odroid/ros2_thrust_ws/install/dynamixel_sdk_custom_interfaces/include/dynamixel_sdk_custom_interfaces/msg/detail
[2.038s] -- Up-to-date: /home/odroid/ros2_thrust_ws/install/dynamixel_sdk_custom_interfaces/include/dynamixel_sdk_custom_interfaces/msg/detail/set_position__type_support.c
[2.040s] -- Up-to-date: /home/odroid/ros2_thrust_ws/install/dynamixel_sdk_custom_interfaces/include/dynamixel_sdk_custom_interfaces/msg/detail/set_position__rosidl_typesupport_introspection_c.h
[2.041s] -- Up-to-date: /home/odroid/ros2_thrust_ws/install/dynamixel_sdk_custom_interfaces/include/dynamixel_sdk_custom_interfaces/msg/rosidl_typesupport_introspection_c__visibility_control.h
[2.043s] -- Up-to-date: /home/odroid/ros2_thrust_ws/install/dynamixel_sdk_custom_interfaces/include/dynamixel_sdk_custom_interfaces/srv
[2.044s] -- Up-to-date: /home/odroid/ros2_thrust_ws/install/dynamixel_sdk_custom_interfaces/include/dynamixel_sdk_custom_interfaces/srv/detail
[2.045s] -- Up-to-date: /home/odroid/ros2_thrust_ws/install/dynamixel_sdk_custom_interfaces/include/dynamixel_sdk_custom_interfaces/srv/detail/get_position__type_support.c
[2.047s] -- Up-to-date: /home/odroid/ros2_thrust_ws/install/dynamixel_sdk_custom_interfaces/include/dynamixel_sdk_custom_interfaces/srv/detail/get_position__rosidl_typesupport_introspection_c.h
[2.048s] -- Up-to-date: /home/odroid/ros2_thrust_ws/install/dynamixel_sdk_custom_interfaces/lib/libdynamixel_sdk_custom_interfaces__rosidl_typesupport_introspection_c.so
[2.049s] -- Up-to-date: /home/odroid/ros2_thrust_ws/install/dynamixel_sdk_custom_interfaces/lib/libdynamixel_sdk_custom_interfaces__rosidl_typesupport_c.so
[2.051s] -- Up-to-date: /home/odroid/ros2_thrust_ws/install/dynamixel_sdk_custom_interfaces/include/dynamixel_sdk_custom_interfaces
[2.052s] -- Up-to-date: /home/odroid/ros2_thrust_ws/install/dynamixel_sdk_custom_interfaces/include/dynamixel_sdk_custom_interfaces/msg
[2.054s] -- Up-to-date: /home/odroid/ros2_thrust_ws/install/dynamixel_sdk_custom_interfaces/include/dynamixel_sdk_custom_interfaces/msg/detail
[2.055s] -- Up-to-date: /home/odroid/ros2_thrust_ws/install/dynamixel_sdk_custom_interfaces/include/dynamixel_sdk_custom_interfaces/msg/detail/set_position__struct.hpp
[2.056s] -- Up-to-date: /home/odroid/ros2_thrust_ws/install/dynamixel_sdk_custom_interfaces/include/dynamixel_sdk_custom_interfaces/msg/detail/set_position__traits.hpp
[2.058s] -- Up-to-date: /home/odroid/ros2_thrust_ws/install/dynamixel_sdk_custom_interfaces/include/dynamixel_sdk_custom_interfaces/msg/detail/set_position__builder.hpp
[2.059s] -- Up-to-date: /home/odroid/ros2_thrust_ws/install/dynamixel_sdk_custom_interfaces/include/dynamixel_sdk_custom_interfaces/msg/set_position.hpp
[2.061s] -- Up-to-date: /home/odroid/ros2_thrust_ws/install/dynamixel_sdk_custom_interfaces/include/dynamixel_sdk_custom_interfaces/srv
[2.063s] -- Up-to-date: /home/odroid/ros2_thrust_ws/install/dynamixel_sdk_custom_interfaces/include/dynamixel_sdk_custom_interfaces/srv/detail
[2.064s] -- Up-to-date: /home/odroid/ros2_thrust_ws/install/dynamixel_sdk_custom_interfaces/include/dynamixel_sdk_custom_interfaces/srv/detail/get_position__traits.hpp
[2.066s] -- Up-to-date: /home/odroid/ros2_thrust_ws/install/dynamixel_sdk_custom_interfaces/include/dynamixel_sdk_custom_interfaces/srv/detail/get_position__builder.hpp
[2.067s] -- Up-to-date: /home/odroid/ros2_thrust_ws/install/dynamixel_sdk_custom_interfaces/include/dynamixel_sdk_custom_interfaces/srv/detail/get_position__struct.hpp
[2.068s] -- Up-to-date: /home/odroid/ros2_thrust_ws/install/dynamixel_sdk_custom_interfaces/include/dynamixel_sdk_custom_interfaces/srv/get_position.hpp
[2.070s] -- Up-to-date: /home/odroid/ros2_thrust_ws/install/dynamixel_sdk_custom_interfaces/include/dynamixel_sdk_custom_interfaces
[2.071s] -- Up-to-date: /home/odroid/ros2_thrust_ws/install/dynamixel_sdk_custom_interfaces/include/dynamixel_sdk_custom_interfaces/msg
[2.073s] -- Up-to-date: /home/odroid/ros2_thrust_ws/install/dynamixel_sdk_custom_interfaces/include/dynamixel_sdk_custom_interfaces/msg/detail
[2.074s] -- Up-to-date: /home/odroid/ros2_thrust_ws/install/dynamixel_sdk_custom_interfaces/include/dynamixel_sdk_custom_interfaces/msg/detail/set_position__rosidl_typesupport_introspection_cpp.hpp
[2.076s] -- Up-to-date: /home/odroid/ros2_thrust_ws/install/dynamixel_sdk_custom_interfaces/include/dynamixel_sdk_custom_interfaces/msg/detail/set_position__type_support.cpp
[2.077s] -- Up-to-date: /home/odroid/ros2_thrust_ws/install/dynamixel_sdk_custom_interfaces/include/dynamixel_sdk_custom_interfaces/srv
[2.079s] -- Up-to-date: /home/odroid/ros2_thrust_ws/install/dynamixel_sdk_custom_interfaces/include/dynamixel_sdk_custom_interfaces/srv/detail
[2.080s] -- Up-to-date: /home/odroid/ros2_thrust_ws/install/dynamixel_sdk_custom_interfaces/include/dynamixel_sdk_custom_interfaces/srv/detail/get_position__type_support.cpp
[2.081s] -- Up-to-date: /home/odroid/ros2_thrust_ws/install/dynamixel_sdk_custom_interfaces/include/dynamixel_sdk_custom_interfaces/srv/detail/get_position__rosidl_typesupport_introspection_cpp.hpp
[2.083s] -- Up-to-date: /home/odroid/ros2_thrust_ws/install/dynamixel_sdk_custom_interfaces/lib/libdynamixel_sdk_custom_interfaces__rosidl_typesupport_introspection_cpp.so
[2.084s] -- Up-to-date: /home/odroid/ros2_thrust_ws/install/dynamixel_sdk_custom_interfaces/lib/libdynamixel_sdk_custom_interfaces__rosidl_typesupport_cpp.so
[2.086s] -- Up-to-date: /home/odroid/ros2_thrust_ws/install/dynamixel_sdk_custom_interfaces/share/dynamixel_sdk_custom_interfaces/environment/pythonpath.sh
[2.088s] -- Up-to-date: /home/odroid/ros2_thrust_ws/install/dynamixel_sdk_custom_interfaces/share/dynamixel_sdk_custom_interfaces/environment/pythonpath.dsv
[2.089s] -- Up-to-date: /home/odroid/ros2_thrust_ws/install/dynamixel_sdk_custom_interfaces/lib/python3.8/site-packages/dynamixel_sdk_custom_interfaces/__init__.py
[2.434s] -- Up-to-date: /home/odroid/ros2_thrust_ws/install/dynamixel_sdk_custom_interfaces/lib/python3.8/site-packages/dynamixel_sdk_custom_interfaces/msg
[2.435s] -- Up-to-date: /home/odroid/ros2_thrust_ws/install/dynamixel_sdk_custom_interfaces/lib/python3.8/site-packages/dynamixel_sdk_custom_interfaces/msg/_set_position_s.c
[2.437s] -- Up-to-date: /home/odroid/ros2_thrust_ws/install/dynamixel_sdk_custom_interfaces/lib/python3.8/site-packages/dynamixel_sdk_custom_interfaces/msg/_set_position.py
[2.438s] -- Up-to-date: /home/odroid/ros2_thrust_ws/install/dynamixel_sdk_custom_interfaces/lib/python3.8/site-packages/dynamixel_sdk_custom_interfaces/msg/__init__.py
[2.442s] -- Up-to-date: /home/odroid/ros2_thrust_ws/install/dynamixel_sdk_custom_interfaces/lib/python3.8/site-packages/dynamixel_sdk_custom_interfaces/srv
[2.446s] -- Up-to-date: /home/odroid/ros2_thrust_ws/install/dynamixel_sdk_custom_interfaces/lib/python3.8/site-packages/dynamixel_sdk_custom_interfaces/srv/_get_position.py
[2.449s] -- Up-to-date: /home/odroid/ros2_thrust_ws/install/dynamixel_sdk_custom_interfaces/lib/python3.8/site-packages/dynamixel_sdk_custom_interfaces/srv/_get_position_s.c
[2.454s] -- Up-to-date: /home/odroid/ros2_thrust_ws/install/dynamixel_sdk_custom_interfaces/lib/python3.8/site-packages/dynamixel_sdk_custom_interfaces/srv/__init__.py
[2.456s] -- Up-to-date: /home/odroid/ros2_thrust_ws/install/dynamixel_sdk_custom_interfaces/lib/python3.8/site-packages/dynamixel_sdk_custom_interfaces/dynamixel_sdk_custom_interfaces_s__rosidl_typesupport_introspection_c.cpython-38-aarch64-linux-gnu.so
[2.460s] -- Up-to-date: /home/odroid/ros2_thrust_ws/install/dynamixel_sdk_custom_interfaces/lib/python3.8/site-packages/dynamixel_sdk_custom_interfaces/dynamixel_sdk_custom_interfaces_s__rosidl_typesupport_c.cpython-38-aarch64-linux-gnu.so
[2.463s] -- Up-to-date: /home/odroid/ros2_thrust_ws/install/dynamixel_sdk_custom_interfaces/lib/libdynamixel_sdk_custom_interfaces__python.so
[2.465s] -- Up-to-date: /home/odroid/ros2_thrust_ws/install/dynamixel_sdk_custom_interfaces/share/dynamixel_sdk_custom_interfaces/msg/SetPosition.idl
[2.468s] -- Up-to-date: /home/odroid/ros2_thrust_ws/install/dynamixel_sdk_custom_interfaces/share/dynamixel_sdk_custom_interfaces/srv/GetPosition.idl
[2.473s] -- Up-to-date: /home/odroid/ros2_thrust_ws/install/dynamixel_sdk_custom_interfaces/share/dynamixel_sdk_custom_interfaces/msg/SetPosition.msg
[2.476s] -- Up-to-date: /home/odroid/ros2_thrust_ws/install/dynamixel_sdk_custom_interfaces/share/dynamixel_sdk_custom_interfaces/srv/GetPosition.srv
[2.478s] -- Up-to-date: /home/odroid/ros2_thrust_ws/install/dynamixel_sdk_custom_interfaces/share/dynamixel_sdk_custom_interfaces/srv/GetPosition_Request.msg
[2.479s] -- Up-to-date: /home/odroid/ros2_thrust_ws/install/dynamixel_sdk_custom_interfaces/share/dynamixel_sdk_custom_interfaces/srv/GetPosition_Response.msg
[2.482s] -- Up-to-date: /home/odroid/ros2_thrust_ws/install/dynamixel_sdk_custom_interfaces/share/ament_index/resource_index/package_run_dependencies/dynamixel_sdk_custom_interfaces
[2.498s] -- Up-to-date: /home/odroid/ros2_thrust_ws/install/dynamixel_sdk_custom_interfaces/share/ament_index/resource_index/parent_prefix_path/dynamixel_sdk_custom_interfaces
[2.500s] -- Up-to-date: /home/odroid/ros2_thrust_ws/install/dynamixel_sdk_custom_interfaces/share/dynamixel_sdk_custom_interfaces/environment/ament_prefix_path.sh
[2.509s] -- Up-to-date: /home/odroid/ros2_thrust_ws/install/dynamixel_sdk_custom_interfaces/share/dynamixel_sdk_custom_interfaces/environment/ament_prefix_path.dsv
[2.511s] -- Up-to-date: /home/odroid/ros2_thrust_ws/install/dynamixel_sdk_custom_interfaces/share/dynamixel_sdk_custom_interfaces/environment/path.sh
[2.515s] -- Up-to-date: /home/odroid/ros2_thrust_ws/install/dynamixel_sdk_custom_interfaces/share/dynamixel_sdk_custom_interfaces/environment/path.dsv
[2.516s] -- Up-to-date: /home/odroid/ros2_thrust_ws/install/dynamixel_sdk_custom_interfaces/share/dynamixel_sdk_custom_interfaces/local_setup.bash
[2.518s] -- Up-to-date: /home/odroid/ros2_thrust_ws/install/dynamixel_sdk_custom_interfaces/share/dynamixel_sdk_custom_interfaces/local_setup.sh
[2.519s] -- Up-to-date: /home/odroid/ros2_thrust_ws/install/dynamixel_sdk_custom_interfaces/share/dynamixel_sdk_custom_interfaces/local_setup.zsh
[2.521s] -- Up-to-date: /home/odroid/ros2_thrust_ws/install/dynamixel_sdk_custom_interfaces/share/dynamixel_sdk_custom_interfaces/local_setup.dsv
[2.522s] -- Installing: /home/odroid/ros2_thrust_ws/install/dynamixel_sdk_custom_interfaces/share/dynamixel_sdk_custom_interfaces/package.dsv
[2.524s] -- Up-to-date: /home/odroid/ros2_thrust_ws/install/dynamixel_sdk_custom_interfaces/share/ament_index/resource_index/packages/dynamixel_sdk_custom_interfaces
[2.525s] -- Up-to-date: /home/odroid/ros2_thrust_ws/install/dynamixel_sdk_custom_interfaces/share/dynamixel_sdk_custom_interfaces/cmake/dynamixel_sdk_custom_interfaces__rosidl_generator_cExport.cmake
[2.527s] -- Up-to-date: /home/odroid/ros2_thrust_ws/install/dynamixel_sdk_custom_interfaces/share/dynamixel_sdk_custom_interfaces/cmake/dynamixel_sdk_custom_interfaces__rosidl_generator_cExport-noconfig.cmake
[2.528s] -- Up-to-date: /home/odroid/ros2_thrust_ws/install/dynamixel_sdk_custom_interfaces/share/dynamixel_sdk_custom_interfaces/cmake/dynamixel_sdk_custom_interfaces__rosidl_typesupport_introspection_cExport.cmake
[2.529s] -- Up-to-date: /home/odroid/ros2_thrust_ws/install/dynamixel_sdk_custom_interfaces/share/dynamixel_sdk_custom_interfaces/cmake/dynamixel_sdk_custom_interfaces__rosidl_typesupport_introspection_cExport-noconfig.cmake
[2.531s] -- Up-to-date: /home/odroid/ros2_thrust_ws/install/dynamixel_sdk_custom_interfaces/share/dynamixel_sdk_custom_interfaces/cmake/dynamixel_sdk_custom_interfaces__rosidl_typesupport_cExport.cmake
[2.544s] -- Up-to-date: /home/odroid/ros2_thrust_ws/install/dynamixel_sdk_custom_interfaces/share/dynamixel_sdk_custom_interfaces/cmake/dynamixel_sdk_custom_interfaces__rosidl_typesupport_cExport-noconfig.cmake
[2.545s] -- Up-to-date: /home/odroid/ros2_thrust_ws/install/dynamixel_sdk_custom_interfaces/share/dynamixel_sdk_custom_interfaces/cmake/dynamixel_sdk_custom_interfaces__rosidl_generator_cppExport.cmake
[2.547s] -- Up-to-date: /home/odroid/ros2_thrust_ws/install/dynamixel_sdk_custom_interfaces/share/dynamixel_sdk_custom_interfaces/cmake/dynamixel_sdk_custom_interfaces__rosidl_typesupport_introspection_cppExport.cmake
[2.548s] -- Up-to-date: /home/odroid/ros2_thrust_ws/install/dynamixel_sdk_custom_interfaces/share/dynamixel_sdk_custom_interfaces/cmake/dynamixel_sdk_custom_interfaces__rosidl_typesupport_introspection_cppExport-noconfig.cmake
[2.549s] -- Up-to-date: /home/odroid/ros2_thrust_ws/install/dynamixel_sdk_custom_interfaces/share/dynamixel_sdk_custom_interfaces/cmake/dynamixel_sdk_custom_interfaces__rosidl_typesupport_cppExport.cmake
[2.552s] -- Up-to-date: /home/odroid/ros2_thrust_ws/install/dynamixel_sdk_custom_interfaces/share/dynamixel_sdk_custom_interfaces/cmake/dynamixel_sdk_custom_interfaces__rosidl_typesupport_cppExport-noconfig.cmake
[2.553s] -- Up-to-date: /home/odroid/ros2_thrust_ws/install/dynamixel_sdk_custom_interfaces/share/dynamixel_sdk_custom_interfaces/cmake/rosidl_cmake-extras.cmake
[2.554s] -- Up-to-date: /home/odroid/ros2_thrust_ws/install/dynamixel_sdk_custom_interfaces/share/dynamixel_sdk_custom_interfaces/cmake/ament_cmake_export_dependencies-extras.cmake
[2.556s] -- Up-to-date: /home/odroid/ros2_thrust_ws/install/dynamixel_sdk_custom_interfaces/share/dynamixel_sdk_custom_interfaces/cmake/ament_cmake_export_libraries-extras.cmake
[2.557s] -- Up-to-date: /home/odroid/ros2_thrust_ws/install/dynamixel_sdk_custom_interfaces/share/dynamixel_sdk_custom_interfaces/cmake/ament_cmake_export_targets-extras.cmake
[2.559s] -- Up-to-date: /home/odroid/ros2_thrust_ws/install/dynamixel_sdk_custom_interfaces/share/dynamixel_sdk_custom_interfaces/cmake/ament_cmake_export_include_directories-extras.cmake
[2.563s] -- Up-to-date: /home/odroid/ros2_thrust_ws/install/dynamixel_sdk_custom_interfaces/share/dynamixel_sdk_custom_interfaces/cmake/rosidl_cmake_export_typesupport_targets-extras.cmake
[2.565s] -- Up-to-date: /home/odroid/ros2_thrust_ws/install/dynamixel_sdk_custom_interfaces/share/dynamixel_sdk_custom_interfaces/cmake/dynamixel_sdk_custom_interfacesConfig.cmake
[2.566s] -- Up-to-date: /home/odroid/ros2_thrust_ws/install/dynamixel_sdk_custom_interfaces/share/dynamixel_sdk_custom_interfaces/cmake/dynamixel_sdk_custom_interfacesConfig-version.cmake
[2.568s] -- Up-to-date: /home/odroid/ros2_thrust_ws/install/dynamixel_sdk_custom_interfaces/share/dynamixel_sdk_custom_interfaces/package.xml
[2.570s] Invoked command in '/home/odroid/ros2_thrust_ws/build/dynamixel_sdk_custom_interfaces' returned '0': CMAKE_PREFIX_PATH=${CMAKE_PREFIX_PATH}:/opt/ros/galactic /usr/bin/cmake --install /home/odroid/ros2_thrust_ws/build/dynamixel_sdk_custom_interfaces
