[0.107s] Invoking command in '/home/odroid/ros2_thrust_ws/build/dynamixel_sdk_examples': CMAKE_PREFIX_PATH=/home/odroid/ros2_thrust_ws/install/dynamixel_sdk_custom_interfaces:/home/odroid/ros2_thrust_ws/install/dynamixel_sdk:/home/odroid/ros2_thrust_ws/install/flightstack:/home/odroid/ros2_thrust_ws/install/px4_msgs:/home/odroid/ros2_thrust_ws/install/dynamixel_sdk_examples:/home/odroid/ros2_thrust_ws/install/drone_dynamixel_bridge:/opt/ros/galactic LD_LIBRARY_PATH=/home/odroid/ros2_thrust_ws/install/dynamixel_sdk_custom_interfaces/lib:/home/odroid/ros2_thrust_ws/install/dynamixel_sdk/lib:/home/odroid/ros2_thrust_ws/install/px4_msgs/lib:/opt/ros/galactic/opt/yaml_cpp_vendor/lib:/opt/ros/galactic/lib/aarch64-linux-gnu:/opt/ros/galactic/lib PYTHONPATH=/home/odroid/ros2_thrust_ws/install/dynamixel_sdk_custom_interfaces/lib/python3.8/site-packages:/home/odroid/ros2_thrust_ws/install/px4_msgs/lib/python3.8/site-packages:/opt/ros/galactic/lib/python3.8/site-packages /usr/bin/cmake --build /home/odroid/ros2_thrust_ws/build/dynamixel_sdk_examples -- -j4 -l4
[0.274s] [100%] Built target read_write_node
[0.304s] Invoked command in '/home/odroid/ros2_thrust_ws/build/dynamixel_sdk_examples' returned '0': CMAKE_PREFIX_PATH=/home/odroid/ros2_thrust_ws/install/dynamixel_sdk_custom_interfaces:/home/odroid/ros2_thrust_ws/install/dynamixel_sdk:/home/odroid/ros2_thrust_ws/install/flightstack:/home/odroid/ros2_thrust_ws/install/px4_msgs:/home/odroid/ros2_thrust_ws/install/dynamixel_sdk_examples:/home/odroid/ros2_thrust_ws/install/drone_dynamixel_bridge:/opt/ros/galactic LD_LIBRARY_PATH=/home/odroid/ros2_thrust_ws/install/dynamixel_sdk_custom_interfaces/lib:/home/odroid/ros2_thrust_ws/install/dynamixel_sdk/lib:/home/odroid/ros2_thrust_ws/install/px4_msgs/lib:/opt/ros/galactic/opt/yaml_cpp_vendor/lib:/opt/ros/galactic/lib/aarch64-linux-gnu:/opt/ros/galactic/lib PYTHONPATH=/home/odroid/ros2_thrust_ws/install/dynamixel_sdk_custom_interfaces/lib/python3.8/site-packages:/home/odroid/ros2_thrust_ws/install/px4_msgs/lib/python3.8/site-packages:/opt/ros/galactic/lib/python3.8/site-packages /usr/bin/cmake --build /home/odroid/ros2_thrust_ws/build/dynamixel_sdk_examples -- -j4 -l4
[0.433s] Invoking command in '/home/odroid/ros2_thrust_ws/build/dynamixel_sdk_examples': CMAKE_PREFIX_PATH=/home/odroid/ros2_thrust_ws/install/dynamixel_sdk_custom_interfaces:/home/odroid/ros2_thrust_ws/install/dynamixel_sdk:/home/odroid/ros2_thrust_ws/install/flightstack:/home/odroid/ros2_thrust_ws/install/px4_msgs:/home/odroid/ros2_thrust_ws/install/dynamixel_sdk_examples:/home/odroid/ros2_thrust_ws/install/drone_dynamixel_bridge:/opt/ros/galactic LD_LIBRARY_PATH=/home/odroid/ros2_thrust_ws/install/dynamixel_sdk_custom_interfaces/lib:/home/odroid/ros2_thrust_ws/install/dynamixel_sdk/lib:/home/odroid/ros2_thrust_ws/install/px4_msgs/lib:/opt/ros/galactic/opt/yaml_cpp_vendor/lib:/opt/ros/galactic/lib/aarch64-linux-gnu:/opt/ros/galactic/lib PYTHONPATH=/home/odroid/ros2_thrust_ws/install/dynamixel_sdk_custom_interfaces/lib/python3.8/site-packages:/home/odroid/ros2_thrust_ws/install/px4_msgs/lib/python3.8/site-packages:/opt/ros/galactic/lib/python3.8/site-packages /usr/bin/cmake --install /home/odroid/ros2_thrust_ws/build/dynamixel_sdk_examples
[0.457s] -- Install configuration: ""
[0.463s] -- Up-to-date: /home/odroid/ros2_thrust_ws/install/dynamixel_sdk_examples/lib/dynamixel_sdk_examples/read_write_node
[0.466s] -- Up-to-date: /home/odroid/ros2_thrust_ws/install/dynamixel_sdk_examples/share/ament_index/resource_index/package_run_dependencies/dynamixel_sdk_examples
[0.472s] -- Up-to-date: /home/odroid/ros2_thrust_ws/install/dynamixel_sdk_examples/share/ament_index/resource_index/parent_prefix_path/dynamixel_sdk_examples
[0.474s] -- Up-to-date: /home/odroid/ros2_thrust_ws/install/dynamixel_sdk_examples/share/dynamixel_sdk_examples/environment/ament_prefix_path.sh
[0.475s] -- Up-to-date: /home/odroid/ros2_thrust_ws/install/dynamixel_sdk_examples/share/dynamixel_sdk_examples/environment/ament_prefix_path.dsv
[0.476s] -- Up-to-date: /home/odroid/ros2_thrust_ws/install/dynamixel_sdk_examples/share/dynamixel_sdk_examples/environment/path.sh
[0.478s] -- Up-to-date: /home/odroid/ros2_thrust_ws/install/dynamixel_sdk_examples/share/dynamixel_sdk_examples/environment/path.dsv
[0.479s] -- Up-to-date: /home/odroid/ros2_thrust_ws/install/dynamixel_sdk_examples/share/dynamixel_sdk_examples/local_setup.bash
[0.480s] -- Up-to-date: /home/odroid/ros2_thrust_ws/install/dynamixel_sdk_examples/share/dynamixel_sdk_examples/local_setup.sh
[0.483s] -- Up-to-date: /home/odroid/ros2_thrust_ws/install/dynamixel_sdk_examples/share/dynamixel_sdk_examples/local_setup.zsh
[0.484s] -- Up-to-date: /home/odroid/ros2_thrust_ws/install/dynamixel_sdk_examples/share/dynamixel_sdk_examples/local_setup.dsv
[0.489s] -- Installing: /home/odroid/ros2_thrust_ws/install/dynamixel_sdk_examples/share/dynamixel_sdk_examples/package.dsv
[0.492s] -- Up-to-date: /home/odroid/ros2_thrust_ws/install/dynamixel_sdk_examples/share/ament_index/resource_index/packages/dynamixel_sdk_examples
[0.500s] -- Up-to-date: /home/odroid/ros2_thrust_ws/install/dynamixel_sdk_examples/share/dynamixel_sdk_examples/cmake/dynamixel_sdk_examplesConfig.cmake
[0.502s] -- Up-to-date: /home/odroid/ros2_thrust_ws/install/dynamixel_sdk_examples/share/dynamixel_sdk_examples/cmake/dynamixel_sdk_examplesConfig-version.cmake
[0.504s] -- Up-to-date: /home/odroid/ros2_thrust_ws/install/dynamixel_sdk_examples/share/dynamixel_sdk_examples/package.xml
[0.507s] Invoked command in '/home/odroid/ros2_thrust_ws/build/dynamixel_sdk_examples' returned '0': CMAKE_PREFIX_PATH=/home/odroid/ros2_thrust_ws/install/dynamixel_sdk_custom_interfaces:/home/odroid/ros2_thrust_ws/install/dynamixel_sdk:/home/odroid/ros2_thrust_ws/install/flightstack:/home/odroid/ros2_thrust_ws/install/px4_msgs:/home/odroid/ros2_thrust_ws/install/dynamixel_sdk_examples:/home/odroid/ros2_thrust_ws/install/drone_dynamixel_bridge:/opt/ros/galactic LD_LIBRARY_PATH=/home/odroid/ros2_thrust_ws/install/dynamixel_sdk_custom_interfaces/lib:/home/odroid/ros2_thrust_ws/install/dynamixel_sdk/lib:/home/odroid/ros2_thrust_ws/install/px4_msgs/lib:/opt/ros/galactic/opt/yaml_cpp_vendor/lib:/opt/ros/galactic/lib/aarch64-linux-gnu:/opt/ros/galactic/lib PYTHONPATH=/home/odroid/ros2_thrust_ws/install/dynamixel_sdk_custom_interfaces/lib/python3.8/site-packages:/home/odroid/ros2_thrust_ws/install/px4_msgs/lib/python3.8/site-packages:/opt/ros/galactic/lib/python3.8/site-packages /usr/bin/cmake --install /home/odroid/ros2_thrust_ws/build/dynamixel_sdk_examples
