-- The C compiler identification is GNU 9.4.0
-- The CXX compiler identification is GNU 9.4.0
-- Detecting C compiler ABI info
-- Detecting C compiler ABI info - done
-- Check for working C compiler: /usr/bin/cc - skipped
-- Detecting C compile features
-- Detecting C compile features - done
-- Detecting CXX compiler ABI info
-- Detecting CXX compiler ABI info - done
-- Check for working CXX compiler: /usr/bin/c++ - skipped
-- Detecting CXX compile features
-- Detecting CXX compile features - done
-- Found ament_cmake: 1.1.6 (/opt/ros/galactic/share/ament_cmake/cmake)
-- Found PythonInterp: /usr/bin/python3 (found suitable version "3.8.10", minimum required is "3")
-- Using PYTHON_EXECUTABLE: /usr/bin/python3
-- Found rclcpp: 9.2.2 (/opt/ros/galactic/share/rclcpp/cmake)
-- Using single rosidl_typesupport_c: rosidl_typesupport_introspection_c
-- Found rosidl_adapter: 2.2.3 (/opt/ros/galactic/share/rosidl_adapter/cmake)
-- Using single rosidl_typesupport_cpp: rosidl_typesupport_introspection_cpp
-- Found rmw_implementation_cmake: 3.3.1 (/opt/ros/galactic/share/rmw_implementation_cmake/cmake)
-- Found rmw_cyclonedds_cpp: 0.22.6 (/opt/ros/galactic/share/rmw_cyclonedds_cpp/cmake)
-- Using RMW implementation 'rmw_cyclonedds_cpp' as default
-- Performing Test CMAKE_HAVE_LIBC_PTHREAD
-- Performing Test CMAKE_HAVE_LIBC_PTHREAD - Failed
-- Looking for pthread_create in pthreads
-- Looking for pthread_create in pthreads - not found
-- Looking for pthread_create in pthread
-- Looking for pthread_create in pthread - found
-- Found Threads: TRUE
-- Found px4_msgs: 2.0.1 (/home/odroid/ros2_thrust_ws/install/px4_msgs/share/px4_msgs/cmake)
-- Found Boost: /usr/local/lib/cmake/Boost-1.86.0/BoostConfig.cmake (found version "1.86.0") found components: log log_setup
-- Found lifecycle_msgs: 1.0.3 (/opt/ros/galactic/share/lifecycle_msgs/cmake)
-- Found rclcpp_lifecycle: 9.2.2 (/opt/ros/galactic/share/rclcpp_lifecycle/cmake)
-- Found ament_lint_auto: 0.10.7 (/opt/ros/galactic/share/ament_lint_auto/cmake)
-- Added test 'copyright' to check source files copyright and LICENSE
-- Added test 'cppcheck' to perform static code analysis on C / C++ code
-- Configured cppcheck include dirs: /home/odroid/ros2_thrust_ws/src/ACSL-flightstack/include/eigen;/home/odroid/ros2_thrust_ws/src/ACSL-flightstack/include/flightstack;/home/odroid/ros2_thrust_ws/src/ACSL-flightstack/include/flightstack/config;/home/odroid/ros2_thrust_ws/src/ACSL-flightstack/include/flightstack/control;/home/odroid/ros2_thrust_ws/src/ACSL-flightstack/include/flightstack/control/mrac;/home/odroid/ros2_thrust_ws/src/ACSL-flightstack/include/flightstack/control/pid;/home/odroid/ros2_thrust_ws/src/ACSL-flightstack/include/flightstack/logging;/home/odroid/ros2_thrust_ws/src/ACSL-flightstack/include/flightstack/mocap;/home/odroid/ros2_thrust_ws/src/ACSL-flightstack/include/flightstack/pixhawk_interface;/home/odroid/ros2_thrust_ws/src/ACSL-flightstack/include/flightstack/user_defined_trajectory;/home/odroid/ros2_thrust_ws/src/ACSL-flightstack/include/flightstack/utils;/home/odroid/ros2_thrust_ws/src/ACSL-flightstack/include/json/include
-- Configured cppcheck exclude dirs and/or files: 
-- Added test 'cpplint' to check C / C++ code against the Google style
-- Configured cpplint exclude dirs and/or files: 
-- Added test 'flake8' to check Python code syntax and style conventions
-- Added test 'lint_cmake' to check CMake code style
-- Added test 'pep257' to check Python code against some of the style conventions in PEP 257
-- Added test 'uncrustify' to check C / C++ code style
-- Configured uncrustify additional arguments: 
-- Added test 'xmllint' to check XML markup files
-- Configuring done (62.3s)
-- Generating done (0.1s)
-- Build files have been written to: /home/odroid/ros2_thrust_ws/build/flightstack
[  4%] [32mBuilding CXX object CMakeFiles/flightstack.dir/src/config/config.cpp.o[0m
[  9%] [32mBuilding CXX object CMakeFiles/flightstack.dir/src/control/control_callback.cpp.o[0m
[ 18%] [32mBuilding CXX object CMakeFiles/flightstack.dir/src/control/control.cpp.o[0m
[ 18%] [32mBuilding CXX object CMakeFiles/flightstack.dir/src/control/mrac/logging_mrac.cpp.o[0m
[ 22%] [32mBuilding CXX object CMakeFiles/flightstack.dir/src/control/mrac/mrac.cpp.o[0m
[ 27%] [32mBuilding CXX object CMakeFiles/flightstack.dir/src/control/pid/logging_pid.cpp.o[0m
[ 31%] [32mBuilding CXX object CMakeFiles/flightstack.dir/src/control/pid/pid.cpp.o[0m
[ 36%] [32mBuilding CXX object CMakeFiles/flightstack.dir/src/logging/logging_mocap.cpp.o[0m
[ 40%] [32mBuilding CXX object CMakeFiles/flightstack.dir/src/mocap/io_context.cpp.o[0m
[ 45%] [32mBuilding CXX object CMakeFiles/flightstack.dir/src/main.cpp.o[0m
[ 50%] [32mBuilding CXX object CMakeFiles/flightstack.dir/src/mocap/mocap.cpp.o[0m
[ 54%] [32mBuilding CXX object CMakeFiles/flightstack.dir/src/mocap/udp_driver.cpp.o[0m
[ 59%] [32mBuilding CXX object CMakeFiles/flightstack.dir/src/mocap/udp_socket.cpp.o[0m
[ 63%] [32mBuilding CXX object CMakeFiles/flightstack.dir/src/multi_threaded_node.cpp.o[0m
[ 68%] [32mBuilding CXX object CMakeFiles/flightstack.dir/src/pixhawk_interface/pixhawk_actuator_motors.cpp.o[0m
[ 72%] [32mBuilding CXX object CMakeFiles/flightstack.dir/src/pixhawk_interface/pixhawk_vehicle_odometry.cpp.o[0m
[ 77%] [32mBuilding CXX object CMakeFiles/flightstack.dir/src/pixhawk_interface/vehicle_state.cpp.o[0m
[ 81%] [32mBuilding CXX object CMakeFiles/flightstack.dir/src/user_defined_trajectory/piecewise_polynomial_trajectory.cpp.o[0m
[ 86%] [32mBuilding CXX object CMakeFiles/flightstack.dir/src/user_defined_trajectory/user_defined_trajectory.cpp.o[0m
[ 90%] [32mBuilding CXX object CMakeFiles/flightstack.dir/src/utils/continuous_lyapunov_equation.cpp.o[0m
[ 95%] [32mBuilding CXX object CMakeFiles/flightstack.dir/src/utils/json_parser.cpp.o[0m
[100%] [32m[1mLinking CXX executable flightstack[0m
[100%] Built target flightstack
-- Install configuration: ""
-- Installing: /home/odroid/ros2_thrust_ws/install/flightstack/lib/flightstack/flightstack
-- Set non-toolchain portion of runtime path of "/home/odroid/ros2_thrust_ws/install/flightstack/lib/flightstack/flightstack" to ""
-- Installing: /home/odroid/ros2_thrust_ws/install/flightstack/share/ament_index/resource_index/package_run_dependencies/flightstack
-- Installing: /home/odroid/ros2_thrust_ws/install/flightstack/share/ament_index/resource_index/parent_prefix_path/flightstack
-- Up-to-date: /home/odroid/ros2_thrust_ws/install/flightstack/share/flightstack/environment/ament_prefix_path.sh
-- Installing: /home/odroid/ros2_thrust_ws/install/flightstack/share/flightstack/environment/ament_prefix_path.dsv
-- Up-to-date: /home/odroid/ros2_thrust_ws/install/flightstack/share/flightstack/environment/path.sh
-- Installing: /home/odroid/ros2_thrust_ws/install/flightstack/share/flightstack/environment/path.dsv
-- Installing: /home/odroid/ros2_thrust_ws/install/flightstack/share/flightstack/local_setup.bash
-- Installing: /home/odroid/ros2_thrust_ws/install/flightstack/share/flightstack/local_setup.sh
-- Installing: /home/odroid/ros2_thrust_ws/install/flightstack/share/flightstack/local_setup.zsh
-- Installing: /home/odroid/ros2_thrust_ws/install/flightstack/share/flightstack/local_setup.dsv
-- Installing: /home/odroid/ros2_thrust_ws/install/flightstack/share/flightstack/package.dsv
-- Installing: /home/odroid/ros2_thrust_ws/install/flightstack/share/ament_index/resource_index/packages/flightstack
-- Installing: /home/odroid/ros2_thrust_ws/install/flightstack/share/flightstack/cmake/flightstackConfig.cmake
-- Installing: /home/odroid/ros2_thrust_ws/install/flightstack/share/flightstack/cmake/flightstackConfig-version.cmake
-- Up-to-date: /home/odroid/ros2_thrust_ws/install/flightstack/share/flightstack/package.xml
