[0.061s] Invoking command in '/home/odroid/ros2_thrust_ws/build/flightstack': CMAKE_PREFIX_PATH=/home/odroid/ros2_thrust_ws/install/px4_msgs:/home/odroid/ros2_thrust_ws/install/flightstack:/home/odroid/ros2_thrust_ws/install/dynamixel_sdk_examples:/home/odroid/ros2_thrust_ws/install/dynamixel_sdk_custom_interfaces:/home/odroid/ros2_thrust_ws/install/dynamixel_sdk:/home/odroid/ros2_thrust_ws/install/drone_dynamixel_bridge:/opt/ros/galactic /usr/bin/cmake /home/odroid/ros2_thrust_ws/src/ACSL-flightstack -DCMAKE_INSTALL_PREFIX=/home/odroid/ros2_thrust_ws/install/flightstack
[0.352s] -- The C compiler identification is GNU 9.4.0
[0.674s] -- The CXX compiler identification is GNU 9.4.0
[0.723s] -- Detecting C compiler ABI info
[1.053s] -- Detecting C compiler ABI info - done
[1.137s] -- Check for working C compiler: /usr/bin/cc - skipped
[1.139s] -- Detecting C compile features
[1.141s] -- Detecting C compile features - done
[1.162s] -- Detecting CXX compiler ABI info
[1.548s] -- Detecting CXX compiler ABI info - done
[1.635s] -- Check for working CXX compiler: /usr/bin/c++ - skipped
[1.636s] -- Detecting CXX compile features
[1.640s] -- Detecting CXX compile features - done
[1.652s] -- Found ament_cmake: 1.1.6 (/opt/ros/galactic/share/ament_cmake/cmake)
[1.673s] [33mCMake Warning (dev) at /opt/ros/galactic/share/ament_cmake_core/cmake/core/python.cmake:22 (find_package):
[1.674s]   Policy CMP0148 is not set: The FindPythonInterp and FindPythonLibs modules
[1.675s]   are removed.  Run "cmake --help-policy CMP0148" for policy details.  Use
[1.676s]   the cmake_policy command to set the policy and suppress this warning.
[1.677s] 
[1.677s] Call Stack (most recent call first):
[1.678s]   /opt/ros/galactic/share/ament_cmake_core/cmake/core/all.cmake:53 (include)
[1.679s]   /opt/ros/galactic/share/ament_cmake_core/cmake/ament_cmake_core-extras.cmake:17 (include)
[1.680s]   /opt/ros/galactic/share/ament_cmake_core/cmake/ament_cmake_coreConfig.cmake:41 (include)
[1.681s]   /opt/ros/galactic/share/ament_cmake/cmake/ament_cmake_export_dependencies-extras.cmake:15 (find_package)
[1.682s]   /opt/ros/galactic/share/ament_cmake/cmake/ament_cmakeConfig.cmake:41 (include)
[1.683s]   CMakeLists.txt:46 (find_package)
[1.684s] This warning is for project developers.  Use -Wno-dev to suppress it.
[1.685s] [0m
[1.810s] -- Found PythonInterp: /usr/bin/python3 (found suitable version "3.8.10", minimum required is "3")
[1.811s] -- Using PYTHON_EXECUTABLE: /usr/bin/python3
[2.372s] -- Found rclcpp: 9.2.2 (/opt/ros/galactic/share/rclcpp/cmake)
[2.609s] -- Using single rosidl_typesupport_c: rosidl_typesupport_introspection_c
[2.647s] -- Found rosidl_adapter: 2.2.3 (/opt/ros/galactic/share/rosidl_adapter/cmake)
[2.757s] -- Using single rosidl_typesupport_cpp: rosidl_typesupport_introspection_cpp
[3.113s] -- Found rmw_implementation_cmake: 3.3.1 (/opt/ros/galactic/share/rmw_implementation_cmake/cmake)
[3.129s] -- Found rmw_cyclonedds_cpp: 0.22.6 (/opt/ros/galactic/share/rmw_cyclonedds_cpp/cmake)
[3.232s] -- Using RMW implementation 'rmw_cyclonedds_cpp' as default
[3.236s] -- Performing Test CMAKE_HAVE_LIBC_PTHREAD
[3.588s] -- Performing Test CMAKE_HAVE_LIBC_PTHREAD - Failed
[3.589s] -- Looking for pthread_create in pthreads
[3.825s] -- Looking for pthread_create in pthreads - not found
[3.826s] -- Looking for pthread_create in pthread
[4.163s] -- Looking for pthread_create in pthread - found
[4.167s] -- Found Threads: TRUE
[5.003s] -- Found px4_msgs: 2.0.1 (/home/odroid/ros2_thrust_ws/install/px4_msgs/share/px4_msgs/cmake)
[5.092s] [33mCMake Warning (dev) at CMakeLists.txt:49 (find_package):
[5.092s]   Policy CMP0167 is not set: The FindBoost module is removed.  Run "cmake
[5.093s]   --help-policy CMP0167" for policy details.  Use the cmake_policy command to
[5.093s]   set the policy and suppress this warning.
[5.094s] 
[5.094s] This warning is for project developers.  Use -Wno-dev to suppress it.
[5.095s] [0m
[5.245s] -- Found Boost: /usr/local/lib/cmake/Boost-1.86.0/BoostConfig.cmake (found version "1.86.0") found components: log log_setup
[5.261s] -- Found lifecycle_msgs: 1.0.3 (/opt/ros/galactic/share/lifecycle_msgs/cmake)
[5.326s] -- Found rclcpp_lifecycle: 9.2.2 (/opt/ros/galactic/share/rclcpp_lifecycle/cmake)
[5.452s] -- Found ament_lint_auto: 0.10.7 (/opt/ros/galactic/share/ament_lint_auto/cmake)
[5.977s] -- Added test 'copyright' to check source files copyright and LICENSE
[22.899s] -- Added test 'cppcheck' to perform static code analysis on C / C++ code
[22.907s] -- Configured cppcheck include dirs: /home/odroid/ros2_thrust_ws/src/ACSL-flightstack/include/eigen;/home/odroid/ros2_thrust_ws/src/ACSL-flightstack/include/flightstack;/home/odroid/ros2_thrust_ws/src/ACSL-flightstack/include/flightstack/config;/home/odroid/ros2_thrust_ws/src/ACSL-flightstack/include/flightstack/control;/home/odroid/ros2_thrust_ws/src/ACSL-flightstack/include/flightstack/control/mrac;/home/odroid/ros2_thrust_ws/src/ACSL-flightstack/include/flightstack/control/pid;/home/odroid/ros2_thrust_ws/src/ACSL-flightstack/include/flightstack/logging;/home/odroid/ros2_thrust_ws/src/ACSL-flightstack/include/flightstack/mocap;/home/odroid/ros2_thrust_ws/src/ACSL-flightstack/include/flightstack/pixhawk_interface;/home/odroid/ros2_thrust_ws/src/ACSL-flightstack/include/flightstack/user_defined_trajectory;/home/odroid/ros2_thrust_ws/src/ACSL-flightstack/include/flightstack/utils;/home/odroid/ros2_thrust_ws/src/ACSL-flightstack/include/json/include
[22.908s] -- Configured cppcheck exclude dirs and/or files: 
[38.027s] -- Added test 'cpplint' to check C / C++ code against the Google style
[38.028s] -- Configured cpplint exclude dirs and/or files: 
[39.898s] -- Added test 'flake8' to check Python code syntax and style conventions
[43.585s] -- Added test 'lint_cmake' to check CMake code style
[45.457s] -- Added test 'pep257' to check Python code against some of the style conventions in PEP 257
[60.541s] -- Added test 'uncrustify' to check C / C++ code style
[60.542s] -- Configured uncrustify additional arguments: 
[62.417s] -- Added test 'xmllint' to check XML markup files
[62.425s] -- Configuring done (62.3s)
[62.517s] -- Generating done (0.1s)
[62.520s] -- Build files have been written to: /home/odroid/ros2_thrust_ws/build/flightstack
[62.577s] Invoked command in '/home/odroid/ros2_thrust_ws/build/flightstack' returned '0': CMAKE_PREFIX_PATH=/home/odroid/ros2_thrust_ws/install/px4_msgs:/home/odroid/ros2_thrust_ws/install/flightstack:/home/odroid/ros2_thrust_ws/install/dynamixel_sdk_examples:/home/odroid/ros2_thrust_ws/install/dynamixel_sdk_custom_interfaces:/home/odroid/ros2_thrust_ws/install/dynamixel_sdk:/home/odroid/ros2_thrust_ws/install/drone_dynamixel_bridge:/opt/ros/galactic /usr/bin/cmake /home/odroid/ros2_thrust_ws/src/ACSL-flightstack -DCMAKE_INSTALL_PREFIX=/home/odroid/ros2_thrust_ws/install/flightstack
[62.589s] Invoking command in '/home/odroid/ros2_thrust_ws/build/flightstack': CMAKE_PREFIX_PATH=/home/odroid/ros2_thrust_ws/install/px4_msgs:/home/odroid/ros2_thrust_ws/install/flightstack:/home/odroid/ros2_thrust_ws/install/dynamixel_sdk_examples:/home/odroid/ros2_thrust_ws/install/dynamixel_sdk_custom_interfaces:/home/odroid/ros2_thrust_ws/install/dynamixel_sdk:/home/odroid/ros2_thrust_ws/install/drone_dynamixel_bridge:/opt/ros/galactic /usr/bin/cmake --build /home/odroid/ros2_thrust_ws/build/flightstack -- -j4 -l4
[62.715s] [  4%] [32mBuilding CXX object CMakeFiles/flightstack.dir/src/config/config.cpp.o[0m
[62.718s] [  9%] [32mBuilding CXX object CMakeFiles/flightstack.dir/src/control/control_callback.cpp.o[0m
[62.719s] [ 18%] [32mBuilding CXX object CMakeFiles/flightstack.dir/src/control/control.cpp.o[0m
[62.721s] [ 18%] [32mBuilding CXX object CMakeFiles/flightstack.dir/src/control/mrac/logging_mrac.cpp.o[0m
[176.460s] [ 22%] [32mBuilding CXX object CMakeFiles/flightstack.dir/src/control/mrac/mrac.cpp.o[0m
[188.679s] [ 27%] [32mBuilding CXX object CMakeFiles/flightstack.dir/src/control/pid/logging_pid.cpp.o[0m
[199.762s] [ 31%] [32mBuilding CXX object CMakeFiles/flightstack.dir/src/control/pid/pid.cpp.o[0m
[200.039s] [ 36%] [32mBuilding CXX object CMakeFiles/flightstack.dir/src/logging/logging_mocap.cpp.o[0m
[329.699s] [ 40%] [32mBuilding CXX object CMakeFiles/flightstack.dir/src/mocap/io_context.cpp.o[0m
[330.725s] [ 45%] [32mBuilding CXX object CMakeFiles/flightstack.dir/src/main.cpp.o[0m
[341.747s] [ 50%] [32mBuilding CXX object CMakeFiles/flightstack.dir/src/mocap/mocap.cpp.o[0m
[348.452s] [ 54%] [32mBuilding CXX object CMakeFiles/flightstack.dir/src/mocap/udp_driver.cpp.o[0m
[369.636s] [ 59%] [32mBuilding CXX object CMakeFiles/flightstack.dir/src/mocap/udp_socket.cpp.o[0m
[395.168s] [ 63%] [32mBuilding CXX object CMakeFiles/flightstack.dir/src/multi_threaded_node.cpp.o[0m
[397.064s] [ 68%] [32mBuilding CXX object CMakeFiles/flightstack.dir/src/pixhawk_interface/pixhawk_actuator_motors.cpp.o[0m
[433.418s] [ 72%] [32mBuilding CXX object CMakeFiles/flightstack.dir/src/pixhawk_interface/pixhawk_vehicle_odometry.cpp.o[0m
[450.068s] [ 77%] [32mBuilding CXX object CMakeFiles/flightstack.dir/src/pixhawk_interface/vehicle_state.cpp.o[0m
[519.853s] [ 81%] [32mBuilding CXX object CMakeFiles/flightstack.dir/src/user_defined_trajectory/piecewise_polynomial_trajectory.cpp.o[0m
[560.197s] [ 86%] [32mBuilding CXX object CMakeFiles/flightstack.dir/src/user_defined_trajectory/user_defined_trajectory.cpp.o[0m
[563.732s] [ 90%] [32mBuilding CXX object CMakeFiles/flightstack.dir/src/utils/continuous_lyapunov_equation.cpp.o[0m
[642.195s] [ 95%] [32mBuilding CXX object CMakeFiles/flightstack.dir/src/utils/json_parser.cpp.o[0m
[728.226s] [100%] [32m[1mLinking CXX executable flightstack[0m
[741.559s] [100%] Built target flightstack
[741.585s] Invoked command in '/home/odroid/ros2_thrust_ws/build/flightstack' returned '0': CMAKE_PREFIX_PATH=/home/odroid/ros2_thrust_ws/install/px4_msgs:/home/odroid/ros2_thrust_ws/install/flightstack:/home/odroid/ros2_thrust_ws/install/dynamixel_sdk_examples:/home/odroid/ros2_thrust_ws/install/dynamixel_sdk_custom_interfaces:/home/odroid/ros2_thrust_ws/install/dynamixel_sdk:/home/odroid/ros2_thrust_ws/install/drone_dynamixel_bridge:/opt/ros/galactic /usr/bin/cmake --build /home/odroid/ros2_thrust_ws/build/flightstack -- -j4 -l4
[741.846s] Invoking command in '/home/odroid/ros2_thrust_ws/build/flightstack': CMAKE_PREFIX_PATH=/home/odroid/ros2_thrust_ws/install/px4_msgs:/home/odroid/ros2_thrust_ws/install/flightstack:/home/odroid/ros2_thrust_ws/install/dynamixel_sdk_examples:/home/odroid/ros2_thrust_ws/install/dynamixel_sdk_custom_interfaces:/home/odroid/ros2_thrust_ws/install/dynamixel_sdk:/home/odroid/ros2_thrust_ws/install/drone_dynamixel_bridge:/opt/ros/galactic /usr/bin/cmake --install /home/odroid/ros2_thrust_ws/build/flightstack
[741.867s] -- Install configuration: ""
[741.868s] -- Installing: /home/odroid/ros2_thrust_ws/install/flightstack/lib/flightstack/flightstack
[742.003s] -- Set non-toolchain portion of runtime path of "/home/odroid/ros2_thrust_ws/install/flightstack/lib/flightstack/flightstack" to ""
[742.004s] -- Installing: /home/odroid/ros2_thrust_ws/install/flightstack/share/ament_index/resource_index/package_run_dependencies/flightstack
[742.006s] -- Installing: /home/odroid/ros2_thrust_ws/install/flightstack/share/ament_index/resource_index/parent_prefix_path/flightstack
[742.007s] -- Up-to-date: /home/odroid/ros2_thrust_ws/install/flightstack/share/flightstack/environment/ament_prefix_path.sh
[742.008s] -- Installing: /home/odroid/ros2_thrust_ws/install/flightstack/share/flightstack/environment/ament_prefix_path.dsv
[742.009s] -- Up-to-date: /home/odroid/ros2_thrust_ws/install/flightstack/share/flightstack/environment/path.sh
[742.010s] -- Installing: /home/odroid/ros2_thrust_ws/install/flightstack/share/flightstack/environment/path.dsv
[742.011s] -- Installing: /home/odroid/ros2_thrust_ws/install/flightstack/share/flightstack/local_setup.bash
[742.012s] -- Installing: /home/odroid/ros2_thrust_ws/install/flightstack/share/flightstack/local_setup.sh
[742.014s] -- Installing: /home/odroid/ros2_thrust_ws/install/flightstack/share/flightstack/local_setup.zsh
[742.014s] -- Installing: /home/odroid/ros2_thrust_ws/install/flightstack/share/flightstack/local_setup.dsv
[742.017s] -- Installing: /home/odroid/ros2_thrust_ws/install/flightstack/share/flightstack/package.dsv
[742.018s] -- Installing: /home/odroid/ros2_thrust_ws/install/flightstack/share/ament_index/resource_index/packages/flightstack
[742.019s] -- Installing: /home/odroid/ros2_thrust_ws/install/flightstack/share/flightstack/cmake/flightstackConfig.cmake
[742.020s] -- Installing: /home/odroid/ros2_thrust_ws/install/flightstack/share/flightstack/cmake/flightstackConfig-version.cmake
[742.021s] -- Up-to-date: /home/odroid/ros2_thrust_ws/install/flightstack/share/flightstack/package.xml
[742.030s] Invoked command in '/home/odroid/ros2_thrust_ws/build/flightstack' returned '0': CMAKE_PREFIX_PATH=/home/odroid/ros2_thrust_ws/install/px4_msgs:/home/odroid/ros2_thrust_ws/install/flightstack:/home/odroid/ros2_thrust_ws/install/dynamixel_sdk_examples:/home/odroid/ros2_thrust_ws/install/dynamixel_sdk_custom_interfaces:/home/odroid/ros2_thrust_ws/install/dynamixel_sdk:/home/odroid/ros2_thrust_ws/install/drone_dynamixel_bridge:/opt/ros/galactic /usr/bin/cmake --install /home/odroid/ros2_thrust_ws/build/flightstack
