[0.211s] Invoking command in '/home/odroid/ros2_thrust_ws/build/dynamixel_sdk_custom_interfaces': CMAKE_PREFIX_PATH=${CMAKE_PREFIX_PATH}:/opt/ros/galactic /usr/bin/cmake --build /home/odroid/ros2_thrust_ws/build/dynamixel_sdk_custom_interfaces -- -j4 -l4
[0.412s] [  3%] Built target dynamixel_sdk_custom_interfaces__cpp
[0.460s] [ 17%] Built target dynamixel_sdk_custom_interfaces__rosidl_generator_c
[0.571s] [ 31%] Built target dynamixel_sdk_custom_interfaces__rosidl_typesupport_introspection_cpp
[0.590s] [ 44%] Built target dynamixel_sdk_custom_interfaces__rosidl_typesupport_introspection_c
[0.670s] [ 58%] Built target dynamixel_sdk_custom_interfaces__rosidl_typesupport_cpp
[0.694s] [ 72%] Built target dynamixel_sdk_custom_interfaces__rosidl_typesupport_c
[0.763s] [ 72%] Built target dynamixel_sdk_custom_interfaces
[0.838s] [ 75%] Built target dynamixel_sdk_custom_interfaces__py
[0.941s] [ 86%] Built target dynamixel_sdk_custom_interfaces__python
[1.048s] [ 93%] Built target dynamixel_sdk_custom_interfaces__rosidl_typesupport_c__pyext
[1.180s] [100%] Built target dynamixel_sdk_custom_interfaces__rosidl_typesupport_introspection_c__pyext
[1.450s] Invoked command in '/home/odroid/ros2_thrust_ws/build/dynamixel_sdk_custom_interfaces' returned '0': CMAKE_PREFIX_PATH=${CMAKE_PREFIX_PATH}:/opt/ros/galactic /usr/bin/cmake --build /home/odroid/ros2_thrust_ws/build/dynamixel_sdk_custom_interfaces -- -j4 -l4
[2.002s] Invoking command in '/home/odroid/ros2_thrust_ws/build/dynamixel_sdk_custom_interfaces': CMAKE_PREFIX_PATH=${CMAKE_PREFIX_PATH}:/opt/ros/galactic /usr/bin/cmake --install /home/odroid/ros2_thrust_ws/build/dynamixel_sdk_custom_interfaces
[2.047s] -- Install configuration: ""
[2.051s] -- Up-to-date: /home/odroid/ros2_thrust_ws/install/dynamixel_sdk_custom_interfaces/share/ament_index/resource_index/rosidl_interfaces/dynamixel_sdk_custom_interfaces
[2.056s] -- Up-to-date: /home/odroid/ros2_thrust_ws/install/dynamixel_sdk_custom_interfaces/include/dynamixel_sdk_custom_interfaces
[2.058s] -- Up-to-date: /home/odroid/ros2_thrust_ws/install/dynamixel_sdk_custom_interfaces/include/dynamixel_sdk_custom_interfaces/msg
[2.064s] -- Up-to-date: /home/odroid/ros2_thrust_ws/install/dynamixel_sdk_custom_interfaces/include/dynamixel_sdk_custom_interfaces/msg/detail
[2.067s] -- Up-to-date: /home/odroid/ros2_thrust_ws/install/dynamixel_sdk_custom_interfaces/include/dynamixel_sdk_custom_interfaces/msg/detail/set_position__functions.c
[2.071s] -- Up-to-date: /home/odroid/ros2_thrust_ws/install/dynamixel_sdk_custom_interfaces/include/dynamixel_sdk_custom_interfaces/msg/detail/set_position__struct.h
[2.073s] -- Up-to-date: /home/odroid/ros2_thrust_ws/install/dynamixel_sdk_custom_interfaces/include/dynamixel_sdk_custom_interfaces/msg/detail/set_position__functions.h
[2.076s] -- Up-to-date: /home/odroid/ros2_thrust_ws/install/dynamixel_sdk_custom_interfaces/include/dynamixel_sdk_custom_interfaces/msg/detail/set_position__type_support.h
[2.078s] -- Up-to-date: /home/odroid/ros2_thrust_ws/install/dynamixel_sdk_custom_interfaces/include/dynamixel_sdk_custom_interfaces/msg/rosidl_generator_c__visibility_control.h
[2.079s] -- Up-to-date: /home/odroid/ros2_thrust_ws/install/dynamixel_sdk_custom_interfaces/include/dynamixel_sdk_custom_interfaces/msg/set_position.h
[2.081s] -- Up-to-date: /home/odroid/ros2_thrust_ws/install/dynamixel_sdk_custom_interfaces/include/dynamixel_sdk_custom_interfaces/srv
[2.082s] -- Up-to-date: /home/odroid/ros2_thrust_ws/install/dynamixel_sdk_custom_interfaces/include/dynamixel_sdk_custom_interfaces/srv/detail
[2.083s] -- Up-to-date: /home/odroid/ros2_thrust_ws/install/dynamixel_sdk_custom_interfaces/include/dynamixel_sdk_custom_interfaces/srv/detail/get_position__type_support.h
[2.087s] -- Up-to-date: /home/odroid/ros2_thrust_ws/install/dynamixel_sdk_custom_interfaces/include/dynamixel_sdk_custom_interfaces/srv/detail/get_position__functions.c
[2.088s] -- Up-to-date: /home/odroid/ros2_thrust_ws/install/dynamixel_sdk_custom_interfaces/include/dynamixel_sdk_custom_interfaces/srv/detail/get_position__functions.h
[2.107s] -- Up-to-date: /home/odroid/ros2_thrust_ws/install/dynamixel_sdk_custom_interfaces/include/dynamixel_sdk_custom_interfaces/srv/detail/get_position__struct.h
[2.119s] -- Up-to-date: /home/odroid/ros2_thrust_ws/install/dynamixel_sdk_custom_interfaces/include/dynamixel_sdk_custom_interfaces/srv/get_position.h
[2.139s] -- Up-to-date: /home/odroid/ros2_thrust_ws/install/dynamixel_sdk_custom_interfaces/share/dynamixel_sdk_custom_interfaces/environment/library_path.sh
[2.146s] -- Up-to-date: /home/odroid/ros2_thrust_ws/install/dynamixel_sdk_custom_interfaces/share/dynamixel_sdk_custom_interfaces/environment/library_path.dsv
[2.147s] -- Up-to-date: /home/odroid/ros2_thrust_ws/install/dynamixel_sdk_custom_interfaces/lib/libdynamixel_sdk_custom_interfaces__rosidl_generator_c.so
[2.148s] -- Up-to-date: /home/odroid/ros2_thrust_ws/install/dynamixel_sdk_custom_interfaces/include/dynamixel_sdk_custom_interfaces
[2.157s] -- Up-to-date: /home/odroid/ros2_thrust_ws/install/dynamixel_sdk_custom_interfaces/include/dynamixel_sdk_custom_interfaces/msg
[2.160s] -- Up-to-date: /home/odroid/ros2_thrust_ws/install/dynamixel_sdk_custom_interfaces/include/dynamixel_sdk_custom_interfaces/msg/detail
[2.161s] -- Up-to-date: /home/odroid/ros2_thrust_ws/install/dynamixel_sdk_custom_interfaces/include/dynamixel_sdk_custom_interfaces/msg/detail/set_position__type_support.c
[2.164s] -- Up-to-date: /home/odroid/ros2_thrust_ws/install/dynamixel_sdk_custom_interfaces/include/dynamixel_sdk_custom_interfaces/msg/detail/set_position__rosidl_typesupport_introspection_c.h
[2.165s] -- Up-to-date: /home/odroid/ros2_thrust_ws/install/dynamixel_sdk_custom_interfaces/include/dynamixel_sdk_custom_interfaces/msg/rosidl_typesupport_introspection_c__visibility_control.h
[2.166s] -- Up-to-date: /home/odroid/ros2_thrust_ws/install/dynamixel_sdk_custom_interfaces/include/dynamixel_sdk_custom_interfaces/srv
[2.168s] -- Up-to-date: /home/odroid/ros2_thrust_ws/install/dynamixel_sdk_custom_interfaces/include/dynamixel_sdk_custom_interfaces/srv/detail
[2.169s] -- Up-to-date: /home/odroid/ros2_thrust_ws/install/dynamixel_sdk_custom_interfaces/include/dynamixel_sdk_custom_interfaces/srv/detail/get_position__type_support.c
[2.171s] -- Up-to-date: /home/odroid/ros2_thrust_ws/install/dynamixel_sdk_custom_interfaces/include/dynamixel_sdk_custom_interfaces/srv/detail/get_position__rosidl_typesupport_introspection_c.h
[2.173s] -- Up-to-date: /home/odroid/ros2_thrust_ws/install/dynamixel_sdk_custom_interfaces/lib/libdynamixel_sdk_custom_interfaces__rosidl_typesupport_introspection_c.so
[2.174s] -- Up-to-date: /home/odroid/ros2_thrust_ws/install/dynamixel_sdk_custom_interfaces/lib/libdynamixel_sdk_custom_interfaces__rosidl_typesupport_c.so
[2.176s] -- Up-to-date: /home/odroid/ros2_thrust_ws/install/dynamixel_sdk_custom_interfaces/include/dynamixel_sdk_custom_interfaces
[2.177s] -- Up-to-date: /home/odroid/ros2_thrust_ws/install/dynamixel_sdk_custom_interfaces/include/dynamixel_sdk_custom_interfaces/msg
[2.180s] -- Up-to-date: /home/odroid/ros2_thrust_ws/install/dynamixel_sdk_custom_interfaces/include/dynamixel_sdk_custom_interfaces/msg/detail
[2.181s] -- Up-to-date: /home/odroid/ros2_thrust_ws/install/dynamixel_sdk_custom_interfaces/include/dynamixel_sdk_custom_interfaces/msg/detail/set_position__struct.hpp
[2.182s] -- Up-to-date: /home/odroid/ros2_thrust_ws/install/dynamixel_sdk_custom_interfaces/include/dynamixel_sdk_custom_interfaces/msg/detail/set_position__traits.hpp
[2.184s] -- Up-to-date: /home/odroid/ros2_thrust_ws/install/dynamixel_sdk_custom_interfaces/include/dynamixel_sdk_custom_interfaces/msg/detail/set_position__builder.hpp
[2.186s] -- Up-to-date: /home/odroid/ros2_thrust_ws/install/dynamixel_sdk_custom_interfaces/include/dynamixel_sdk_custom_interfaces/msg/set_position.hpp
[2.188s] -- Up-to-date: /home/odroid/ros2_thrust_ws/install/dynamixel_sdk_custom_interfaces/include/dynamixel_sdk_custom_interfaces/srv
[2.189s] -- Up-to-date: /home/odroid/ros2_thrust_ws/install/dynamixel_sdk_custom_interfaces/include/dynamixel_sdk_custom_interfaces/srv/detail
[2.190s] -- Up-to-date: /home/odroid/ros2_thrust_ws/install/dynamixel_sdk_custom_interfaces/include/dynamixel_sdk_custom_interfaces/srv/detail/get_position__traits.hpp
[2.192s] -- Up-to-date: /home/odroid/ros2_thrust_ws/install/dynamixel_sdk_custom_interfaces/include/dynamixel_sdk_custom_interfaces/srv/detail/get_position__builder.hpp
[2.193s] -- Up-to-date: /home/odroid/ros2_thrust_ws/install/dynamixel_sdk_custom_interfaces/include/dynamixel_sdk_custom_interfaces/srv/detail/get_position__struct.hpp
[2.195s] -- Up-to-date: /home/odroid/ros2_thrust_ws/install/dynamixel_sdk_custom_interfaces/include/dynamixel_sdk_custom_interfaces/srv/get_position.hpp
[2.196s] -- Up-to-date: /home/odroid/ros2_thrust_ws/install/dynamixel_sdk_custom_interfaces/include/dynamixel_sdk_custom_interfaces
[2.197s] -- Up-to-date: /home/odroid/ros2_thrust_ws/install/dynamixel_sdk_custom_interfaces/include/dynamixel_sdk_custom_interfaces/msg
[2.199s] -- Up-to-date: /home/odroid/ros2_thrust_ws/install/dynamixel_sdk_custom_interfaces/include/dynamixel_sdk_custom_interfaces/msg/detail
[2.201s] -- Up-to-date: /home/odroid/ros2_thrust_ws/install/dynamixel_sdk_custom_interfaces/include/dynamixel_sdk_custom_interfaces/msg/detail/set_position__rosidl_typesupport_introspection_cpp.hpp
[2.202s] -- Up-to-date: /home/odroid/ros2_thrust_ws/install/dynamixel_sdk_custom_interfaces/include/dynamixel_sdk_custom_interfaces/msg/detail/set_position__type_support.cpp
[2.205s] -- Up-to-date: /home/odroid/ros2_thrust_ws/install/dynamixel_sdk_custom_interfaces/include/dynamixel_sdk_custom_interfaces/srv
[2.206s] -- Up-to-date: /home/odroid/ros2_thrust_ws/install/dynamixel_sdk_custom_interfaces/include/dynamixel_sdk_custom_interfaces/srv/detail
[2.207s] -- Up-to-date: /home/odroid/ros2_thrust_ws/install/dynamixel_sdk_custom_interfaces/include/dynamixel_sdk_custom_interfaces/srv/detail/get_position__type_support.cpp
[2.208s] -- Up-to-date: /home/odroid/ros2_thrust_ws/install/dynamixel_sdk_custom_interfaces/include/dynamixel_sdk_custom_interfaces/srv/detail/get_position__rosidl_typesupport_introspection_cpp.hpp
[2.213s] -- Up-to-date: /home/odroid/ros2_thrust_ws/install/dynamixel_sdk_custom_interfaces/lib/libdynamixel_sdk_custom_interfaces__rosidl_typesupport_introspection_cpp.so
[2.215s] -- Up-to-date: /home/odroid/ros2_thrust_ws/install/dynamixel_sdk_custom_interfaces/lib/libdynamixel_sdk_custom_interfaces__rosidl_typesupport_cpp.so
[2.218s] -- Up-to-date: /home/odroid/ros2_thrust_ws/install/dynamixel_sdk_custom_interfaces/share/dynamixel_sdk_custom_interfaces/environment/pythonpath.sh
[2.226s] -- Up-to-date: /home/odroid/ros2_thrust_ws/install/dynamixel_sdk_custom_interfaces/share/dynamixel_sdk_custom_interfaces/environment/pythonpath.dsv
[2.228s] -- Up-to-date: /home/odroid/ros2_thrust_ws/install/dynamixel_sdk_custom_interfaces/lib/python3.8/site-packages/dynamixel_sdk_custom_interfaces/__init__.py
[2.464s] -- Up-to-date: /home/odroid/ros2_thrust_ws/install/dynamixel_sdk_custom_interfaces/lib/python3.8/site-packages/dynamixel_sdk_custom_interfaces/msg
[2.466s] -- Up-to-date: /home/odroid/ros2_thrust_ws/install/dynamixel_sdk_custom_interfaces/lib/python3.8/site-packages/dynamixel_sdk_custom_interfaces/msg/_set_position_s.c
[2.467s] -- Up-to-date: /home/odroid/ros2_thrust_ws/install/dynamixel_sdk_custom_interfaces/lib/python3.8/site-packages/dynamixel_sdk_custom_interfaces/msg/_set_position.py
[2.473s] -- Up-to-date: /home/odroid/ros2_thrust_ws/install/dynamixel_sdk_custom_interfaces/lib/python3.8/site-packages/dynamixel_sdk_custom_interfaces/msg/__init__.py
[2.478s] -- Up-to-date: /home/odroid/ros2_thrust_ws/install/dynamixel_sdk_custom_interfaces/lib/python3.8/site-packages/dynamixel_sdk_custom_interfaces/srv
[2.479s] -- Up-to-date: /home/odroid/ros2_thrust_ws/install/dynamixel_sdk_custom_interfaces/lib/python3.8/site-packages/dynamixel_sdk_custom_interfaces/srv/_get_position.py
[2.483s] -- Up-to-date: /home/odroid/ros2_thrust_ws/install/dynamixel_sdk_custom_interfaces/lib/python3.8/site-packages/dynamixel_sdk_custom_interfaces/srv/_get_position_s.c
[2.485s] -- Up-to-date: /home/odroid/ros2_thrust_ws/install/dynamixel_sdk_custom_interfaces/lib/python3.8/site-packages/dynamixel_sdk_custom_interfaces/srv/__init__.py
[2.489s] -- Up-to-date: /home/odroid/ros2_thrust_ws/install/dynamixel_sdk_custom_interfaces/lib/python3.8/site-packages/dynamixel_sdk_custom_interfaces/dynamixel_sdk_custom_interfaces_s__rosidl_typesupport_introspection_c.cpython-38-aarch64-linux-gnu.so
[2.494s] -- Up-to-date: /home/odroid/ros2_thrust_ws/install/dynamixel_sdk_custom_interfaces/lib/python3.8/site-packages/dynamixel_sdk_custom_interfaces/dynamixel_sdk_custom_interfaces_s__rosidl_typesupport_c.cpython-38-aarch64-linux-gnu.so
[2.498s] -- Up-to-date: /home/odroid/ros2_thrust_ws/install/dynamixel_sdk_custom_interfaces/lib/libdynamixel_sdk_custom_interfaces__python.so
[2.500s] -- Up-to-date: /home/odroid/ros2_thrust_ws/install/dynamixel_sdk_custom_interfaces/share/dynamixel_sdk_custom_interfaces/msg/SetPosition.idl
[2.502s] -- Up-to-date: /home/odroid/ros2_thrust_ws/install/dynamixel_sdk_custom_interfaces/share/dynamixel_sdk_custom_interfaces/srv/GetPosition.idl
[2.504s] -- Up-to-date: /home/odroid/ros2_thrust_ws/install/dynamixel_sdk_custom_interfaces/share/dynamixel_sdk_custom_interfaces/msg/SetPosition.msg
[2.505s] -- Up-to-date: /home/odroid/ros2_thrust_ws/install/dynamixel_sdk_custom_interfaces/share/dynamixel_sdk_custom_interfaces/srv/GetPosition.srv
[2.508s] -- Up-to-date: /home/odroid/ros2_thrust_ws/install/dynamixel_sdk_custom_interfaces/share/dynamixel_sdk_custom_interfaces/srv/GetPosition_Request.msg
[2.511s] -- Up-to-date: /home/odroid/ros2_thrust_ws/install/dynamixel_sdk_custom_interfaces/share/dynamixel_sdk_custom_interfaces/srv/GetPosition_Response.msg
[2.512s] -- Up-to-date: /home/odroid/ros2_thrust_ws/install/dynamixel_sdk_custom_interfaces/share/ament_index/resource_index/package_run_dependencies/dynamixel_sdk_custom_interfaces
[2.515s] -- Up-to-date: /home/odroid/ros2_thrust_ws/install/dynamixel_sdk_custom_interfaces/share/ament_index/resource_index/parent_prefix_path/dynamixel_sdk_custom_interfaces
[2.520s] -- Up-to-date: /home/odroid/ros2_thrust_ws/install/dynamixel_sdk_custom_interfaces/share/dynamixel_sdk_custom_interfaces/environment/ament_prefix_path.sh
[2.523s] -- Up-to-date: /home/odroid/ros2_thrust_ws/install/dynamixel_sdk_custom_interfaces/share/dynamixel_sdk_custom_interfaces/environment/ament_prefix_path.dsv
[2.528s] -- Up-to-date: /home/odroid/ros2_thrust_ws/install/dynamixel_sdk_custom_interfaces/share/dynamixel_sdk_custom_interfaces/environment/path.sh
[2.530s] -- Up-to-date: /home/odroid/ros2_thrust_ws/install/dynamixel_sdk_custom_interfaces/share/dynamixel_sdk_custom_interfaces/environment/path.dsv
[2.532s] -- Up-to-date: /home/odroid/ros2_thrust_ws/install/dynamixel_sdk_custom_interfaces/share/dynamixel_sdk_custom_interfaces/local_setup.bash
[2.535s] -- Up-to-date: /home/odroid/ros2_thrust_ws/install/dynamixel_sdk_custom_interfaces/share/dynamixel_sdk_custom_interfaces/local_setup.sh
[2.536s] -- Up-to-date: /home/odroid/ros2_thrust_ws/install/dynamixel_sdk_custom_interfaces/share/dynamixel_sdk_custom_interfaces/local_setup.zsh
[2.538s] -- Up-to-date: /home/odroid/ros2_thrust_ws/install/dynamixel_sdk_custom_interfaces/share/dynamixel_sdk_custom_interfaces/local_setup.dsv
[2.540s] -- Installing: /home/odroid/ros2_thrust_ws/install/dynamixel_sdk_custom_interfaces/share/dynamixel_sdk_custom_interfaces/package.dsv
[2.541s] -- Up-to-date: /home/odroid/ros2_thrust_ws/install/dynamixel_sdk_custom_interfaces/share/ament_index/resource_index/packages/dynamixel_sdk_custom_interfaces
[2.543s] -- Up-to-date: /home/odroid/ros2_thrust_ws/install/dynamixel_sdk_custom_interfaces/share/dynamixel_sdk_custom_interfaces/cmake/dynamixel_sdk_custom_interfaces__rosidl_generator_cExport.cmake
[2.547s] -- Up-to-date: /home/odroid/ros2_thrust_ws/install/dynamixel_sdk_custom_interfaces/share/dynamixel_sdk_custom_interfaces/cmake/dynamixel_sdk_custom_interfaces__rosidl_generator_cExport-noconfig.cmake
[2.556s] -- Up-to-date: /home/odroid/ros2_thrust_ws/install/dynamixel_sdk_custom_interfaces/share/dynamixel_sdk_custom_interfaces/cmake/dynamixel_sdk_custom_interfaces__rosidl_typesupport_introspection_cExport.cmake
[2.566s] -- Up-to-date: /home/odroid/ros2_thrust_ws/install/dynamixel_sdk_custom_interfaces/share/dynamixel_sdk_custom_interfaces/cmake/dynamixel_sdk_custom_interfaces__rosidl_typesupport_introspection_cExport-noconfig.cmake
[2.567s] -- Up-to-date: /home/odroid/ros2_thrust_ws/install/dynamixel_sdk_custom_interfaces/share/dynamixel_sdk_custom_interfaces/cmake/dynamixel_sdk_custom_interfaces__rosidl_typesupport_cExport.cmake
[2.568s] -- Up-to-date: /home/odroid/ros2_thrust_ws/install/dynamixel_sdk_custom_interfaces/share/dynamixel_sdk_custom_interfaces/cmake/dynamixel_sdk_custom_interfaces__rosidl_typesupport_cExport-noconfig.cmake
[2.570s] -- Up-to-date: /home/odroid/ros2_thrust_ws/install/dynamixel_sdk_custom_interfaces/share/dynamixel_sdk_custom_interfaces/cmake/dynamixel_sdk_custom_interfaces__rosidl_generator_cppExport.cmake
[2.571s] -- Up-to-date: /home/odroid/ros2_thrust_ws/install/dynamixel_sdk_custom_interfaces/share/dynamixel_sdk_custom_interfaces/cmake/dynamixel_sdk_custom_interfaces__rosidl_typesupport_introspection_cppExport.cmake
[2.573s] -- Up-to-date: /home/odroid/ros2_thrust_ws/install/dynamixel_sdk_custom_interfaces/share/dynamixel_sdk_custom_interfaces/cmake/dynamixel_sdk_custom_interfaces__rosidl_typesupport_introspection_cppExport-noconfig.cmake
[2.577s] -- Up-to-date: /home/odroid/ros2_thrust_ws/install/dynamixel_sdk_custom_interfaces/share/dynamixel_sdk_custom_interfaces/cmake/dynamixel_sdk_custom_interfaces__rosidl_typesupport_cppExport.cmake
[2.581s] -- Up-to-date: /home/odroid/ros2_thrust_ws/install/dynamixel_sdk_custom_interfaces/share/dynamixel_sdk_custom_interfaces/cmake/dynamixel_sdk_custom_interfaces__rosidl_typesupport_cppExport-noconfig.cmake
[2.582s] -- Up-to-date: /home/odroid/ros2_thrust_ws/install/dynamixel_sdk_custom_interfaces/share/dynamixel_sdk_custom_interfaces/cmake/rosidl_cmake-extras.cmake
[2.584s] -- Up-to-date: /home/odroid/ros2_thrust_ws/install/dynamixel_sdk_custom_interfaces/share/dynamixel_sdk_custom_interfaces/cmake/ament_cmake_export_dependencies-extras.cmake
[2.586s] -- Up-to-date: /home/odroid/ros2_thrust_ws/install/dynamixel_sdk_custom_interfaces/share/dynamixel_sdk_custom_interfaces/cmake/ament_cmake_export_libraries-extras.cmake
[2.588s] -- Up-to-date: /home/odroid/ros2_thrust_ws/install/dynamixel_sdk_custom_interfaces/share/dynamixel_sdk_custom_interfaces/cmake/ament_cmake_export_targets-extras.cmake
[2.604s] -- Up-to-date: /home/odroid/ros2_thrust_ws/install/dynamixel_sdk_custom_interfaces/share/dynamixel_sdk_custom_interfaces/cmake/ament_cmake_export_include_directories-extras.cmake
[2.609s] -- Up-to-date: /home/odroid/ros2_thrust_ws/install/dynamixel_sdk_custom_interfaces/share/dynamixel_sdk_custom_interfaces/cmake/rosidl_cmake_export_typesupport_targets-extras.cmake
[2.621s] -- Up-to-date: /home/odroid/ros2_thrust_ws/install/dynamixel_sdk_custom_interfaces/share/dynamixel_sdk_custom_interfaces/cmake/dynamixel_sdk_custom_interfacesConfig.cmake
[2.623s] -- Up-to-date: /home/odroid/ros2_thrust_ws/install/dynamixel_sdk_custom_interfaces/share/dynamixel_sdk_custom_interfaces/cmake/dynamixel_sdk_custom_interfacesConfig-version.cmake
[2.625s] -- Up-to-date: /home/odroid/ros2_thrust_ws/install/dynamixel_sdk_custom_interfaces/share/dynamixel_sdk_custom_interfaces/package.xml
[2.630s] Invoked command in '/home/odroid/ros2_thrust_ws/build/dynamixel_sdk_custom_interfaces' returned '0': CMAKE_PREFIX_PATH=${CMAKE_PREFIX_PATH}:/opt/ros/galactic /usr/bin/cmake --install /home/odroid/ros2_thrust_ws/build/dynamixel_sdk_custom_interfaces
