[0.082s] Invoking command in '/home/odroid/ros2_thrust_ws/build/dynamixel_sdk_examples': CMAKE_PREFIX_PATH=/home/odroid/ros2_thrust_ws/install/dynamixel_sdk_custom_interfaces:/home/odroid/ros2_thrust_ws/install/dynamixel_sdk:/home/odroid/ros2_thrust_ws/install/flightstack:/home/odroid/ros2_thrust_ws/install/px4_msgs:/home/odroid/ros2_thrust_ws/install/dynamixel_sdk_examples:/home/odroid/ros2_thrust_ws/install/drone_dynamixel_bridge:/opt/ros/galactic LD_LIBRARY_PATH=/home/odroid/ros2_thrust_ws/install/dynamixel_sdk_custom_interfaces/lib:/home/odroid/ros2_thrust_ws/install/dynamixel_sdk/lib:/home/odroid/ros2_thrust_ws/install/px4_msgs/lib:/opt/ros/galactic/opt/yaml_cpp_vendor/lib:/opt/ros/galactic/lib/aarch64-linux-gnu:/opt/ros/galactic/lib PYTHONPATH=/home/odroid/ros2_thrust_ws/install/dynamixel_sdk_custom_interfaces/lib/python3.8/site-packages:/home/odroid/ros2_thrust_ws/install/px4_msgs/lib/python3.8/site-packages:/opt/ros/galactic/lib/python3.8/site-packages /usr/bin/cmake --build /home/odroid/ros2_thrust_ws/build/dynamixel_sdk_examples -- -j4 -l4
[0.225s] [100%] Built target read_write_node
[0.250s] Invoked command in '/home/odroid/ros2_thrust_ws/build/dynamixel_sdk_examples' returned '0': CMAKE_PREFIX_PATH=/home/odroid/ros2_thrust_ws/install/dynamixel_sdk_custom_interfaces:/home/odroid/ros2_thrust_ws/install/dynamixel_sdk:/home/odroid/ros2_thrust_ws/install/flightstack:/home/odroid/ros2_thrust_ws/install/px4_msgs:/home/odroid/ros2_thrust_ws/install/dynamixel_sdk_examples:/home/odroid/ros2_thrust_ws/install/drone_dynamixel_bridge:/opt/ros/galactic LD_LIBRARY_PATH=/home/odroid/ros2_thrust_ws/install/dynamixel_sdk_custom_interfaces/lib:/home/odroid/ros2_thrust_ws/install/dynamixel_sdk/lib:/home/odroid/ros2_thrust_ws/install/px4_msgs/lib:/opt/ros/galactic/opt/yaml_cpp_vendor/lib:/opt/ros/galactic/lib/aarch64-linux-gnu:/opt/ros/galactic/lib PYTHONPATH=/home/odroid/ros2_thrust_ws/install/dynamixel_sdk_custom_interfaces/lib/python3.8/site-packages:/home/odroid/ros2_thrust_ws/install/px4_msgs/lib/python3.8/site-packages:/opt/ros/galactic/lib/python3.8/site-packages /usr/bin/cmake --build /home/odroid/ros2_thrust_ws/build/dynamixel_sdk_examples -- -j4 -l4
[0.357s] Invoking command in '/home/odroid/ros2_thrust_ws/build/dynamixel_sdk_examples': CMAKE_PREFIX_PATH=/home/odroid/ros2_thrust_ws/install/dynamixel_sdk_custom_interfaces:/home/odroid/ros2_thrust_ws/install/dynamixel_sdk:/home/odroid/ros2_thrust_ws/install/flightstack:/home/odroid/ros2_thrust_ws/install/px4_msgs:/home/odroid/ros2_thrust_ws/install/dynamixel_sdk_examples:/home/odroid/ros2_thrust_ws/install/drone_dynamixel_bridge:/opt/ros/galactic LD_LIBRARY_PATH=/home/odroid/ros2_thrust_ws/install/dynamixel_sdk_custom_interfaces/lib:/home/odroid/ros2_thrust_ws/install/dynamixel_sdk/lib:/home/odroid/ros2_thrust_ws/install/px4_msgs/lib:/opt/ros/galactic/opt/yaml_cpp_vendor/lib:/opt/ros/galactic/lib/aarch64-linux-gnu:/opt/ros/galactic/lib PYTHONPATH=/home/odroid/ros2_thrust_ws/install/dynamixel_sdk_custom_interfaces/lib/python3.8/site-packages:/home/odroid/ros2_thrust_ws/install/px4_msgs/lib/python3.8/site-packages:/opt/ros/galactic/lib/python3.8/site-packages /usr/bin/cmake --install /home/odroid/ros2_thrust_ws/build/dynamixel_sdk_examples
[0.378s] -- Install configuration: ""
[0.380s] -- Up-to-date: /home/odroid/ros2_thrust_ws/install/dynamixel_sdk_examples/lib/dynamixel_sdk_examples/read_write_node
[0.382s] -- Up-to-date: /home/odroid/ros2_thrust_ws/install/dynamixel_sdk_examples/share/ament_index/resource_index/package_run_dependencies/dynamixel_sdk_examples
[0.384s] -- Up-to-date: /home/odroid/ros2_thrust_ws/install/dynamixel_sdk_examples/share/ament_index/resource_index/parent_prefix_path/dynamixel_sdk_examples
[0.385s] -- Up-to-date: /home/odroid/ros2_thrust_ws/install/dynamixel_sdk_examples/share/dynamixel_sdk_examples/environment/ament_prefix_path.sh
[0.387s] -- Up-to-date: /home/odroid/ros2_thrust_ws/install/dynamixel_sdk_examples/share/dynamixel_sdk_examples/environment/ament_prefix_path.dsv
[0.388s] -- Up-to-date: /home/odroid/ros2_thrust_ws/install/dynamixel_sdk_examples/share/dynamixel_sdk_examples/environment/path.sh
[0.389s] -- Up-to-date: /home/odroid/ros2_thrust_ws/install/dynamixel_sdk_examples/share/dynamixel_sdk_examples/environment/path.dsv
[0.391s] -- Up-to-date: /home/odroid/ros2_thrust_ws/install/dynamixel_sdk_examples/share/dynamixel_sdk_examples/local_setup.bash
[0.393s] -- Up-to-date: /home/odroid/ros2_thrust_ws/install/dynamixel_sdk_examples/share/dynamixel_sdk_examples/local_setup.sh
[0.397s] -- Up-to-date: /home/odroid/ros2_thrust_ws/install/dynamixel_sdk_examples/share/dynamixel_sdk_examples/local_setup.zsh
[0.402s] -- Up-to-date: /home/odroid/ros2_thrust_ws/install/dynamixel_sdk_examples/share/dynamixel_sdk_examples/local_setup.dsv
[0.403s] -- Installing: /home/odroid/ros2_thrust_ws/install/dynamixel_sdk_examples/share/dynamixel_sdk_examples/package.dsv
[0.404s] -- Up-to-date: /home/odroid/ros2_thrust_ws/install/dynamixel_sdk_examples/share/ament_index/resource_index/packages/dynamixel_sdk_examples
[0.405s] -- Up-to-date: /home/odroid/ros2_thrust_ws/install/dynamixel_sdk_examples/share/dynamixel_sdk_examples/cmake/dynamixel_sdk_examplesConfig.cmake
[0.407s] -- Up-to-date: /home/odroid/ros2_thrust_ws/install/dynamixel_sdk_examples/share/dynamixel_sdk_examples/cmake/dynamixel_sdk_examplesConfig-version.cmake
[0.408s] -- Up-to-date: /home/odroid/ros2_thrust_ws/install/dynamixel_sdk_examples/share/dynamixel_sdk_examples/package.xml
[0.410s] Invoked command in '/home/odroid/ros2_thrust_ws/build/dynamixel_sdk_examples' returned '0': CMAKE_PREFIX_PATH=/home/odroid/ros2_thrust_ws/install/dynamixel_sdk_custom_interfaces:/home/odroid/ros2_thrust_ws/install/dynamixel_sdk:/home/odroid/ros2_thrust_ws/install/flightstack:/home/odroid/ros2_thrust_ws/install/px4_msgs:/home/odroid/ros2_thrust_ws/install/dynamixel_sdk_examples:/home/odroid/ros2_thrust_ws/install/drone_dynamixel_bridge:/opt/ros/galactic LD_LIBRARY_PATH=/home/odroid/ros2_thrust_ws/install/dynamixel_sdk_custom_interfaces/lib:/home/odroid/ros2_thrust_ws/install/dynamixel_sdk/lib:/home/odroid/ros2_thrust_ws/install/px4_msgs/lib:/opt/ros/galactic/opt/yaml_cpp_vendor/lib:/opt/ros/galactic/lib/aarch64-linux-gnu:/opt/ros/galactic/lib PYTHONPATH=/home/odroid/ros2_thrust_ws/install/dynamixel_sdk_custom_interfaces/lib/python3.8/site-packages:/home/odroid/ros2_thrust_ws/install/px4_msgs/lib/python3.8/site-packages:/opt/ros/galactic/lib/python3.8/site-packages /usr/bin/cmake --install /home/odroid/ros2_thrust_ws/build/dynamixel_sdk_examples
