[0.138s] Invoking command in '/home/odroid/ros2_thrust_ws/build/dynamixel_sdk_custom_interfaces': CMAKE_PREFIX_PATH=${CMAKE_PREFIX_PATH}:/opt/ros/galactic /usr/bin/cmake --build /home/odroid/ros2_thrust_ws/build/dynamixel_sdk_custom_interfaces -- -j4 -l4
[0.277s] [  3%] Built target dynamixel_sdk_custom_interfaces__cpp
[0.283s] [ 17%] Built target dynamixel_sdk_custom_interfaces__rosidl_generator_c
[0.344s] [ 31%] Built target dynamixel_sdk_custom_interfaces__rosidl_typesupport_introspection_c
[0.349s] [ 44%] Built target dynamixel_sdk_custom_interfaces__rosidl_typesupport_introspection_cpp
[0.403s] [ 58%] Built target dynamixel_sdk_custom_interfaces__rosidl_typesupport_c
[0.417s] [ 72%] Built target dynamixel_sdk_custom_interfaces__rosidl_typesupport_cpp
[0.467s] [ 72%] Built target dynamixel_sdk_custom_interfaces
[0.522s] [ 75%] Built target dynamixel_sdk_custom_interfaces__py
[0.597s] [ 86%] Built target dynamixel_sdk_custom_interfaces__python
[0.731s] [ 93%] Built target dynamixel_sdk_custom_interfaces__rosidl_typesupport_introspection_c__pyext
[0.732s] [100%] Built target dynamixel_sdk_custom_interfaces__rosidl_typesupport_c__pyext
[0.839s] Invoked command in '/home/odroid/ros2_thrust_ws/build/dynamixel_sdk_custom_interfaces' returned '0': CMAKE_PREFIX_PATH=${CMAKE_PREFIX_PATH}:/opt/ros/galactic /usr/bin/cmake --build /home/odroid/ros2_thrust_ws/build/dynamixel_sdk_custom_interfaces -- -j4 -l4
[1.138s] Invoking command in '/home/odroid/ros2_thrust_ws/build/dynamixel_sdk_custom_interfaces': CMAKE_PREFIX_PATH=${CMAKE_PREFIX_PATH}:/opt/ros/galactic /usr/bin/cmake --install /home/odroid/ros2_thrust_ws/build/dynamixel_sdk_custom_interfaces
[1.162s] -- Install configuration: ""
[1.164s] -- Up-to-date: /home/odroid/ros2_thrust_ws/install/dynamixel_sdk_custom_interfaces/share/ament_index/resource_index/rosidl_interfaces/dynamixel_sdk_custom_interfaces
[1.166s] -- Up-to-date: /home/odroid/ros2_thrust_ws/install/dynamixel_sdk_custom_interfaces/include/dynamixel_sdk_custom_interfaces
[1.168s] -- Up-to-date: /home/odroid/ros2_thrust_ws/install/dynamixel_sdk_custom_interfaces/include/dynamixel_sdk_custom_interfaces/msg
[1.170s] -- Up-to-date: /home/odroid/ros2_thrust_ws/install/dynamixel_sdk_custom_interfaces/include/dynamixel_sdk_custom_interfaces/msg/detail
[1.171s] -- Up-to-date: /home/odroid/ros2_thrust_ws/install/dynamixel_sdk_custom_interfaces/include/dynamixel_sdk_custom_interfaces/msg/detail/set_position__functions.c
[1.172s] -- Up-to-date: /home/odroid/ros2_thrust_ws/install/dynamixel_sdk_custom_interfaces/include/dynamixel_sdk_custom_interfaces/msg/detail/set_position__struct.h
[1.175s] -- Up-to-date: /home/odroid/ros2_thrust_ws/install/dynamixel_sdk_custom_interfaces/include/dynamixel_sdk_custom_interfaces/msg/detail/set_position__functions.h
[1.177s] -- Up-to-date: /home/odroid/ros2_thrust_ws/install/dynamixel_sdk_custom_interfaces/include/dynamixel_sdk_custom_interfaces/msg/detail/set_position__type_support.h
[1.178s] -- Up-to-date: /home/odroid/ros2_thrust_ws/install/dynamixel_sdk_custom_interfaces/include/dynamixel_sdk_custom_interfaces/msg/rosidl_generator_c__visibility_control.h
[1.180s] -- Up-to-date: /home/odroid/ros2_thrust_ws/install/dynamixel_sdk_custom_interfaces/include/dynamixel_sdk_custom_interfaces/msg/set_position.h
[1.182s] -- Up-to-date: /home/odroid/ros2_thrust_ws/install/dynamixel_sdk_custom_interfaces/include/dynamixel_sdk_custom_interfaces/srv
[1.183s] -- Up-to-date: /home/odroid/ros2_thrust_ws/install/dynamixel_sdk_custom_interfaces/include/dynamixel_sdk_custom_interfaces/srv/detail
[1.184s] -- Up-to-date: /home/odroid/ros2_thrust_ws/install/dynamixel_sdk_custom_interfaces/include/dynamixel_sdk_custom_interfaces/srv/detail/get_position__type_support.h
[1.185s] -- Up-to-date: /home/odroid/ros2_thrust_ws/install/dynamixel_sdk_custom_interfaces/include/dynamixel_sdk_custom_interfaces/srv/detail/get_position__functions.c
[1.186s] -- Up-to-date: /home/odroid/ros2_thrust_ws/install/dynamixel_sdk_custom_interfaces/include/dynamixel_sdk_custom_interfaces/srv/detail/get_position__functions.h
[1.187s] -- Up-to-date: /home/odroid/ros2_thrust_ws/install/dynamixel_sdk_custom_interfaces/include/dynamixel_sdk_custom_interfaces/srv/detail/get_position__struct.h
[1.188s] -- Up-to-date: /home/odroid/ros2_thrust_ws/install/dynamixel_sdk_custom_interfaces/include/dynamixel_sdk_custom_interfaces/srv/get_position.h
[1.189s] -- Up-to-date: /home/odroid/ros2_thrust_ws/install/dynamixel_sdk_custom_interfaces/share/dynamixel_sdk_custom_interfaces/environment/library_path.sh
[1.190s] -- Up-to-date: /home/odroid/ros2_thrust_ws/install/dynamixel_sdk_custom_interfaces/share/dynamixel_sdk_custom_interfaces/environment/library_path.dsv
[1.191s] -- Up-to-date: /home/odroid/ros2_thrust_ws/install/dynamixel_sdk_custom_interfaces/lib/libdynamixel_sdk_custom_interfaces__rosidl_generator_c.so
[1.192s] -- Up-to-date: /home/odroid/ros2_thrust_ws/install/dynamixel_sdk_custom_interfaces/include/dynamixel_sdk_custom_interfaces
[1.193s] -- Up-to-date: /home/odroid/ros2_thrust_ws/install/dynamixel_sdk_custom_interfaces/include/dynamixel_sdk_custom_interfaces/msg
[1.195s] -- Up-to-date: /home/odroid/ros2_thrust_ws/install/dynamixel_sdk_custom_interfaces/include/dynamixel_sdk_custom_interfaces/msg/detail
[1.196s] -- Up-to-date: /home/odroid/ros2_thrust_ws/install/dynamixel_sdk_custom_interfaces/include/dynamixel_sdk_custom_interfaces/msg/detail/set_position__type_support.c
[1.197s] -- Up-to-date: /home/odroid/ros2_thrust_ws/install/dynamixel_sdk_custom_interfaces/include/dynamixel_sdk_custom_interfaces/msg/detail/set_position__rosidl_typesupport_introspection_c.h
[1.198s] -- Up-to-date: /home/odroid/ros2_thrust_ws/install/dynamixel_sdk_custom_interfaces/include/dynamixel_sdk_custom_interfaces/msg/rosidl_typesupport_introspection_c__visibility_control.h
[1.198s] -- Up-to-date: /home/odroid/ros2_thrust_ws/install/dynamixel_sdk_custom_interfaces/include/dynamixel_sdk_custom_interfaces/srv
[1.199s] -- Up-to-date: /home/odroid/ros2_thrust_ws/install/dynamixel_sdk_custom_interfaces/include/dynamixel_sdk_custom_interfaces/srv/detail
[1.201s] -- Up-to-date: /home/odroid/ros2_thrust_ws/install/dynamixel_sdk_custom_interfaces/include/dynamixel_sdk_custom_interfaces/srv/detail/get_position__type_support.c
[1.201s] -- Up-to-date: /home/odroid/ros2_thrust_ws/install/dynamixel_sdk_custom_interfaces/include/dynamixel_sdk_custom_interfaces/srv/detail/get_position__rosidl_typesupport_introspection_c.h
[1.202s] -- Up-to-date: /home/odroid/ros2_thrust_ws/install/dynamixel_sdk_custom_interfaces/lib/libdynamixel_sdk_custom_interfaces__rosidl_typesupport_introspection_c.so
[1.203s] -- Up-to-date: /home/odroid/ros2_thrust_ws/install/dynamixel_sdk_custom_interfaces/lib/libdynamixel_sdk_custom_interfaces__rosidl_typesupport_c.so
[1.204s] -- Up-to-date: /home/odroid/ros2_thrust_ws/install/dynamixel_sdk_custom_interfaces/include/dynamixel_sdk_custom_interfaces
[1.205s] -- Up-to-date: /home/odroid/ros2_thrust_ws/install/dynamixel_sdk_custom_interfaces/include/dynamixel_sdk_custom_interfaces/msg
[1.206s] -- Up-to-date: /home/odroid/ros2_thrust_ws/install/dynamixel_sdk_custom_interfaces/include/dynamixel_sdk_custom_interfaces/msg/detail
[1.207s] -- Up-to-date: /home/odroid/ros2_thrust_ws/install/dynamixel_sdk_custom_interfaces/include/dynamixel_sdk_custom_interfaces/msg/detail/set_position__struct.hpp
[1.208s] -- Up-to-date: /home/odroid/ros2_thrust_ws/install/dynamixel_sdk_custom_interfaces/include/dynamixel_sdk_custom_interfaces/msg/detail/set_position__traits.hpp
[1.209s] -- Up-to-date: /home/odroid/ros2_thrust_ws/install/dynamixel_sdk_custom_interfaces/include/dynamixel_sdk_custom_interfaces/msg/detail/set_position__builder.hpp
[1.210s] -- Up-to-date: /home/odroid/ros2_thrust_ws/install/dynamixel_sdk_custom_interfaces/include/dynamixel_sdk_custom_interfaces/msg/set_position.hpp
[1.211s] -- Up-to-date: /home/odroid/ros2_thrust_ws/install/dynamixel_sdk_custom_interfaces/include/dynamixel_sdk_custom_interfaces/srv
[1.212s] -- Up-to-date: /home/odroid/ros2_thrust_ws/install/dynamixel_sdk_custom_interfaces/include/dynamixel_sdk_custom_interfaces/srv/detail
[1.213s] -- Up-to-date: /home/odroid/ros2_thrust_ws/install/dynamixel_sdk_custom_interfaces/include/dynamixel_sdk_custom_interfaces/srv/detail/get_position__traits.hpp
[1.214s] -- Up-to-date: /home/odroid/ros2_thrust_ws/install/dynamixel_sdk_custom_interfaces/include/dynamixel_sdk_custom_interfaces/srv/detail/get_position__builder.hpp
[1.215s] -- Up-to-date: /home/odroid/ros2_thrust_ws/install/dynamixel_sdk_custom_interfaces/include/dynamixel_sdk_custom_interfaces/srv/detail/get_position__struct.hpp
[1.216s] -- Up-to-date: /home/odroid/ros2_thrust_ws/install/dynamixel_sdk_custom_interfaces/include/dynamixel_sdk_custom_interfaces/srv/get_position.hpp
[1.217s] -- Up-to-date: /home/odroid/ros2_thrust_ws/install/dynamixel_sdk_custom_interfaces/include/dynamixel_sdk_custom_interfaces
[1.218s] -- Up-to-date: /home/odroid/ros2_thrust_ws/install/dynamixel_sdk_custom_interfaces/include/dynamixel_sdk_custom_interfaces/msg
[1.219s] -- Up-to-date: /home/odroid/ros2_thrust_ws/install/dynamixel_sdk_custom_interfaces/include/dynamixel_sdk_custom_interfaces/msg/detail
[1.220s] -- Up-to-date: /home/odroid/ros2_thrust_ws/install/dynamixel_sdk_custom_interfaces/include/dynamixel_sdk_custom_interfaces/msg/detail/set_position__rosidl_typesupport_introspection_cpp.hpp
[1.222s] -- Up-to-date: /home/odroid/ros2_thrust_ws/install/dynamixel_sdk_custom_interfaces/include/dynamixel_sdk_custom_interfaces/msg/detail/set_position__type_support.cpp
[1.223s] -- Up-to-date: /home/odroid/ros2_thrust_ws/install/dynamixel_sdk_custom_interfaces/include/dynamixel_sdk_custom_interfaces/srv
[1.224s] -- Up-to-date: /home/odroid/ros2_thrust_ws/install/dynamixel_sdk_custom_interfaces/include/dynamixel_sdk_custom_interfaces/srv/detail
[1.225s] -- Up-to-date: /home/odroid/ros2_thrust_ws/install/dynamixel_sdk_custom_interfaces/include/dynamixel_sdk_custom_interfaces/srv/detail/get_position__type_support.cpp
[1.226s] -- Up-to-date: /home/odroid/ros2_thrust_ws/install/dynamixel_sdk_custom_interfaces/include/dynamixel_sdk_custom_interfaces/srv/detail/get_position__rosidl_typesupport_introspection_cpp.hpp
[1.227s] -- Up-to-date: /home/odroid/ros2_thrust_ws/install/dynamixel_sdk_custom_interfaces/lib/libdynamixel_sdk_custom_interfaces__rosidl_typesupport_introspection_cpp.so
[1.228s] -- Up-to-date: /home/odroid/ros2_thrust_ws/install/dynamixel_sdk_custom_interfaces/lib/libdynamixel_sdk_custom_interfaces__rosidl_typesupport_cpp.so
[1.230s] -- Up-to-date: /home/odroid/ros2_thrust_ws/install/dynamixel_sdk_custom_interfaces/share/dynamixel_sdk_custom_interfaces/environment/pythonpath.sh
[1.231s] -- Up-to-date: /home/odroid/ros2_thrust_ws/install/dynamixel_sdk_custom_interfaces/share/dynamixel_sdk_custom_interfaces/environment/pythonpath.dsv
[1.232s] -- Up-to-date: /home/odroid/ros2_thrust_ws/install/dynamixel_sdk_custom_interfaces/lib/python3.8/site-packages/dynamixel_sdk_custom_interfaces/__init__.py
[1.462s] -- Up-to-date: /home/odroid/ros2_thrust_ws/install/dynamixel_sdk_custom_interfaces/lib/python3.8/site-packages/dynamixel_sdk_custom_interfaces/msg
[1.464s] -- Up-to-date: /home/odroid/ros2_thrust_ws/install/dynamixel_sdk_custom_interfaces/lib/python3.8/site-packages/dynamixel_sdk_custom_interfaces/msg/_set_position_s.c
[1.465s] -- Up-to-date: /home/odroid/ros2_thrust_ws/install/dynamixel_sdk_custom_interfaces/lib/python3.8/site-packages/dynamixel_sdk_custom_interfaces/msg/_set_position.py
[1.467s] -- Up-to-date: /home/odroid/ros2_thrust_ws/install/dynamixel_sdk_custom_interfaces/lib/python3.8/site-packages/dynamixel_sdk_custom_interfaces/msg/__init__.py
[1.468s] -- Up-to-date: /home/odroid/ros2_thrust_ws/install/dynamixel_sdk_custom_interfaces/lib/python3.8/site-packages/dynamixel_sdk_custom_interfaces/srv
[1.469s] -- Up-to-date: /home/odroid/ros2_thrust_ws/install/dynamixel_sdk_custom_interfaces/lib/python3.8/site-packages/dynamixel_sdk_custom_interfaces/srv/_get_position.py
[1.471s] -- Up-to-date: /home/odroid/ros2_thrust_ws/install/dynamixel_sdk_custom_interfaces/lib/python3.8/site-packages/dynamixel_sdk_custom_interfaces/srv/_get_position_s.c
[1.473s] -- Up-to-date: /home/odroid/ros2_thrust_ws/install/dynamixel_sdk_custom_interfaces/lib/python3.8/site-packages/dynamixel_sdk_custom_interfaces/srv/__init__.py
[1.476s] -- Up-to-date: /home/odroid/ros2_thrust_ws/install/dynamixel_sdk_custom_interfaces/lib/python3.8/site-packages/dynamixel_sdk_custom_interfaces/dynamixel_sdk_custom_interfaces_s__rosidl_typesupport_introspection_c.cpython-38-aarch64-linux-gnu.so
[1.477s] -- Up-to-date: /home/odroid/ros2_thrust_ws/install/dynamixel_sdk_custom_interfaces/lib/python3.8/site-packages/dynamixel_sdk_custom_interfaces/dynamixel_sdk_custom_interfaces_s__rosidl_typesupport_c.cpython-38-aarch64-linux-gnu.so
[1.479s] -- Up-to-date: /home/odroid/ros2_thrust_ws/install/dynamixel_sdk_custom_interfaces/lib/libdynamixel_sdk_custom_interfaces__python.so
[1.481s] -- Up-to-date: /home/odroid/ros2_thrust_ws/install/dynamixel_sdk_custom_interfaces/share/dynamixel_sdk_custom_interfaces/msg/SetPosition.idl
[1.482s] -- Up-to-date: /home/odroid/ros2_thrust_ws/install/dynamixel_sdk_custom_interfaces/share/dynamixel_sdk_custom_interfaces/srv/GetPosition.idl
[1.484s] -- Up-to-date: /home/odroid/ros2_thrust_ws/install/dynamixel_sdk_custom_interfaces/share/dynamixel_sdk_custom_interfaces/msg/SetPosition.msg
[1.486s] -- Up-to-date: /home/odroid/ros2_thrust_ws/install/dynamixel_sdk_custom_interfaces/share/dynamixel_sdk_custom_interfaces/srv/GetPosition.srv
[1.488s] -- Up-to-date: /home/odroid/ros2_thrust_ws/install/dynamixel_sdk_custom_interfaces/share/dynamixel_sdk_custom_interfaces/srv/GetPosition_Request.msg
[1.489s] -- Up-to-date: /home/odroid/ros2_thrust_ws/install/dynamixel_sdk_custom_interfaces/share/dynamixel_sdk_custom_interfaces/srv/GetPosition_Response.msg
[1.490s] -- Up-to-date: /home/odroid/ros2_thrust_ws/install/dynamixel_sdk_custom_interfaces/share/ament_index/resource_index/package_run_dependencies/dynamixel_sdk_custom_interfaces
[1.491s] -- Up-to-date: /home/odroid/ros2_thrust_ws/install/dynamixel_sdk_custom_interfaces/share/ament_index/resource_index/parent_prefix_path/dynamixel_sdk_custom_interfaces
[1.492s] -- Up-to-date: /home/odroid/ros2_thrust_ws/install/dynamixel_sdk_custom_interfaces/share/dynamixel_sdk_custom_interfaces/environment/ament_prefix_path.sh
[1.494s] -- Up-to-date: /home/odroid/ros2_thrust_ws/install/dynamixel_sdk_custom_interfaces/share/dynamixel_sdk_custom_interfaces/environment/ament_prefix_path.dsv
[1.496s] -- Up-to-date: /home/odroid/ros2_thrust_ws/install/dynamixel_sdk_custom_interfaces/share/dynamixel_sdk_custom_interfaces/environment/path.sh
[1.502s] -- Up-to-date: /home/odroid/ros2_thrust_ws/install/dynamixel_sdk_custom_interfaces/share/dynamixel_sdk_custom_interfaces/environment/path.dsv
[1.505s] -- Up-to-date: /home/odroid/ros2_thrust_ws/install/dynamixel_sdk_custom_interfaces/share/dynamixel_sdk_custom_interfaces/local_setup.bash
[1.507s] -- Up-to-date: /home/odroid/ros2_thrust_ws/install/dynamixel_sdk_custom_interfaces/share/dynamixel_sdk_custom_interfaces/local_setup.sh
[1.508s] -- Up-to-date: /home/odroid/ros2_thrust_ws/install/dynamixel_sdk_custom_interfaces/share/dynamixel_sdk_custom_interfaces/local_setup.zsh
[1.509s] -- Up-to-date: /home/odroid/ros2_thrust_ws/install/dynamixel_sdk_custom_interfaces/share/dynamixel_sdk_custom_interfaces/local_setup.dsv
[1.511s] -- Installing: /home/odroid/ros2_thrust_ws/install/dynamixel_sdk_custom_interfaces/share/dynamixel_sdk_custom_interfaces/package.dsv
[1.512s] -- Up-to-date: /home/odroid/ros2_thrust_ws/install/dynamixel_sdk_custom_interfaces/share/ament_index/resource_index/packages/dynamixel_sdk_custom_interfaces
[1.513s] -- Up-to-date: /home/odroid/ros2_thrust_ws/install/dynamixel_sdk_custom_interfaces/share/dynamixel_sdk_custom_interfaces/cmake/dynamixel_sdk_custom_interfaces__rosidl_generator_cExport.cmake
[1.514s] -- Up-to-date: /home/odroid/ros2_thrust_ws/install/dynamixel_sdk_custom_interfaces/share/dynamixel_sdk_custom_interfaces/cmake/dynamixel_sdk_custom_interfaces__rosidl_generator_cExport-noconfig.cmake
[1.515s] -- Up-to-date: /home/odroid/ros2_thrust_ws/install/dynamixel_sdk_custom_interfaces/share/dynamixel_sdk_custom_interfaces/cmake/dynamixel_sdk_custom_interfaces__rosidl_typesupport_introspection_cExport.cmake
[1.516s] -- Up-to-date: /home/odroid/ros2_thrust_ws/install/dynamixel_sdk_custom_interfaces/share/dynamixel_sdk_custom_interfaces/cmake/dynamixel_sdk_custom_interfaces__rosidl_typesupport_introspection_cExport-noconfig.cmake
[1.518s] -- Up-to-date: /home/odroid/ros2_thrust_ws/install/dynamixel_sdk_custom_interfaces/share/dynamixel_sdk_custom_interfaces/cmake/dynamixel_sdk_custom_interfaces__rosidl_typesupport_cExport.cmake
[1.519s] -- Up-to-date: /home/odroid/ros2_thrust_ws/install/dynamixel_sdk_custom_interfaces/share/dynamixel_sdk_custom_interfaces/cmake/dynamixel_sdk_custom_interfaces__rosidl_typesupport_cExport-noconfig.cmake
[1.520s] -- Up-to-date: /home/odroid/ros2_thrust_ws/install/dynamixel_sdk_custom_interfaces/share/dynamixel_sdk_custom_interfaces/cmake/dynamixel_sdk_custom_interfaces__rosidl_generator_cppExport.cmake
[1.522s] -- Up-to-date: /home/odroid/ros2_thrust_ws/install/dynamixel_sdk_custom_interfaces/share/dynamixel_sdk_custom_interfaces/cmake/dynamixel_sdk_custom_interfaces__rosidl_typesupport_introspection_cppExport.cmake
[1.523s] -- Up-to-date: /home/odroid/ros2_thrust_ws/install/dynamixel_sdk_custom_interfaces/share/dynamixel_sdk_custom_interfaces/cmake/dynamixel_sdk_custom_interfaces__rosidl_typesupport_introspection_cppExport-noconfig.cmake
[1.524s] -- Up-to-date: /home/odroid/ros2_thrust_ws/install/dynamixel_sdk_custom_interfaces/share/dynamixel_sdk_custom_interfaces/cmake/dynamixel_sdk_custom_interfaces__rosidl_typesupport_cppExport.cmake
[1.525s] -- Up-to-date: /home/odroid/ros2_thrust_ws/install/dynamixel_sdk_custom_interfaces/share/dynamixel_sdk_custom_interfaces/cmake/dynamixel_sdk_custom_interfaces__rosidl_typesupport_cppExport-noconfig.cmake
[1.527s] -- Up-to-date: /home/odroid/ros2_thrust_ws/install/dynamixel_sdk_custom_interfaces/share/dynamixel_sdk_custom_interfaces/cmake/rosidl_cmake-extras.cmake
[1.528s] -- Up-to-date: /home/odroid/ros2_thrust_ws/install/dynamixel_sdk_custom_interfaces/share/dynamixel_sdk_custom_interfaces/cmake/ament_cmake_export_dependencies-extras.cmake
[1.529s] -- Up-to-date: /home/odroid/ros2_thrust_ws/install/dynamixel_sdk_custom_interfaces/share/dynamixel_sdk_custom_interfaces/cmake/ament_cmake_export_libraries-extras.cmake
[1.530s] -- Up-to-date: /home/odroid/ros2_thrust_ws/install/dynamixel_sdk_custom_interfaces/share/dynamixel_sdk_custom_interfaces/cmake/ament_cmake_export_targets-extras.cmake
[1.532s] -- Up-to-date: /home/odroid/ros2_thrust_ws/install/dynamixel_sdk_custom_interfaces/share/dynamixel_sdk_custom_interfaces/cmake/ament_cmake_export_include_directories-extras.cmake
[1.534s] -- Up-to-date: /home/odroid/ros2_thrust_ws/install/dynamixel_sdk_custom_interfaces/share/dynamixel_sdk_custom_interfaces/cmake/rosidl_cmake_export_typesupport_targets-extras.cmake
[1.535s] -- Up-to-date: /home/odroid/ros2_thrust_ws/install/dynamixel_sdk_custom_interfaces/share/dynamixel_sdk_custom_interfaces/cmake/dynamixel_sdk_custom_interfacesConfig.cmake
[1.536s] -- Up-to-date: /home/odroid/ros2_thrust_ws/install/dynamixel_sdk_custom_interfaces/share/dynamixel_sdk_custom_interfaces/cmake/dynamixel_sdk_custom_interfacesConfig-version.cmake
[1.537s] -- Up-to-date: /home/odroid/ros2_thrust_ws/install/dynamixel_sdk_custom_interfaces/share/dynamixel_sdk_custom_interfaces/package.xml
[1.539s] Invoked command in '/home/odroid/ros2_thrust_ws/build/dynamixel_sdk_custom_interfaces' returned '0': CMAKE_PREFIX_PATH=${CMAKE_PREFIX_PATH}:/opt/ros/galactic /usr/bin/cmake --install /home/odroid/ros2_thrust_ws/build/dynamixel_sdk_custom_interfaces
