[0.203s] Invoking command in '/home/odroid/ros2_thrust_ws/build/dynamixel_sdk': CMAKE_PREFIX_PATH=${CMAKE_PREFIX_PATH}:/opt/ros/galactic /usr/bin/cmake --build /home/odroid/ros2_thrust_ws/build/dynamixel_sdk -- -j4 -l4
[0.433s] [100%] Built target dynamixel_sdk
[0.546s] Invoked command in '/home/odroid/ros2_thrust_ws/build/dynamixel_sdk' returned '0': CMAKE_PREFIX_PATH=${CMAKE_PREFIX_PATH}:/opt/ros/galactic /usr/bin/cmake --build /home/odroid/ros2_thrust_ws/build/dynamixel_sdk -- -j4 -l4
[0.975s] Invoking command in '/home/odroid/ros2_thrust_ws/build/dynamixel_sdk': CMAKE_PREFIX_PATH=${CMAKE_PREFIX_PATH}:/opt/ros/galactic /usr/bin/cmake --install /home/odroid/ros2_thrust_ws/build/dynamixel_sdk
[1.027s] -- Install configuration: ""
[1.028s] -- Up-to-date: /home/odroid/ros2_thrust_ws/install/dynamixel_sdk/include/
[1.031s] -- Up-to-date: /home/odroid/ros2_thrust_ws/install/dynamixel_sdk/include//dynamixel_sdk
[1.033s] -- Up-to-date: /home/odroid/ros2_thrust_ws/install/dynamixel_sdk/include//dynamixel_sdk/protocol2_packet_handler.h
[1.035s] -- Up-to-date: /home/odroid/ros2_thrust_ws/install/dynamixel_sdk/include//dynamixel_sdk/group_fast_bulk_read.h
[1.039s] -- Up-to-date: /home/odroid/ros2_thrust_ws/install/dynamixel_sdk/include//dynamixel_sdk/port_handler.h
[1.040s] -- Up-to-date: /home/odroid/ros2_thrust_ws/install/dynamixel_sdk/include//dynamixel_sdk/port_handler_mac.h
[1.041s] -- Up-to-date: /home/odroid/ros2_thrust_ws/install/dynamixel_sdk/include//dynamixel_sdk/group_bulk_read.h
[1.049s] -- Up-to-date: /home/odroid/ros2_thrust_ws/install/dynamixel_sdk/include//dynamixel_sdk/group_sync_read.h
[1.050s] -- Up-to-date: /home/odroid/ros2_thrust_ws/install/dynamixel_sdk/include//dynamixel_sdk/port_handler_linux.h
[1.051s] -- Up-to-date: /home/odroid/ros2_thrust_ws/install/dynamixel_sdk/include//dynamixel_sdk/group_bulk_write.h
[1.052s] -- Up-to-date: /home/odroid/ros2_thrust_ws/install/dynamixel_sdk/include//dynamixel_sdk/port_handler_windows.h
[1.060s] -- Up-to-date: /home/odroid/ros2_thrust_ws/install/dynamixel_sdk/include//dynamixel_sdk/dynamixel_sdk.h
[1.061s] -- Up-to-date: /home/odroid/ros2_thrust_ws/install/dynamixel_sdk/include//dynamixel_sdk/port_handler_arduino.h
[1.062s] -- Up-to-date: /home/odroid/ros2_thrust_ws/install/dynamixel_sdk/include//dynamixel_sdk/group_handler.h
[1.069s] -- Up-to-date: /home/odroid/ros2_thrust_ws/install/dynamixel_sdk/include//dynamixel_sdk/group_sync_write.h
[1.071s] -- Up-to-date: /home/odroid/ros2_thrust_ws/install/dynamixel_sdk/include//dynamixel_sdk/group_fast_sync_read.h
[1.075s] -- Up-to-date: /home/odroid/ros2_thrust_ws/install/dynamixel_sdk/include//dynamixel_sdk/protocol1_packet_handler.h
[1.081s] -- Up-to-date: /home/odroid/ros2_thrust_ws/install/dynamixel_sdk/include//dynamixel_sdk/packet_handler.h
[1.083s] -- Up-to-date: /home/odroid/ros2_thrust_ws/install/dynamixel_sdk/lib/libdynamixel_sdk.so
[1.084s] -- Up-to-date: /home/odroid/ros2_thrust_ws/install/dynamixel_sdk/share/dynamixel_sdk/environment/library_path.sh
[1.086s] -- Up-to-date: /home/odroid/ros2_thrust_ws/install/dynamixel_sdk/share/dynamixel_sdk/environment/library_path.dsv
[1.087s] -- Up-to-date: /home/odroid/ros2_thrust_ws/install/dynamixel_sdk/share/ament_index/resource_index/package_run_dependencies/dynamixel_sdk
[1.088s] -- Up-to-date: /home/odroid/ros2_thrust_ws/install/dynamixel_sdk/share/ament_index/resource_index/parent_prefix_path/dynamixel_sdk
[1.089s] -- Up-to-date: /home/odroid/ros2_thrust_ws/install/dynamixel_sdk/share/dynamixel_sdk/environment/ament_prefix_path.sh
[1.119s] -- Up-to-date: /home/odroid/ros2_thrust_ws/install/dynamixel_sdk/share/dynamixel_sdk/environment/ament_prefix_path.dsv
[1.121s] -- Up-to-date: /home/odroid/ros2_thrust_ws/install/dynamixel_sdk/share/dynamixel_sdk/environment/path.sh
[1.122s] -- Up-to-date: /home/odroid/ros2_thrust_ws/install/dynamixel_sdk/share/dynamixel_sdk/environment/path.dsv
[1.123s] -- Up-to-date: /home/odroid/ros2_thrust_ws/install/dynamixel_sdk/share/dynamixel_sdk/local_setup.bash
[1.125s] -- Up-to-date: /home/odroid/ros2_thrust_ws/install/dynamixel_sdk/share/dynamixel_sdk/local_setup.sh
[1.127s] -- Up-to-date: /home/odroid/ros2_thrust_ws/install/dynamixel_sdk/share/dynamixel_sdk/local_setup.zsh
[1.129s] -- Up-to-date: /home/odroid/ros2_thrust_ws/install/dynamixel_sdk/share/dynamixel_sdk/local_setup.dsv
[1.130s] -- Installing: /home/odroid/ros2_thrust_ws/install/dynamixel_sdk/share/dynamixel_sdk/package.dsv
[1.142s] -- Up-to-date: /home/odroid/ros2_thrust_ws/install/dynamixel_sdk/share/ament_index/resource_index/packages/dynamixel_sdk
[1.144s] -- Up-to-date: /home/odroid/ros2_thrust_ws/install/dynamixel_sdk/share/dynamixel_sdk/cmake/ament_cmake_export_include_directories-extras.cmake
[1.146s] -- Up-to-date: /home/odroid/ros2_thrust_ws/install/dynamixel_sdk/share/dynamixel_sdk/cmake/ament_cmake_export_libraries-extras.cmake
[1.147s] -- Up-to-date: /home/odroid/ros2_thrust_ws/install/dynamixel_sdk/share/dynamixel_sdk/cmake/dynamixel_sdkConfig.cmake
[1.149s] -- Up-to-date: /home/odroid/ros2_thrust_ws/install/dynamixel_sdk/share/dynamixel_sdk/cmake/dynamixel_sdkConfig-version.cmake
[1.163s] -- Up-to-date: /home/odroid/ros2_thrust_ws/install/dynamixel_sdk/share/dynamixel_sdk/package.xml
[1.165s] Invoked command in '/home/odroid/ros2_thrust_ws/build/dynamixel_sdk' returned '0': CMAKE_PREFIX_PATH=${CMAKE_PREFIX_PATH}:/opt/ros/galactic /usr/bin/cmake --install /home/odroid/ros2_thrust_ws/build/dynamixel_sdk
