[0.117s] Invoking command in '/home/odroid/ros2_thrust_ws/build/dynamixel_sdk_examples': CMAKE_PREFIX_PATH=/home/odroid/ros2_thrust_ws/install/dynamixel_sdk_custom_interfaces:/home/odroid/ros2_thrust_ws/install/dynamixel_sdk:/home/odroid/ros2_thrust_ws/install/flightstack:/home/odroid/ros2_thrust_ws/install/px4_msgs:/home/odroid/ros2_thrust_ws/install/dynamixel_sdk_examples:/home/odroid/ros2_thrust_ws/install/drone_dynamixel_bridge:/opt/ros/galactic LD_LIBRARY_PATH=/home/odroid/ros2_thrust_ws/install/dynamixel_sdk_custom_interfaces/lib:/home/odroid/ros2_thrust_ws/install/dynamixel_sdk/lib:/home/odroid/ros2_thrust_ws/install/px4_msgs/lib:/opt/ros/galactic/opt/yaml_cpp_vendor/lib:/opt/ros/galactic/lib/aarch64-linux-gnu:/opt/ros/galactic/lib PYTHONPATH=/home/odroid/ros2_thrust_ws/install/dynamixel_sdk_custom_interfaces/lib/python3.8/site-packages:/home/odroid/ros2_thrust_ws/install/px4_msgs/lib/python3.8/site-packages:/opt/ros/galactic/lib/python3.8/site-packages /usr/bin/cmake --build /home/odroid/ros2_thrust_ws/build/dynamixel_sdk_examples -- -j4 -l4
[0.315s] [100%] Built target read_write_node
[0.359s] Invoked command in '/home/odroid/ros2_thrust_ws/build/dynamixel_sdk_examples' returned '0': CMAKE_PREFIX_PATH=/home/odroid/ros2_thrust_ws/install/dynamixel_sdk_custom_interfaces:/home/odroid/ros2_thrust_ws/install/dynamixel_sdk:/home/odroid/ros2_thrust_ws/install/flightstack:/home/odroid/ros2_thrust_ws/install/px4_msgs:/home/odroid/ros2_thrust_ws/install/dynamixel_sdk_examples:/home/odroid/ros2_thrust_ws/install/drone_dynamixel_bridge:/opt/ros/galactic LD_LIBRARY_PATH=/home/odroid/ros2_thrust_ws/install/dynamixel_sdk_custom_interfaces/lib:/home/odroid/ros2_thrust_ws/install/dynamixel_sdk/lib:/home/odroid/ros2_thrust_ws/install/px4_msgs/lib:/opt/ros/galactic/opt/yaml_cpp_vendor/lib:/opt/ros/galactic/lib/aarch64-linux-gnu:/opt/ros/galactic/lib PYTHONPATH=/home/odroid/ros2_thrust_ws/install/dynamixel_sdk_custom_interfaces/lib/python3.8/site-packages:/home/odroid/ros2_thrust_ws/install/px4_msgs/lib/python3.8/site-packages:/opt/ros/galactic/lib/python3.8/site-packages /usr/bin/cmake --build /home/odroid/ros2_thrust_ws/build/dynamixel_sdk_examples -- -j4 -l4
[0.561s] Invoking command in '/home/odroid/ros2_thrust_ws/build/dynamixel_sdk_examples': CMAKE_PREFIX_PATH=/home/odroid/ros2_thrust_ws/install/dynamixel_sdk_custom_interfaces:/home/odroid/ros2_thrust_ws/install/dynamixel_sdk:/home/odroid/ros2_thrust_ws/install/flightstack:/home/odroid/ros2_thrust_ws/install/px4_msgs:/home/odroid/ros2_thrust_ws/install/dynamixel_sdk_examples:/home/odroid/ros2_thrust_ws/install/drone_dynamixel_bridge:/opt/ros/galactic LD_LIBRARY_PATH=/home/odroid/ros2_thrust_ws/install/dynamixel_sdk_custom_interfaces/lib:/home/odroid/ros2_thrust_ws/install/dynamixel_sdk/lib:/home/odroid/ros2_thrust_ws/install/px4_msgs/lib:/opt/ros/galactic/opt/yaml_cpp_vendor/lib:/opt/ros/galactic/lib/aarch64-linux-gnu:/opt/ros/galactic/lib PYTHONPATH=/home/odroid/ros2_thrust_ws/install/dynamixel_sdk_custom_interfaces/lib/python3.8/site-packages:/home/odroid/ros2_thrust_ws/install/px4_msgs/lib/python3.8/site-packages:/opt/ros/galactic/lib/python3.8/site-packages /usr/bin/cmake --install /home/odroid/ros2_thrust_ws/build/dynamixel_sdk_examples
[0.602s] -- Install configuration: ""
[0.606s] -- Up-to-date: /home/odroid/ros2_thrust_ws/install/dynamixel_sdk_examples/lib/dynamixel_sdk_examples/read_write_node
[0.607s] -- Up-to-date: /home/odroid/ros2_thrust_ws/install/dynamixel_sdk_examples/share/ament_index/resource_index/package_run_dependencies/dynamixel_sdk_examples
[0.609s] -- Up-to-date: /home/odroid/ros2_thrust_ws/install/dynamixel_sdk_examples/share/ament_index/resource_index/parent_prefix_path/dynamixel_sdk_examples
[0.613s] -- Up-to-date: /home/odroid/ros2_thrust_ws/install/dynamixel_sdk_examples/share/dynamixel_sdk_examples/environment/ament_prefix_path.sh
[0.616s] -- Up-to-date: /home/odroid/ros2_thrust_ws/install/dynamixel_sdk_examples/share/dynamixel_sdk_examples/environment/ament_prefix_path.dsv
[0.617s] -- Up-to-date: /home/odroid/ros2_thrust_ws/install/dynamixel_sdk_examples/share/dynamixel_sdk_examples/environment/path.sh
[0.636s] -- Up-to-date: /home/odroid/ros2_thrust_ws/install/dynamixel_sdk_examples/share/dynamixel_sdk_examples/environment/path.dsv
[0.639s] -- Up-to-date: /home/odroid/ros2_thrust_ws/install/dynamixel_sdk_examples/share/dynamixel_sdk_examples/local_setup.bash
[0.647s] -- Up-to-date: /home/odroid/ros2_thrust_ws/install/dynamixel_sdk_examples/share/dynamixel_sdk_examples/local_setup.sh
[0.653s] -- Up-to-date: /home/odroid/ros2_thrust_ws/install/dynamixel_sdk_examples/share/dynamixel_sdk_examples/local_setup.zsh
[0.656s] -- Up-to-date: /home/odroid/ros2_thrust_ws/install/dynamixel_sdk_examples/share/dynamixel_sdk_examples/local_setup.dsv
[0.662s] -- Installing: /home/odroid/ros2_thrust_ws/install/dynamixel_sdk_examples/share/dynamixel_sdk_examples/package.dsv
[0.664s] -- Up-to-date: /home/odroid/ros2_thrust_ws/install/dynamixel_sdk_examples/share/ament_index/resource_index/packages/dynamixel_sdk_examples
[0.671s] -- Up-to-date: /home/odroid/ros2_thrust_ws/install/dynamixel_sdk_examples/share/dynamixel_sdk_examples/cmake/dynamixel_sdk_examplesConfig.cmake
[0.673s] -- Up-to-date: /home/odroid/ros2_thrust_ws/install/dynamixel_sdk_examples/share/dynamixel_sdk_examples/cmake/dynamixel_sdk_examplesConfig-version.cmake
[0.683s] -- Up-to-date: /home/odroid/ros2_thrust_ws/install/dynamixel_sdk_examples/share/dynamixel_sdk_examples/package.xml
[0.686s] Invoked command in '/home/odroid/ros2_thrust_ws/build/dynamixel_sdk_examples' returned '0': CMAKE_PREFIX_PATH=/home/odroid/ros2_thrust_ws/install/dynamixel_sdk_custom_interfaces:/home/odroid/ros2_thrust_ws/install/dynamixel_sdk:/home/odroid/ros2_thrust_ws/install/flightstack:/home/odroid/ros2_thrust_ws/install/px4_msgs:/home/odroid/ros2_thrust_ws/install/dynamixel_sdk_examples:/home/odroid/ros2_thrust_ws/install/drone_dynamixel_bridge:/opt/ros/galactic LD_LIBRARY_PATH=/home/odroid/ros2_thrust_ws/install/dynamixel_sdk_custom_interfaces/lib:/home/odroid/ros2_thrust_ws/install/dynamixel_sdk/lib:/home/odroid/ros2_thrust_ws/install/px4_msgs/lib:/opt/ros/galactic/opt/yaml_cpp_vendor/lib:/opt/ros/galactic/lib/aarch64-linux-gnu:/opt/ros/galactic/lib PYTHONPATH=/home/odroid/ros2_thrust_ws/install/dynamixel_sdk_custom_interfaces/lib/python3.8/site-packages:/home/odroid/ros2_thrust_ws/install/px4_msgs/lib/python3.8/site-packages:/opt/ros/galactic/lib/python3.8/site-packages /usr/bin/cmake --install /home/odroid/ros2_thrust_ws/build/dynamixel_sdk_examples
